[0.054s] Invoking command in '/home/franciscoazeredo/OneDrive/Documents/tecnico/4_ano/Robotica/project/ros2_ws/build/ps4_controller': CMAKE_PREFIX_PATH=/opt/ros/humble /usr/bin/cmake /home/franciscoazeredo/OneDrive/Documents/tecnico/4_ano/Robotica/project/ros2_ws/src/ps4_controller -DCMAKE_INSTALL_PREFIX=/home/franciscoazeredo/OneDrive/Documents/tecnico/4_ano/Robotica/project/ros2_ws/install/ps4_controller
[0.126s] -- The C compiler identification is GNU 11.4.0
[0.182s] -- The CXX compiler identification is GNU 11.4.0
[0.191s] -- Detecting C compiler ABI info
[0.254s] -- Detecting C compiler ABI info - done
[0.260s] -- Check for working C compiler: /usr/bin/cc - skipped
[0.260s] -- Detecting C compile features
[0.260s] -- Detecting C compile features - done
[0.264s] -- Detecting CXX compiler ABI info
[0.323s] -- Detecting CXX compiler ABI info - done
[0.328s] -- Check for working CXX compiler: /usr/bin/c++ - skipped
[0.328s] -- Detecting CXX compile features
[0.329s] -- Detecting CXX compile features - done
[0.331s] -- Found ament_cmake: 1.3.6 (/opt/ros/humble/share/ament_cmake/cmake)
[0.577s] -- Found Python3: /usr/bin/python3.10 (found version "3.10.12") found components: Interpreter 
[0.662s] -- Found rosidl_default_generators: 1.2.0 (/opt/ros/humble/share/rosidl_default_generators/cmake)
[0.664s] -- Using all available rosidl_typesupport_c: rosidl_typesupport_fastrtps_c;rosidl_typesupport_introspection_c
[0.669s] -- Found rosidl_adapter: 3.1.5 (/opt/ros/humble/share/rosidl_adapter/cmake)
[0.700s] -- Using all available rosidl_typesupport_cpp: rosidl_typesupport_fastrtps_cpp;rosidl_typesupport_introspection_cpp
[0.835s] [31mCMake Error at /opt/ros/humble/share/rosidl_adapter/cmake/rosidl_adapt_interfaces.cmake:59 (message):
[0.835s]   execute_process(/usr/bin/python3.10 -m rosidl_adapter --package-name
[0.835s]   ps4_controller --arguments-file
[0.835s]   /home/franciscoazeredo/OneDrive/Documents/tecnico/4_ano/Robotica/project/ros2_ws/build/ps4_controller/rosidl_adapter__arguments__ps4_controller.json
[0.835s]   --output-dir
[0.835s]   /home/franciscoazeredo/OneDrive/Documents/tecnico/4_ano/Robotica/project/ros2_ws/build/ps4_controller/rosidl_adapter/ps4_controller
[0.836s]   --output-file
[0.836s]   /home/franciscoazeredo/OneDrive/Documents/tecnico/4_ano/Robotica/project/ros2_ws/build/ps4_controller/rosidl_adapter/ps4_controller.idls)
[0.836s]   returned error code 1:
[0.836s] 
[0.836s]   Traceback (most recent call last):
[0.836s] 
[0.836s]     File "/usr/lib/python3.10/runpy.py", line 196, in _run_module_as_main
[0.836s]       return _run_code(code, main_globals, None,
[0.836s]     File "/usr/lib/python3.10/runpy.py", line 86, in _run_code
[0.836s]       exec(code, run_globals)
[0.836s]     File "/opt/ros/humble/local/lib/python3.10/dist-packages/rosidl_adapter/__main__.py", line 19, in <module>
[0.836s]       sys.exit(main())
[0.836s]     File "/opt/ros/humble/local/lib/python3.10/dist-packages/rosidl_adapter/main.py", line 53, in main
[0.836s]       abs_idl_file = convert_to_idl(
[0.836s]     File "/opt/ros/humble/local/lib/python3.10/dist-packages/rosidl_adapter/__init__.py", line 19, in convert_to_idl
[0.836s]       return convert_msg_to_idl(
[0.836s]     File "/opt/ros/humble/local/lib/python3.10/dist-packages/rosidl_adapter/msg/__init__.py", line 28, in convert_msg_to_idl
[0.836s]       msg = parse_message_string(package_name, input_file.stem, content)
[0.836s]     File "/opt/ros/humble/local/lib/python3.10/dist-packages/rosidl_adapter/parser.py", line 544, in parse_message_string
[0.836s]       msg = MessageSpecification(pkg_name, msg_name, fields, constants)
[0.836s]     File "/opt/ros/humble/local/lib/python3.10/dist-packages/rosidl_adapter/parser.py", line 388, in __init__
[0.836s]       self.base_type = BaseType(
[0.836s]     File "/opt/ros/humble/local/lib/python3.10/dist-packages/rosidl_adapter/parser.py", line 205, in __init__
[0.836s]       raise InvalidResourceName(
[0.836s] 
[0.836s]   rosidl_adapter.parser.InvalidResourceName: 'ps4_controller' is an invalid
[0.837s]   message name.  It should have the pattern '^[A-Z][A-Za-z0-9]*$'
[0.837s] 
[0.837s] Call Stack (most recent call first):
[0.837s]   /opt/ros/humble/share/rosidl_cmake/cmake/rosidl_generate_interfaces.cmake:130 (rosidl_adapt_interfaces)
[0.837s]   CMakeLists.txt:15 (rosidl_generate_interfaces)
[0.837s] 
[0.837s] [0m
[0.837s] -- Configuring incomplete, errors occurred!
[0.837s] See also "/home/franciscoazeredo/OneDrive/Documents/tecnico/4_ano/Robotica/project/ros2_ws/build/ps4_controller/CMakeFiles/CMakeOutput.log".
[0.842s] Invoked command in '/home/franciscoazeredo/OneDrive/Documents/tecnico/4_ano/Robotica/project/ros2_ws/build/ps4_controller' returned '1': CMAKE_PREFIX_PATH=/opt/ros/humble /usr/bin/cmake /home/franciscoazeredo/OneDrive/Documents/tecnico/4_ano/Robotica/project/ros2_ws/src/ps4_controller -DCMAKE_INSTALL_PREFIX=/home/franciscoazeredo/OneDrive/Documents/tecnico/4_ano/Robotica/project/ros2_ws/install/ps4_controller
