/home/franciscoazeredo/OneDrive/Documents/tecnico/4_ano/Robotica/project/ros2_ws/install/robotics_controller/lib/python3.10/site-packages/robotics_controller/serial_tools.py
/home/franciscoazeredo/OneDrive/Documents/tecnico/4_ano/Robotica/project/ros2_ws/install/robotics_controller/lib/python3.10/site-packages/robotics_controller/camera.py
/home/franciscoazeredo/OneDrive/Documents/tecnico/4_ano/Robotica/project/ros2_ws/install/robotics_controller/lib/python3.10/site-packages/robotics_controller/script.py
/home/franciscoazeredo/OneDrive/Documents/tecnico/4_ano/Robotica/project/ros2_ws/install/robotics_controller/lib/python3.10/site-packages/robotics_controller/ps4_controller_subscriber.py
/home/franciscoazeredo/OneDrive/Documents/tecnico/4_ano/Robotica/project/ros2_ws/install/robotics_controller/lib/python3.10/site-packages/robotics_controller/tools.py
/home/franciscoazeredo/OneDrive/Documents/tecnico/4_ano/Robotica/project/ros2_ws/install/robotics_controller/lib/python3.10/site-packages/robotics_controller/robot.py
/home/franciscoazeredo/OneDrive/Documents/tecnico/4_ano/Robotica/project/ros2_ws/install/robotics_controller/lib/python3.10/site-packages/robotics_controller/ps4_controller_publisher.py
/home/franciscoazeredo/OneDrive/Documents/tecnico/4_ano/Robotica/project/ros2_ws/install/robotics_controller/lib/python3.10/site-packages/robotics_controller/__init__.py
/home/franciscoazeredo/OneDrive/Documents/tecnico/4_ano/Robotica/project/ros2_ws/install/robotics_controller/lib/python3.10/site-packages/robotics_controller/gamepad_example.py
/home/franciscoazeredo/OneDrive/Documents/tecnico/4_ano/Robotica/project/ros2_ws/install/robotics_controller/lib/python3.10/site-packages/robotics_controller/__pycache__/serial_tools.cpython-310.pyc
/home/franciscoazeredo/OneDrive/Documents/tecnico/4_ano/Robotica/project/ros2_ws/install/robotics_controller/lib/python3.10/site-packages/robotics_controller/__pycache__/camera.cpython-310.pyc
/home/franciscoazeredo/OneDrive/Documents/tecnico/4_ano/Robotica/project/ros2_ws/install/robotics_controller/lib/python3.10/site-packages/robotics_controller/__pycache__/script.cpython-310.pyc
/home/franciscoazeredo/OneDrive/Documents/tecnico/4_ano/Robotica/project/ros2_ws/install/robotics_controller/lib/python3.10/site-packages/robotics_controller/__pycache__/ps4_controller_subscriber.cpython-310.pyc
/home/franciscoazeredo/OneDrive/Documents/tecnico/4_ano/Robotica/project/ros2_ws/install/robotics_controller/lib/python3.10/site-packages/robotics_controller/__pycache__/tools.cpython-310.pyc
/home/franciscoazeredo/OneDrive/Documents/tecnico/4_ano/Robotica/project/ros2_ws/install/robotics_controller/lib/python3.10/site-packages/robotics_controller/__pycache__/robot.cpython-310.pyc
/home/franciscoazeredo/OneDrive/Documents/tecnico/4_ano/Robotica/project/ros2_ws/install/robotics_controller/lib/python3.10/site-packages/robotics_controller/__pycache__/ps4_controller_publisher.cpython-310.pyc
/home/franciscoazeredo/OneDrive/Documents/tecnico/4_ano/Robotica/project/ros2_ws/install/robotics_controller/lib/python3.10/site-packages/robotics_controller/__pycache__/__init__.cpython-310.pyc
/home/franciscoazeredo/OneDrive/Documents/tecnico/4_ano/Robotica/project/ros2_ws/install/robotics_controller/lib/python3.10/site-packages/robotics_controller/__pycache__/gamepad_example.cpython-310.pyc
/home/franciscoazeredo/OneDrive/Documents/tecnico/4_ano/Robotica/project/ros2_ws/install/robotics_controller/share/ament_index/resource_index/packages/robotics_controller
/home/franciscoazeredo/OneDrive/Documents/tecnico/4_ano/Robotica/project/ros2_ws/install/robotics_controller/share/robotics_controller/package.xml
/home/franciscoazeredo/OneDrive/Documents/tecnico/4_ano/Robotica/project/ros2_ws/install/robotics_controller/lib/python3.10/site-packages/robotics_controller-0.0.0-py3.10.egg-info/requires.txt
/home/franciscoazeredo/OneDrive/Documents/tecnico/4_ano/Robotica/project/ros2_ws/install/robotics_controller/lib/python3.10/site-packages/robotics_controller-0.0.0-py3.10.egg-info/PKG-INFO
/home/franciscoazeredo/OneDrive/Documents/tecnico/4_ano/Robotica/project/ros2_ws/install/robotics_controller/lib/python3.10/site-packages/robotics_controller-0.0.0-py3.10.egg-info/top_level.txt
/home/franciscoazeredo/OneDrive/Documents/tecnico/4_ano/Robotica/project/ros2_ws/install/robotics_controller/lib/python3.10/site-packages/robotics_controller-0.0.0-py3.10.egg-info/SOURCES.txt
/home/franciscoazeredo/OneDrive/Documents/tecnico/4_ano/Robotica/project/ros2_ws/install/robotics_controller/lib/python3.10/site-packages/robotics_controller-0.0.0-py3.10.egg-info/zip-safe
/home/franciscoazeredo/OneDrive/Documents/tecnico/4_ano/Robotica/project/ros2_ws/install/robotics_controller/lib/python3.10/site-packages/robotics_controller-0.0.0-py3.10.egg-info/dependency_links.txt
/home/franciscoazeredo/OneDrive/Documents/tecnico/4_ano/Robotica/project/ros2_ws/install/robotics_controller/lib/python3.10/site-packages/robotics_controller-0.0.0-py3.10.egg-info/entry_points.txt
/home/franciscoazeredo/OneDrive/Documents/tecnico/4_ano/Robotica/project/ros2_ws/install/robotics_controller/lib/robotics_controller/ps4_controller_publisher
/home/franciscoazeredo/OneDrive/Documents/tecnico/4_ano/Robotica/project/ros2_ws/install/robotics_controller/lib/robotics_controller/ps4_controller_subscriber
