running egg_info
writing ../../build/robotics_controller/robotics_controller.egg-info/PKG-INFO
writing dependency_links to ../../build/robotics_controller/robotics_controller.egg-info/dependency_links.txt
writing entry points to ../../build/robotics_controller/robotics_controller.egg-info/entry_points.txt
writing requirements to ../../build/robotics_controller/robotics_controller.egg-info/requires.txt
writing top-level names to ../../build/robotics_controller/robotics_controller.egg-info/top_level.txt
reading manifest file '../../build/robotics_controller/robotics_controller.egg-info/SOURCES.txt'
writing manifest file '../../build/robotics_controller/robotics_controller.egg-info/SOURCES.txt'
running build
running build_py
/usr/lib/python3/dist-packages/setuptools/command/install.py:34: SetuptoolsDeprecationWarning: setup.py install is deprecated. Use build and pip and other standards-based tools.
  warnings.warn(
running install
running install_lib
running install_data
running install_egg_info
removing '/home/franciscoazeredo/OneDrive/Documents/tecnico/4_ano/Robotica/project/ros2_ws/install/robotics_controller/lib/python3.10/site-packages/robotics_controller-0.0.0-py3.10.egg-info' (and everything under it)
Copying ../../build/robotics_controller/robotics_controller.egg-info to /home/franciscoazeredo/OneDrive/Documents/tecnico/4_ano/Robotica/project/ros2_ws/install/robotics_controller/lib/python3.10/site-packages/robotics_controller-0.0.0-py3.10.egg-info
running install_scripts
writing list of installed files to '/home/franciscoazeredo/OneDrive/Documents/tecnico/4_ano/Robotica/project/ros2_ws/build/robotics_controller/install.log'
