[0.510s] Invoking command in '/home/franciscoazeredo/OneDrive/Documents/tecnico/4_ano/Robotica/project/ros2_ws/src/robotics_controller': PYTHONPATH=/home/franciscoazeredo/OneDrive/Documents/tecnico/4_ano/Robotica/project/ros2_ws/build/robotics_controller/prefix_override:/home/franciscoazeredo/OneDrive/Documents/tecnico/4_ano/Robotica/project/ros2_ws/install/robotics_controller/lib/python3.10/site-packages:${PYTHONPATH} /usr/bin/python3 setup.py egg_info --egg-base ../../build/robotics_controller build --build-base /home/franciscoazeredo/OneDrive/Documents/tecnico/4_ano/Robotica/project/ros2_ws/build/robotics_controller/build install --record /home/franciscoazeredo/OneDrive/Documents/tecnico/4_ano/Robotica/project/ros2_ws/build/robotics_controller/install.log --single-version-externally-managed
[0.678s] running egg_info
[0.678s] writing ../../build/robotics_controller/robotics_controller.egg-info/PKG-INFO
[0.678s] writing dependency_links to ../../build/robotics_controller/robotics_controller.egg-info/dependency_links.txt
[0.678s] writing entry points to ../../build/robotics_controller/robotics_controller.egg-info/entry_points.txt
[0.678s] writing requirements to ../../build/robotics_controller/robotics_controller.egg-info/requires.txt
[0.679s] writing top-level names to ../../build/robotics_controller/robotics_controller.egg-info/top_level.txt
[0.680s] reading manifest file '../../build/robotics_controller/robotics_controller.egg-info/SOURCES.txt'
[0.681s] writing manifest file '../../build/robotics_controller/robotics_controller.egg-info/SOURCES.txt'
[0.681s] running build
[0.681s] running build_py
[0.682s] /usr/lib/python3/dist-packages/setuptools/command/install.py:34: SetuptoolsDeprecationWarning: setup.py install is deprecated. Use build and pip and other standards-based tools.
[0.682s]   warnings.warn(
[0.682s] running install
[0.682s] running install_lib
[0.683s] running install_data
[0.684s] running install_egg_info
[0.685s] removing '/home/franciscoazeredo/OneDrive/Documents/tecnico/4_ano/Robotica/project/ros2_ws/install/robotics_controller/lib/python3.10/site-packages/robotics_controller-0.0.0-py3.10.egg-info' (and everything under it)
[0.685s] Copying ../../build/robotics_controller/robotics_controller.egg-info to /home/franciscoazeredo/OneDrive/Documents/tecnico/4_ano/Robotica/project/ros2_ws/install/robotics_controller/lib/python3.10/site-packages/robotics_controller-0.0.0-py3.10.egg-info
[0.686s] running install_scripts
[0.700s] writing list of installed files to '/home/franciscoazeredo/OneDrive/Documents/tecnico/4_ano/Robotica/project/ros2_ws/build/robotics_controller/install.log'
[0.718s] Invoked command in '/home/franciscoazeredo/OneDrive/Documents/tecnico/4_ano/Robotica/project/ros2_ws/src/robotics_controller' returned '0': PYTHONPATH=/home/franciscoazeredo/OneDrive/Documents/tecnico/4_ano/Robotica/project/ros2_ws/build/robotics_controller/prefix_override:/home/franciscoazeredo/OneDrive/Documents/tecnico/4_ano/Robotica/project/ros2_ws/install/robotics_controller/lib/python3.10/site-packages:${PYTHONPATH} /usr/bin/python3 setup.py egg_info --egg-base ../../build/robotics_controller build --build-base /home/franciscoazeredo/OneDrive/Documents/tecnico/4_ano/Robotica/project/ros2_ws/build/robotics_controller/build install --record /home/franciscoazeredo/OneDrive/Documents/tecnico/4_ano/Robotica/project/ros2_ws/build/robotics_controller/install.log --single-version-externally-managed
