[0.555s] DEBUG:colcon:Command line arguments: ['/usr/bin/colcon', 'build', '--packages-select', 'ps4_controller']
[0.555s] DEBUG:colcon:Parsed command line arguments: Namespace(log_base=None, log_level=None, verb_name='build', build_base='build', install_base='install', merge_install=False, symlink_install=False, test_result_base=None, continue_on_error=False, executor='parallel', parallel_workers=20, event_handlers=None, ignore_user_meta=False, metas=['./colcon.meta'], base_paths=['.'], packages_ignore=None, packages_ignore_regex=None, paths=None, packages_up_to=None, packages_up_to_regex=None, packages_above=None, packages_above_and_dependencies=None, packages_above_depth=None, packages_select_by_dep=None, packages_skip_by_dep=None, packages_skip_up_to=None, packages_select_build_failed=False, packages_skip_build_finished=False, packages_select_test_failures=False, packages_skip_test_passed=False, packages_select=['ps4_controller'], packages_skip=None, packages_select_regex=None, packages_skip_regex=None, packages_start=None, packages_end=None, allow_overriding=[], cmake_args=None, cmake_target=None, cmake_target_skip_unavailable=False, cmake_clean_cache=False, cmake_clean_first=False, cmake_force_configure=False, ament_cmake_args=None, catkin_cmake_args=None, catkin_skip_building_tests=False, verb_parser=<colcon_defaults.argument_parser.defaults.DefaultArgumentsDecorator object at 0x7f76bae40b20>, verb_extension=<colcon_core.verb.build.BuildVerb object at 0x7f76bae405e0>, main=<bound method BuildVerb.main of <colcon_core.verb.build.BuildVerb object at 0x7f76bae405e0>>)
[0.586s] Level 1:colcon.colcon_core.package_discovery:discover_packages(colcon_meta) check parameters
[0.586s] Level 1:colcon.colcon_core.package_discovery:discover_packages(recursive) check parameters
[0.586s] Level 1:colcon.colcon_core.package_discovery:discover_packages(ignore) check parameters
[0.586s] Level 1:colcon.colcon_core.package_discovery:discover_packages(path) check parameters
[0.586s] Level 1:colcon.colcon_core.package_discovery:discover_packages(colcon_meta) discover
[0.586s] Level 1:colcon.colcon_core.package_discovery:discover_packages(recursive) discover
[0.586s] INFO:colcon.colcon_core.package_discovery:Crawling recursively for packages in '/home/franciscoazeredo/OneDrive/Documents/tecnico/4_ano/Robotica/project/ros2_ws'
[0.586s] Level 1:colcon.colcon_core.package_identification:_identify(.) by extensions ['ignore', 'ignore_ament_install']
[0.586s] Level 1:colcon.colcon_core.package_identification:_identify(.) by extension 'ignore'
[0.586s] Level 1:colcon.colcon_core.package_identification:_identify(.) by extension 'ignore_ament_install'
[0.586s] Level 1:colcon.colcon_core.package_identification:_identify(.) by extensions ['colcon_pkg']
[0.586s] Level 1:colcon.colcon_core.package_identification:_identify(.) by extension 'colcon_pkg'
[0.586s] Level 1:colcon.colcon_core.package_identification:_identify(.) by extensions ['colcon_meta']
[0.586s] Level 1:colcon.colcon_core.package_identification:_identify(.) by extension 'colcon_meta'
[0.586s] Level 1:colcon.colcon_core.package_identification:_identify(.) by extensions ['ros']
[0.586s] Level 1:colcon.colcon_core.package_identification:_identify(.) by extension 'ros'
[0.594s] Level 1:colcon.colcon_core.package_identification:_identify(.) by extensions ['cmake', 'python']
[0.594s] Level 1:colcon.colcon_core.package_identification:_identify(.) by extension 'cmake'
[0.594s] Level 1:colcon.colcon_core.package_identification:_identify(.) by extension 'python'
[0.594s] Level 1:colcon.colcon_core.package_identification:_identify(.) by extensions ['python_setup_py']
[0.594s] Level 1:colcon.colcon_core.package_identification:_identify(.) by extension 'python_setup_py'
[0.594s] Level 1:colcon.colcon_core.package_identification:_identify(build) by extensions ['ignore', 'ignore_ament_install']
[0.594s] Level 1:colcon.colcon_core.package_identification:_identify(build) by extension 'ignore'
[0.594s] Level 1:colcon.colcon_core.package_identification:_identify(build) ignored
[0.594s] Level 1:colcon.colcon_core.package_identification:_identify(install) by extensions ['ignore', 'ignore_ament_install']
[0.594s] Level 1:colcon.colcon_core.package_identification:_identify(install) by extension 'ignore'
[0.594s] Level 1:colcon.colcon_core.package_identification:_identify(install) ignored
[0.594s] Level 1:colcon.colcon_core.package_identification:_identify(log) by extensions ['ignore', 'ignore_ament_install']
[0.594s] Level 1:colcon.colcon_core.package_identification:_identify(log) by extension 'ignore'
[0.595s] Level 1:colcon.colcon_core.package_identification:_identify(log) ignored
[0.595s] Level 1:colcon.colcon_core.package_identification:_identify(src) by extensions ['ignore', 'ignore_ament_install']
[0.595s] Level 1:colcon.colcon_core.package_identification:_identify(src) by extension 'ignore'
[0.595s] Level 1:colcon.colcon_core.package_identification:_identify(src) by extension 'ignore_ament_install'
[0.595s] Level 1:colcon.colcon_core.package_identification:_identify(src) by extensions ['colcon_pkg']
[0.595s] Level 1:colcon.colcon_core.package_identification:_identify(src) by extension 'colcon_pkg'
[0.595s] Level 1:colcon.colcon_core.package_identification:_identify(src) by extensions ['colcon_meta']
[0.595s] Level 1:colcon.colcon_core.package_identification:_identify(src) by extension 'colcon_meta'
[0.595s] Level 1:colcon.colcon_core.package_identification:_identify(src) by extensions ['ros']
[0.595s] Level 1:colcon.colcon_core.package_identification:_identify(src) by extension 'ros'
[0.595s] Level 1:colcon.colcon_core.package_identification:_identify(src) by extensions ['cmake', 'python']
[0.595s] Level 1:colcon.colcon_core.package_identification:_identify(src) by extension 'cmake'
[0.595s] Level 1:colcon.colcon_core.package_identification:_identify(src) by extension 'python'
[0.595s] Level 1:colcon.colcon_core.package_identification:_identify(src) by extensions ['python_setup_py']
[0.595s] Level 1:colcon.colcon_core.package_identification:_identify(src) by extension 'python_setup_py'
[0.595s] Level 1:colcon.colcon_core.package_identification:_identify(src/ps4_controller) by extensions ['ignore', 'ignore_ament_install']
[0.595s] Level 1:colcon.colcon_core.package_identification:_identify(src/ps4_controller) by extension 'ignore'
[0.595s] Level 1:colcon.colcon_core.package_identification:_identify(src/ps4_controller) by extension 'ignore_ament_install'
[0.595s] Level 1:colcon.colcon_core.package_identification:_identify(src/ps4_controller) by extensions ['colcon_pkg']
[0.595s] Level 1:colcon.colcon_core.package_identification:_identify(src/ps4_controller) by extension 'colcon_pkg'
[0.595s] Level 1:colcon.colcon_core.package_identification:_identify(src/ps4_controller) by extensions ['colcon_meta']
[0.595s] Level 1:colcon.colcon_core.package_identification:_identify(src/ps4_controller) by extension 'colcon_meta'
[0.595s] Level 1:colcon.colcon_core.package_identification:_identify(src/ps4_controller) by extensions ['ros']
[0.595s] Level 1:colcon.colcon_core.package_identification:_identify(src/ps4_controller) by extension 'ros'
[0.596s] DEBUG:colcon.colcon_core.package_identification:Package 'src/ps4_controller' with type 'ros.ament_cmake' and name 'ps4_controller'
[0.596s] Level 1:colcon.colcon_core.package_identification:_identify(src/robotics_controller) by extensions ['ignore', 'ignore_ament_install']
[0.596s] Level 1:colcon.colcon_core.package_identification:_identify(src/robotics_controller) by extension 'ignore'
[0.596s] Level 1:colcon.colcon_core.package_identification:_identify(src/robotics_controller) by extension 'ignore_ament_install'
[0.596s] Level 1:colcon.colcon_core.package_identification:_identify(src/robotics_controller) by extensions ['colcon_pkg']
[0.596s] Level 1:colcon.colcon_core.package_identification:_identify(src/robotics_controller) by extension 'colcon_pkg'
[0.596s] Level 1:colcon.colcon_core.package_identification:_identify(src/robotics_controller) by extensions ['colcon_meta']
[0.596s] Level 1:colcon.colcon_core.package_identification:_identify(src/robotics_controller) by extension 'colcon_meta'
[0.596s] Level 1:colcon.colcon_core.package_identification:_identify(src/robotics_controller) by extensions ['ros']
[0.596s] Level 1:colcon.colcon_core.package_identification:_identify(src/robotics_controller) by extension 'ros'
[0.597s] DEBUG:colcon.colcon_core.package_identification:Package 'src/robotics_controller' with type 'ros.ament_python' and name 'robotics_controller'
[0.597s] Level 1:colcon.colcon_core.package_identification:_identify(src/stash) by extensions ['ignore', 'ignore_ament_install']
[0.597s] Level 1:colcon.colcon_core.package_identification:_identify(src/stash) by extension 'ignore'
[0.597s] Level 1:colcon.colcon_core.package_identification:_identify(src/stash) by extension 'ignore_ament_install'
[0.597s] Level 1:colcon.colcon_core.package_identification:_identify(src/stash) by extensions ['colcon_pkg']
[0.597s] Level 1:colcon.colcon_core.package_identification:_identify(src/stash) by extension 'colcon_pkg'
[0.597s] Level 1:colcon.colcon_core.package_identification:_identify(src/stash) by extensions ['colcon_meta']
[0.597s] Level 1:colcon.colcon_core.package_identification:_identify(src/stash) by extension 'colcon_meta'
[0.597s] Level 1:colcon.colcon_core.package_identification:_identify(src/stash) by extensions ['ros']
[0.597s] Level 1:colcon.colcon_core.package_identification:_identify(src/stash) by extension 'ros'
[0.597s] Level 1:colcon.colcon_core.package_identification:_identify(src/stash) by extensions ['cmake', 'python']
[0.597s] Level 1:colcon.colcon_core.package_identification:_identify(src/stash) by extension 'cmake'
[0.597s] Level 1:colcon.colcon_core.package_identification:_identify(src/stash) by extension 'python'
[0.597s] Level 1:colcon.colcon_core.package_identification:_identify(src/stash) by extensions ['python_setup_py']
[0.597s] Level 1:colcon.colcon_core.package_identification:_identify(src/stash) by extension 'python_setup_py'
[0.597s] Level 1:colcon.colcon_core.package_identification:_identify(src/stash/robotics_controller) by extensions ['ignore', 'ignore_ament_install']
[0.597s] Level 1:colcon.colcon_core.package_identification:_identify(src/stash/robotics_controller) by extension 'ignore'
[0.597s] Level 1:colcon.colcon_core.package_identification:_identify(src/stash/robotics_controller) by extension 'ignore_ament_install'
[0.597s] Level 1:colcon.colcon_core.package_identification:_identify(src/stash/robotics_controller) by extensions ['colcon_pkg']
[0.597s] Level 1:colcon.colcon_core.package_identification:_identify(src/stash/robotics_controller) by extension 'colcon_pkg'
[0.597s] Level 1:colcon.colcon_core.package_identification:_identify(src/stash/robotics_controller) by extensions ['colcon_meta']
[0.597s] Level 1:colcon.colcon_core.package_identification:_identify(src/stash/robotics_controller) by extension 'colcon_meta'
[0.597s] Level 1:colcon.colcon_core.package_identification:_identify(src/stash/robotics_controller) by extensions ['ros']
[0.597s] Level 1:colcon.colcon_core.package_identification:_identify(src/stash/robotics_controller) by extension 'ros'
[0.597s] Level 1:colcon.colcon_core.package_identification:_identify(src/stash/robotics_controller) by extensions ['cmake', 'python']
[0.597s] Level 1:colcon.colcon_core.package_identification:_identify(src/stash/robotics_controller) by extension 'cmake'
[0.597s] Level 1:colcon.colcon_core.package_identification:_identify(src/stash/robotics_controller) by extension 'python'
[0.597s] Level 1:colcon.colcon_core.package_identification:_identify(src/stash/robotics_controller) by extensions ['python_setup_py']
[0.597s] Level 1:colcon.colcon_core.package_identification:_identify(src/stash/robotics_controller) by extension 'python_setup_py'
[0.597s] Level 1:colcon.colcon_core.package_identification:_identify(src/tutorial_interfaces) by extensions ['ignore', 'ignore_ament_install']
[0.597s] Level 1:colcon.colcon_core.package_identification:_identify(src/tutorial_interfaces) by extension 'ignore'
[0.598s] Level 1:colcon.colcon_core.package_identification:_identify(src/tutorial_interfaces) by extension 'ignore_ament_install'
[0.598s] Level 1:colcon.colcon_core.package_identification:_identify(src/tutorial_interfaces) by extensions ['colcon_pkg']
[0.598s] Level 1:colcon.colcon_core.package_identification:_identify(src/tutorial_interfaces) by extension 'colcon_pkg'
[0.598s] Level 1:colcon.colcon_core.package_identification:_identify(src/tutorial_interfaces) by extensions ['colcon_meta']
[0.598s] Level 1:colcon.colcon_core.package_identification:_identify(src/tutorial_interfaces) by extension 'colcon_meta'
[0.598s] Level 1:colcon.colcon_core.package_identification:_identify(src/tutorial_interfaces) by extensions ['ros']
[0.598s] Level 1:colcon.colcon_core.package_identification:_identify(src/tutorial_interfaces) by extension 'ros'
[0.598s] DEBUG:colcon.colcon_core.package_identification:Package 'src/tutorial_interfaces' with type 'ros.ament_cmake' and name 'tutorial_interfaces'
[0.598s] Level 1:colcon.colcon_core.package_discovery:discover_packages(recursive) using defaults
[0.598s] Level 1:colcon.colcon_core.package_discovery:discover_packages(ignore) discover
[0.598s] Level 1:colcon.colcon_core.package_discovery:discover_packages(ignore) using defaults
[0.598s] Level 1:colcon.colcon_core.package_discovery:discover_packages(path) discover
[0.598s] Level 1:colcon.colcon_core.package_discovery:discover_packages(path) using defaults
[0.635s] INFO:colcon.colcon_core.package_selection:Skipping not selected package 'robotics_controller' in 'src/robotics_controller'
[0.635s] INFO:colcon.colcon_core.package_selection:Skipping not selected package 'tutorial_interfaces' in 'src/tutorial_interfaces'
[0.652s] Level 1:colcon.colcon_core.package_discovery:discover_packages(prefix_path) check parameters
[0.652s] Level 1:colcon.colcon_core.package_discovery:discover_packages(prefix_path) discover
[0.669s] DEBUG:colcon.colcon_installed_package_information.package_discovery:Found 4 installed packages in /home/franciscoazeredo/OneDrive/Documents/tecnico/4_ano/Robotica/project/ros2_ws/install
[0.678s] DEBUG:colcon.colcon_installed_package_information.package_discovery:Found 295 installed packages in /opt/ros/iron
[0.687s] DEBUG:colcon.colcon_installed_package_information.package_discovery:Found 270 installed packages in /opt/ros/humble
[0.691s] Level 1:colcon.colcon_core.package_discovery:discover_packages(prefix_path) using defaults
[0.754s] Level 5:colcon.colcon_core.verb:set package 'ps4_controller' build argument 'cmake_args' from command line to 'None'
[0.754s] Level 5:colcon.colcon_core.verb:set package 'ps4_controller' build argument 'cmake_target' from command line to 'None'
[0.754s] Level 5:colcon.colcon_core.verb:set package 'ps4_controller' build argument 'cmake_target_skip_unavailable' from command line to 'False'
[0.754s] Level 5:colcon.colcon_core.verb:set package 'ps4_controller' build argument 'cmake_clean_cache' from command line to 'False'
[0.754s] Level 5:colcon.colcon_core.verb:set package 'ps4_controller' build argument 'cmake_clean_first' from command line to 'False'
[0.754s] Level 5:colcon.colcon_core.verb:set package 'ps4_controller' build argument 'cmake_force_configure' from command line to 'False'
[0.754s] Level 5:colcon.colcon_core.verb:set package 'ps4_controller' build argument 'ament_cmake_args' from command line to 'None'
[0.754s] Level 5:colcon.colcon_core.verb:set package 'ps4_controller' build argument 'catkin_cmake_args' from command line to 'None'
[0.754s] Level 5:colcon.colcon_core.verb:set package 'ps4_controller' build argument 'catkin_skip_building_tests' from command line to 'False'
[0.754s] DEBUG:colcon.colcon_core.verb:Building package 'ps4_controller' with the following arguments: {'ament_cmake_args': None, 'build_base': '/home/franciscoazeredo/OneDrive/Documents/tecnico/4_ano/Robotica/project/ros2_ws/build/ps4_controller', 'catkin_cmake_args': None, 'catkin_skip_building_tests': False, 'cmake_args': None, 'cmake_clean_cache': False, 'cmake_clean_first': False, 'cmake_force_configure': False, 'cmake_target': None, 'cmake_target_skip_unavailable': False, 'install_base': '/home/franciscoazeredo/OneDrive/Documents/tecnico/4_ano/Robotica/project/ros2_ws/install/ps4_controller', 'merge_install': False, 'path': '/home/franciscoazeredo/OneDrive/Documents/tecnico/4_ano/Robotica/project/ros2_ws/src/ps4_controller', 'symlink_install': False, 'test_result_base': None}
[0.763s] INFO:colcon.colcon_core.executor:Executing jobs using 'parallel' executor
[0.771s] DEBUG:colcon.colcon_parallel_executor.executor.parallel:run_until_complete
[0.772s] INFO:colcon.colcon_ros.task.ament_cmake.build:Building ROS package in '/home/franciscoazeredo/OneDrive/Documents/tecnico/4_ano/Robotica/project/ros2_ws/src/ps4_controller' with build type 'ament_cmake'
[0.772s] INFO:colcon.colcon_cmake.task.cmake.build:Building CMake package in '/home/franciscoazeredo/OneDrive/Documents/tecnico/4_ano/Robotica/project/ros2_ws/src/ps4_controller'
[0.782s] INFO:colcon.colcon_core.plugin_system:Skipping extension 'colcon_core.shell.bat': Not used on non-Windows systems
[0.782s] INFO:colcon.colcon_core.shell:Skip shell extension 'powershell' for command environment: Not usable outside of PowerShell
[0.782s] DEBUG:colcon.colcon_core.shell:Skip shell extension 'dsv' for command environment
[0.821s] DEBUG:colcon.colcon_core.event_handler.log_command:Invoking command in '/home/franciscoazeredo/OneDrive/Documents/tecnico/4_ano/Robotica/project/ros2_ws/build/ps4_controller': CMAKE_PREFIX_PATH=${CMAKE_PREFIX_PATH}:/home/franciscoazeredo/OneDrive/Documents/tecnico/4_ano/Robotica/project/ros2_ws/install/robotics_controller:/opt/ros/iron:/opt/ros/humble /usr/bin/cmake --build /home/franciscoazeredo/OneDrive/Documents/tecnico/4_ano/Robotica/project/ros2_ws/build/ps4_controller -- -j20 -l20
[1.519s] DEBUG:colcon.colcon_core.event_handler.log_command:Invoked command in '/home/franciscoazeredo/OneDrive/Documents/tecnico/4_ano/Robotica/project/ros2_ws/build/ps4_controller' returned '2': CMAKE_PREFIX_PATH=${CMAKE_PREFIX_PATH}:/home/franciscoazeredo/OneDrive/Documents/tecnico/4_ano/Robotica/project/ros2_ws/install/robotics_controller:/opt/ros/iron:/opt/ros/humble /usr/bin/cmake --build /home/franciscoazeredo/OneDrive/Documents/tecnico/4_ano/Robotica/project/ros2_ws/build/ps4_controller -- -j20 -l20
[1.562s] Level 1:colcon.colcon_core.environment:create_environment_scripts_only(ps4_controller)
[1.572s] Level 1:colcon.colcon_core.environment:checking '/home/franciscoazeredo/OneDrive/Documents/tecnico/4_ano/Robotica/project/ros2_ws/install/ps4_controller' for CMake module files
[1.572s] Level 1:colcon.colcon_core.environment:checking '/home/franciscoazeredo/OneDrive/Documents/tecnico/4_ano/Robotica/project/ros2_ws/install/ps4_controller' for CMake config files
[1.572s] Level 1:colcon.colcon_core.shell:create_environment_hook('ps4_controller', 'cmake_prefix_path')
[1.582s] INFO:colcon.colcon_core.shell:Creating environment hook '/home/franciscoazeredo/OneDrive/Documents/tecnico/4_ano/Robotica/project/ros2_ws/install/ps4_controller/share/ps4_controller/hook/cmake_prefix_path.ps1'
[1.582s] INFO:colcon.colcon_core.shell:Creating environment descriptor '/home/franciscoazeredo/OneDrive/Documents/tecnico/4_ano/Robotica/project/ros2_ws/install/ps4_controller/share/ps4_controller/hook/cmake_prefix_path.dsv'
[1.582s] INFO:colcon.colcon_core.shell:Creating environment hook '/home/franciscoazeredo/OneDrive/Documents/tecnico/4_ano/Robotica/project/ros2_ws/install/ps4_controller/share/ps4_controller/hook/cmake_prefix_path.sh'
[1.583s] Level 1:colcon.colcon_core.environment:checking '/home/franciscoazeredo/OneDrive/Documents/tecnico/4_ano/Robotica/project/ros2_ws/install/ps4_controller/lib'
[1.583s] Level 1:colcon.colcon_core.shell:create_environment_hook('ps4_controller', 'ld_library_path_lib')
[1.592s] INFO:colcon.colcon_core.shell:Creating environment hook '/home/franciscoazeredo/OneDrive/Documents/tecnico/4_ano/Robotica/project/ros2_ws/install/ps4_controller/share/ps4_controller/hook/ld_library_path_lib.ps1'
[1.592s] INFO:colcon.colcon_core.shell:Creating environment descriptor '/home/franciscoazeredo/OneDrive/Documents/tecnico/4_ano/Robotica/project/ros2_ws/install/ps4_controller/share/ps4_controller/hook/ld_library_path_lib.dsv'
[1.592s] INFO:colcon.colcon_core.shell:Creating environment hook '/home/franciscoazeredo/OneDrive/Documents/tecnico/4_ano/Robotica/project/ros2_ws/install/ps4_controller/share/ps4_controller/hook/ld_library_path_lib.sh'
[1.592s] Level 1:colcon.colcon_core.environment:checking '/home/franciscoazeredo/OneDrive/Documents/tecnico/4_ano/Robotica/project/ros2_ws/install/ps4_controller/bin'
[1.592s] Level 1:colcon.colcon_core.environment:checking '/home/franciscoazeredo/OneDrive/Documents/tecnico/4_ano/Robotica/project/ros2_ws/install/ps4_controller/lib/pkgconfig/ps4_controller.pc'
[1.592s] Level 1:colcon.colcon_core.environment:checking '/home/franciscoazeredo/OneDrive/Documents/tecnico/4_ano/Robotica/project/ros2_ws/install/ps4_controller/lib/python3.10/site-packages'
[1.592s] Level 1:colcon.colcon_core.environment:checking '/home/franciscoazeredo/OneDrive/Documents/tecnico/4_ano/Robotica/project/ros2_ws/install/ps4_controller/bin'
[1.601s] INFO:colcon.colcon_core.shell:Creating package script '/home/franciscoazeredo/OneDrive/Documents/tecnico/4_ano/Robotica/project/ros2_ws/install/ps4_controller/share/ps4_controller/package.ps1'
[1.602s] INFO:colcon.colcon_core.shell:Creating package descriptor '/home/franciscoazeredo/OneDrive/Documents/tecnico/4_ano/Robotica/project/ros2_ws/install/ps4_controller/share/ps4_controller/package.dsv'
[1.602s] INFO:colcon.colcon_core.shell:Creating package script '/home/franciscoazeredo/OneDrive/Documents/tecnico/4_ano/Robotica/project/ros2_ws/install/ps4_controller/share/ps4_controller/package.sh'
[1.602s] INFO:colcon.colcon_core.shell:Creating package script '/home/franciscoazeredo/OneDrive/Documents/tecnico/4_ano/Robotica/project/ros2_ws/install/ps4_controller/share/ps4_controller/package.bash'
[1.603s] INFO:colcon.colcon_core.shell:Creating package script '/home/franciscoazeredo/OneDrive/Documents/tecnico/4_ano/Robotica/project/ros2_ws/install/ps4_controller/share/ps4_controller/package.zsh'
[1.603s] Level 1:colcon.colcon_core.environment:create_file_with_runtime_dependencies(/home/franciscoazeredo/OneDrive/Documents/tecnico/4_ano/Robotica/project/ros2_ws/install/ps4_controller/share/colcon-core/packages/ps4_controller)
[1.613s] DEBUG:colcon.colcon_parallel_executor.executor.parallel:closing loop
[1.613s] DEBUG:colcon.colcon_parallel_executor.executor.parallel:loop closed
[1.613s] DEBUG:colcon.colcon_parallel_executor.executor.parallel:run_until_complete finished with '2'
[1.614s] DEBUG:colcon.colcon_core.event_reactor:joining thread
[1.631s] INFO:colcon.colcon_core.plugin_system:Skipping extension 'colcon_notification.desktop_notification.terminal_notifier': Not used on non-Darwin systems
[1.632s] INFO:colcon.colcon_core.plugin_system:Skipping extension 'colcon_notification.desktop_notification.win32': Not used on non-Windows systems
[1.632s] INFO:colcon.colcon_notification.desktop_notification:Sending desktop notification using 'notify2'
[1.643s] DEBUG:colcon.colcon_core.event_reactor:joined thread
[1.654s] INFO:colcon.colcon_core.shell:Creating prefix script '/home/franciscoazeredo/OneDrive/Documents/tecnico/4_ano/Robotica/project/ros2_ws/install/local_setup.ps1'
[1.654s] INFO:colcon.colcon_core.shell:Creating prefix util module '/home/franciscoazeredo/OneDrive/Documents/tecnico/4_ano/Robotica/project/ros2_ws/install/_local_setup_util_ps1.py'
[1.655s] INFO:colcon.colcon_core.shell:Creating prefix chain script '/home/franciscoazeredo/OneDrive/Documents/tecnico/4_ano/Robotica/project/ros2_ws/install/setup.ps1'
[1.664s] INFO:colcon.colcon_core.shell:Creating prefix script '/home/franciscoazeredo/OneDrive/Documents/tecnico/4_ano/Robotica/project/ros2_ws/install/local_setup.sh'
[1.664s] INFO:colcon.colcon_core.shell:Creating prefix util module '/home/franciscoazeredo/OneDrive/Documents/tecnico/4_ano/Robotica/project/ros2_ws/install/_local_setup_util_sh.py'
[1.665s] INFO:colcon.colcon_core.shell:Creating prefix chain script '/home/franciscoazeredo/OneDrive/Documents/tecnico/4_ano/Robotica/project/ros2_ws/install/setup.sh'
[1.674s] INFO:colcon.colcon_core.shell:Creating prefix script '/home/franciscoazeredo/OneDrive/Documents/tecnico/4_ano/Robotica/project/ros2_ws/install/local_setup.bash'
[1.674s] INFO:colcon.colcon_core.shell:Creating prefix chain script '/home/franciscoazeredo/OneDrive/Documents/tecnico/4_ano/Robotica/project/ros2_ws/install/setup.bash'
[1.683s] INFO:colcon.colcon_core.shell:Creating prefix script '/home/franciscoazeredo/OneDrive/Documents/tecnico/4_ano/Robotica/project/ros2_ws/install/local_setup.zsh'
[1.683s] INFO:colcon.colcon_core.shell:Creating prefix chain script '/home/franciscoazeredo/OneDrive/Documents/tecnico/4_ano/Robotica/project/ros2_ws/install/setup.zsh'
