[0.046s] Invoking command in '/home/franciscoazeredo/OneDrive/Documents/tecnico/4_ano/Robotica/project/ros2_ws/build/ps4_controller': CMAKE_PREFIX_PATH=/opt/ros/humble /usr/bin/cmake /home/franciscoazeredo/OneDrive/Documents/tecnico/4_ano/Robotica/project/ros2_ws/src/ps4_controller -DCMAKE_INSTALL_PREFIX=/home/franciscoazeredo/OneDrive/Documents/tecnico/4_ano/Robotica/project/ros2_ws/install/ps4_controller
[0.055s] -- Found ament_cmake: 1.3.6 (/opt/ros/humble/share/ament_cmake/cmake)
[0.156s] -- Found rosidl_default_generators: 1.2.0 (/opt/ros/humble/share/rosidl_default_generators/cmake)
[0.157s] -- Using all available rosidl_typesupport_c: rosidl_typesupport_fastrtps_c;rosidl_typesupport_introspection_c
[0.159s] -- Found rosidl_adapter: 3.1.5 (/opt/ros/humble/share/rosidl_adapter/cmake)
[0.178s] -- Using all available rosidl_typesupport_cpp: rosidl_typesupport_fastrtps_cpp;rosidl_typesupport_introspection_cpp
[0.314s] [31mCMake Error at /opt/ros/humble/share/rosidl_adapter/cmake/rosidl_adapt_interfaces.cmake:59 (message):
[0.314s]   execute_process(/usr/bin/python3.10 -m rosidl_adapter --package-name
[0.314s]   ps4_controller --arguments-file
[0.314s]   /home/franciscoazeredo/OneDrive/Documents/tecnico/4_ano/Robotica/project/ros2_ws/build/ps4_controller/rosidl_adapter__arguments__ps4_controller.json
[0.314s]   --output-dir
[0.314s]   /home/franciscoazeredo/OneDrive/Documents/tecnico/4_ano/Robotica/project/ros2_ws/build/ps4_controller/rosidl_adapter/ps4_controller
[0.314s]   --output-file
[0.314s]   /home/franciscoazeredo/OneDrive/Documents/tecnico/4_ano/Robotica/project/ros2_ws/build/ps4_controller/rosidl_adapter/ps4_controller.idls)
[0.314s]   returned error code 1:
[0.314s] 
[0.315s]   Traceback (most recent call last):
[0.315s] 
[0.315s]     File "/usr/lib/python3.10/runpy.py", line 196, in _run_module_as_main
[0.315s]       return _run_code(code, main_globals, None,
[0.315s]     File "/usr/lib/python3.10/runpy.py", line 86, in _run_code
[0.315s]       exec(code, run_globals)
[0.315s]     File "/opt/ros/humble/local/lib/python3.10/dist-packages/rosidl_adapter/__main__.py", line 19, in <module>
[0.315s]       sys.exit(main())
[0.315s]     File "/opt/ros/humble/local/lib/python3.10/dist-packages/rosidl_adapter/main.py", line 53, in main
[0.315s]       abs_idl_file = convert_to_idl(
[0.316s]     File "/opt/ros/humble/local/lib/python3.10/dist-packages/rosidl_adapter/__init__.py", line 19, in convert_to_idl
[0.316s]       return convert_msg_to_idl(
[0.316s]     File "/opt/ros/humble/local/lib/python3.10/dist-packages/rosidl_adapter/msg/__init__.py", line 28, in convert_msg_to_idl
[0.316s]       msg = parse_message_string(package_name, input_file.stem, content)
[0.316s]     File "/opt/ros/humble/local/lib/python3.10/dist-packages/rosidl_adapter/parser.py", line 544, in parse_message_string
[0.316s]       msg = MessageSpecification(pkg_name, msg_name, fields, constants)
[0.316s]     File "/opt/ros/humble/local/lib/python3.10/dist-packages/rosidl_adapter/parser.py", line 388, in __init__
[0.316s]       self.base_type = BaseType(
[0.316s]     File "/opt/ros/humble/local/lib/python3.10/dist-packages/rosidl_adapter/parser.py", line 205, in __init__
[0.316s]       raise InvalidResourceName(
[0.316s] 
[0.316s]   rosidl_adapter.parser.InvalidResourceName: 'Ps4_controller' is an invalid
[0.317s]   message name.  It should have the pattern '^[A-Z][A-Za-z0-9]*$'
[0.317s] 
[0.317s] Call Stack (most recent call first):
[0.317s]   /opt/ros/humble/share/rosidl_cmake/cmake/rosidl_generate_interfaces.cmake:130 (rosidl_adapt_interfaces)
[0.317s]   CMakeLists.txt:15 (rosidl_generate_interfaces)
[0.317s] 
[0.317s] [0m
[0.317s] -- Configuring incomplete, errors occurred!
[0.317s] See also "/home/franciscoazeredo/OneDrive/Documents/tecnico/4_ano/Robotica/project/ros2_ws/build/ps4_controller/CMakeFiles/CMakeOutput.log".
[0.320s] Invoked command in '/home/franciscoazeredo/OneDrive/Documents/tecnico/4_ano/Robotica/project/ros2_ws/build/ps4_controller' returned '1': CMAKE_PREFIX_PATH=/opt/ros/humble /usr/bin/cmake /home/franciscoazeredo/OneDrive/Documents/tecnico/4_ano/Robotica/project/ros2_ws/src/ps4_controller -DCMAKE_INSTALL_PREFIX=/home/franciscoazeredo/OneDrive/Documents/tecnico/4_ano/Robotica/project/ros2_ws/install/ps4_controller
