running egg_info
writing ../../build/robotics_controller/robotics_controller.egg-info/PKG-INFO
writing dependency_links to ../../build/robotics_controller/robotics_controller.egg-info/dependency_links.txt
writing requirements to ../../build/robotics_controller/robotics_controller.egg-info/requires.txt
writing top-level names to ../../build/robotics_controller/robotics_controller.egg-info/top_level.txt
reading manifest file '../../build/robotics_controller/robotics_controller.egg-info/SOURCES.txt'
writing manifest file '../../build/robotics_controller/robotics_controller.egg-info/SOURCES.txt'
running build
running build_py
copying robotics_controller/serial_tools.py -> /home/franciscoazeredo/OneDrive/Documents/tecnico/4_ano/Robotica/project/ros2_ws/build/robotics_controller/build/lib/robotics_controller
copying robotics_controller/camera.py -> /home/franciscoazeredo/OneDrive/Documents/tecnico/4_ano/Robotica/project/ros2_ws/build/robotics_controller/build/lib/robotics_controller
copying robotics_controller/script.py -> /home/franciscoazeredo/OneDrive/Documents/tecnico/4_ano/Robotica/project/ros2_ws/build/robotics_controller/build/lib/robotics_controller
copying robotics_controller/ps4_controller_subscriber.py -> /home/franciscoazeredo/OneDrive/Documents/tecnico/4_ano/Robotica/project/ros2_ws/build/robotics_controller/build/lib/robotics_controller
copying robotics_controller/tools.py -> /home/franciscoazeredo/OneDrive/Documents/tecnico/4_ano/Robotica/project/ros2_ws/build/robotics_controller/build/lib/robotics_controller
copying robotics_controller/robot.py -> /home/franciscoazeredo/OneDrive/Documents/tecnico/4_ano/Robotica/project/ros2_ws/build/robotics_controller/build/lib/robotics_controller
copying robotics_controller/ps4_controller_publisher.py -> /home/franciscoazeredo/OneDrive/Documents/tecnico/4_ano/Robotica/project/ros2_ws/build/robotics_controller/build/lib/robotics_controller
copying robotics_controller/__init__.py -> /home/franciscoazeredo/OneDrive/Documents/tecnico/4_ano/Robotica/project/ros2_ws/build/robotics_controller/build/lib/robotics_controller
copying robotics_controller/gamepad_example.py -> /home/franciscoazeredo/OneDrive/Documents/tecnico/4_ano/Robotica/project/ros2_ws/build/robotics_controller/build/lib/robotics_controller
running install
/home/franciscoazeredo/.local/lib/python3.10/site-packages/setuptools/_distutils/cmd.py:66: SetuptoolsDeprecationWarning: setup.py install is deprecated.
!!

        ********************************************************************************
        Please avoid running ``setup.py`` directly.
        Instead, use pypa/build, pypa/installer or other
        standards-based tools.

        See https://blog.ganssle.io/articles/2021/10/setup-py-deprecated.html for details.
        ********************************************************************************

!!
  self.initialize_options()
running install_lib
running install_data
copying resource/robotics_controller -> /home/franciscoazeredo/OneDrive/Documents/tecnico/4_ano/Robotica/project/ros2_ws/install/robotics_controller/share/ament_index/resource_index/packages
copying package.xml -> /home/franciscoazeredo/OneDrive/Documents/tecnico/4_ano/Robotica/project/ros2_ws/install/robotics_controller/share/robotics_controller
running install_egg_info
removing '/home/franciscoazeredo/OneDrive/Documents/tecnico/4_ano/Robotica/project/ros2_ws/install/robotics_controller/lib/python3.10/site-packages/robotics_controller-0.0.0-py3.10.egg-info' (and everything under it)
Copying ../../build/robotics_controller/robotics_controller.egg-info to /home/franciscoazeredo/OneDrive/Documents/tecnico/4_ano/Robotica/project/ros2_ws/install/robotics_controller/lib/python3.10/site-packages/robotics_controller-0.0.0-py3.10.egg-info
running install_scripts
writing list of installed files to '/home/franciscoazeredo/OneDrive/Documents/tecnico/4_ano/Robotica/project/ros2_ws/build/robotics_controller/install.log'
