[0.049s] Invoking command in '/home/franciscoazeredo/OneDrive/Documents/tecnico/4_ano/Robotica/project/ros2_ws/build/ps4_controller': CMAKE_PREFIX_PATH=/opt/ros/humble /usr/bin/cmake /home/franciscoazeredo/OneDrive/Documents/tecnico/4_ano/Robotica/project/ros2_ws/src/ps4_controller -DCMAKE_INSTALL_PREFIX=/home/franciscoazeredo/OneDrive/Documents/tecnico/4_ano/Robotica/project/ros2_ws/install/ps4_controller
[0.060s] -- Found ament_cmake: 1.3.6 (/opt/ros/humble/share/ament_cmake/cmake)
[0.160s] -- Found rosidl_default_generators: 1.2.0 (/opt/ros/humble/share/rosidl_default_generators/cmake)
[0.161s] -- Using all available rosidl_typesupport_c: rosidl_typesupport_fastrtps_c;rosidl_typesupport_introspection_c
[0.163s] -- Found rosidl_adapter: 3.1.5 (/opt/ros/humble/share/rosidl_adapter/cmake)
[0.182s] -- Using all available rosidl_typesupport_cpp: rosidl_typesupport_fastrtps_cpp;rosidl_typesupport_introspection_cpp
[0.373s] -- Found ament_cmake_ros: 0.10.0 (/opt/ros/humble/share/ament_cmake_ros/cmake)
[0.516s] -- Using all available rosidl_typesupport_c: rosidl_typesupport_fastrtps_c;rosidl_typesupport_introspection_c
[0.682s] -- Using all available rosidl_typesupport_cpp: rosidl_typesupport_fastrtps_cpp;rosidl_typesupport_introspection_cpp
[0.698s] -- Found PythonInterp: /usr/bin/python3 (found suitable version "3.10.12", minimum required is "3.6") 
[0.699s] -- Found python_cmake_module: 0.10.0 (/opt/ros/humble/share/python_cmake_module/cmake)
[0.721s] -- Found PythonLibs: /usr/lib/x86_64-linux-gnu/libpython3.10.so (found suitable version "3.10.12", minimum required is "3.5") 
[0.721s] -- Using PYTHON_EXECUTABLE: /usr/bin/python3
[0.721s] -- Using PYTHON_INCLUDE_DIRS: /usr/include/python3.10
[0.721s] -- Using PYTHON_LIBRARIES: /usr/lib/x86_64-linux-gnu/libpython3.10.so
[0.737s] -- Found PythonExtra: .so  
[0.894s] -- Using numpy include directory: /usr/local/lib/python3.10/dist-packages/numpy/core/include
[0.907s] -- Found ament_lint_auto: 0.12.9 (/opt/ros/humble/share/ament_lint_auto/cmake)
[0.925s] -- Added test 'lint_cmake' to check CMake code style
[0.927s] -- Added test 'xmllint' to check XML markup files
[0.929s] -- Configuring done
[0.951s] -- Generating done
[0.954s] -- Build files have been written to: /home/franciscoazeredo/OneDrive/Documents/tecnico/4_ano/Robotica/project/ros2_ws/build/ps4_controller
[0.961s] Invoked command in '/home/franciscoazeredo/OneDrive/Documents/tecnico/4_ano/Robotica/project/ros2_ws/build/ps4_controller' returned '0': CMAKE_PREFIX_PATH=/opt/ros/humble /usr/bin/cmake /home/franciscoazeredo/OneDrive/Documents/tecnico/4_ano/Robotica/project/ros2_ws/src/ps4_controller -DCMAKE_INSTALL_PREFIX=/home/franciscoazeredo/OneDrive/Documents/tecnico/4_ano/Robotica/project/ros2_ws/install/ps4_controller
[0.961s] Invoking command in '/home/franciscoazeredo/OneDrive/Documents/tecnico/4_ano/Robotica/project/ros2_ws/build/ps4_controller': CMAKE_PREFIX_PATH=/opt/ros/humble /usr/bin/cmake --build /home/franciscoazeredo/OneDrive/Documents/tecnico/4_ano/Robotica/project/ros2_ws/build/ps4_controller -- -j20 -l20
[0.991s] [  3%] [34m[1mGenerating C code for ROS interfaces[0m
[0.999s] [  6%] [34m[1mGenerating C++ code for ROS interfaces[0m
[1.008s] [  6%] Built target ament_cmake_python_copy_ps4_controller
[1.191s] running egg_info
[1.193s] creating ps4_controller.egg-info
[1.206s] writing ps4_controller.egg-info/PKG-INFO
[1.207s] writing dependency_links to ps4_controller.egg-info/dependency_links.txt
[1.207s] writing top-level names to ps4_controller.egg-info/top_level.txt
[1.207s] writing manifest file 'ps4_controller.egg-info/SOURCES.txt'
[1.236s] [  6%] Built target ps4_controller__cpp
[1.248s] [ 16%] [34m[1mGenerating C++ introspection for ROS interfaces[0m
[1.248s] [ 16%] [34m[1mGenerating C++ type support dispatch for ROS interfaces[0m
[1.248s] [ 16%] [34m[1mGenerating C++ type support for eProsima Fast-RTPS[0m
[1.252s] [ 19%] [32mBuilding C object CMakeFiles/ps4_controller__rosidl_generator_c.dir/rosidl_generator_c/ps4_controller/msg/detail/ps4_controller__functions.c.o[0m
[1.260s] reading manifest file 'ps4_controller.egg-info/SOURCES.txt'
[1.260s] writing manifest file 'ps4_controller.egg-info/SOURCES.txt'
[1.288s] [ 19%] Built target ament_cmake_python_build_ps4_controller_egg
[1.312s] [ 22%] [32m[1mLinking C shared library libps4_controller__rosidl_generator_c.so[0m
[1.353s] [ 22%] Built target ps4_controller__rosidl_generator_c
[1.364s] [ 29%] [34m[1mGenerating C introspection for ROS interfaces[0m
[1.364s] [ 29%] [34m[1mGenerating C type support dispatch for ROS interfaces[0m
[1.365s] [ 32%] [34m[1mGenerating C type support for eProsima Fast-RTPS[0m
[1.518s] [ 35%] [32mBuilding CXX object CMakeFiles/ps4_controller__rosidl_typesupport_cpp.dir/rosidl_typesupport_cpp/ps4_controller/msg/ps4_controller__type_support.cpp.o[0m
[1.539s] [ 38%] [32mBuilding CXX object CMakeFiles/ps4_controller__rosidl_typesupport_introspection_cpp.dir/rosidl_typesupport_introspection_cpp/ps4_controller/msg/detail/ps4_controller__type_support.cpp.o[0m
[1.550s] [ 41%] [32mBuilding CXX object CMakeFiles/ps4_controller__rosidl_typesupport_fastrtps_cpp.dir/rosidl_typesupport_fastrtps_cpp/ps4_controller/msg/detail/dds_fastrtps/ps4_controller__type_support.cpp.o[0m
[1.657s] [ 45%] [32mBuilding CXX object CMakeFiles/ps4_controller__rosidl_typesupport_c.dir/rosidl_typesupport_c/ps4_controller/msg/ps4_controller__type_support.cpp.o[0m
[1.667s] [ 48%] [32mBuilding C object CMakeFiles/ps4_controller__rosidl_typesupport_introspection_c.dir/rosidl_typesupport_introspection_c/ps4_controller/msg/detail/ps4_controller__type_support.c.o[0m
[1.684s] [ 51%] [32mBuilding CXX object CMakeFiles/ps4_controller__rosidl_typesupport_fastrtps_c.dir/rosidl_typesupport_fastrtps_c/ps4_controller/msg/detail/ps4_controller__type_support_c.cpp.o[0m
[1.693s] [ 54%] [32m[1mLinking CXX shared library libps4_controller__rosidl_typesupport_c.so[0m
[1.718s] [ 58%] [32m[1mLinking C shared library libps4_controller__rosidl_typesupport_introspection_c.so[0m
[1.740s] [ 58%] Built target ps4_controller__rosidl_typesupport_c
[1.754s] [ 58%] Built target ps4_controller__rosidl_typesupport_introspection_c
[1.805s] [ 61%] [32m[1mLinking CXX shared library libps4_controller__rosidl_typesupport_cpp.so[0m
[1.846s] [ 61%] Built target ps4_controller__rosidl_typesupport_cpp
[1.979s] [ 64%] [32m[1mLinking CXX shared library libps4_controller__rosidl_typesupport_fastrtps_c.so[0m
[1.988s] [ 67%] [32m[1mLinking CXX shared library libps4_controller__rosidl_typesupport_introspection_cpp.so[0m
[2.029s] [ 70%] [32m[1mLinking CXX shared library libps4_controller__rosidl_typesupport_fastrtps_cpp.so[0m
[2.050s] [ 70%] Built target ps4_controller__rosidl_typesupport_fastrtps_c
[2.059s] [ 70%] Built target ps4_controller__rosidl_typesupport_introspection_cpp
[2.091s] [ 70%] Built target ps4_controller__rosidl_typesupport_fastrtps_cpp
[2.106s] [ 70%] Built target ps4_controller
[2.125s] [ 74%] [34m[1mGenerating Python code for ROS interfaces[0m
[2.336s] [ 74%] Built target ps4_controller__py
[2.349s] [ 77%] [32mBuilding C object CMakeFiles/ps4_controller__rosidl_generator_py.dir/rosidl_generator_py/ps4_controller/msg/_ps4_controller_s.c.o[0m
[2.449s] [ 80%] [32m[1mLinking C shared library rosidl_generator_py/ps4_controller/libps4_controller__rosidl_generator_py.so[0m
[2.477s] [ 80%] Built target ps4_controller__rosidl_generator_py
[2.495s] [ 83%] [32mBuilding C object CMakeFiles/ps4_controller__rosidl_typesupport_introspection_c__pyext.dir/rosidl_generator_py/ps4_controller/_ps4_controller_s.ep.rosidl_typesupport_introspection_c.c.o[0m
[2.496s] [ 87%] [32mBuilding C object CMakeFiles/ps4_controller__rosidl_typesupport_c__pyext.dir/rosidl_generator_py/ps4_controller/_ps4_controller_s.ep.rosidl_typesupport_c.c.o[0m
[2.496s] [ 90%] [32mBuilding C object CMakeFiles/ps4_controller__rosidl_typesupport_fastrtps_c__pyext.dir/rosidl_generator_py/ps4_controller/_ps4_controller_s.ep.rosidl_typesupport_fastrtps_c.c.o[0m
[2.579s] [ 93%] [32m[1mLinking C shared library rosidl_generator_py/ps4_controller/ps4_controller_s__rosidl_typesupport_introspection_c.cpython-310-x86_64-linux-gnu.so[0m
[2.579s] [ 96%] [32m[1mLinking C shared library rosidl_generator_py/ps4_controller/ps4_controller_s__rosidl_typesupport_c.cpython-310-x86_64-linux-gnu.so[0m
[2.579s] [100%] [32m[1mLinking C shared library rosidl_generator_py/ps4_controller/ps4_controller_s__rosidl_typesupport_fastrtps_c.cpython-310-x86_64-linux-gnu.so[0m
[2.607s] [100%] Built target ps4_controller__rosidl_typesupport_c__pyext
[2.609s] [100%] Built target ps4_controller__rosidl_typesupport_introspection_c__pyext
[2.609s] [100%] Built target ps4_controller__rosidl_typesupport_fastrtps_c__pyext
[2.620s] Invoked command in '/home/franciscoazeredo/OneDrive/Documents/tecnico/4_ano/Robotica/project/ros2_ws/build/ps4_controller' returned '0': CMAKE_PREFIX_PATH=/opt/ros/humble /usr/bin/cmake --build /home/franciscoazeredo/OneDrive/Documents/tecnico/4_ano/Robotica/project/ros2_ws/build/ps4_controller -- -j20 -l20
[2.685s] Invoking command in '/home/franciscoazeredo/OneDrive/Documents/tecnico/4_ano/Robotica/project/ros2_ws/build/ps4_controller': CMAKE_PREFIX_PATH=/opt/ros/humble /usr/bin/cmake --install /home/franciscoazeredo/OneDrive/Documents/tecnico/4_ano/Robotica/project/ros2_ws/build/ps4_controller
[2.691s] -- Install configuration: ""
[2.692s] -- Installing: /home/franciscoazeredo/OneDrive/Documents/tecnico/4_ano/Robotica/project/ros2_ws/install/ps4_controller/share/ament_index/resource_index/rosidl_interfaces/ps4_controller
[2.692s] -- Installing: /home/franciscoazeredo/OneDrive/Documents/tecnico/4_ano/Robotica/project/ros2_ws/install/ps4_controller/include/ps4_controller/ps4_controller
[2.692s] -- Installing: /home/franciscoazeredo/OneDrive/Documents/tecnico/4_ano/Robotica/project/ros2_ws/install/ps4_controller/include/ps4_controller/ps4_controller/msg
[2.692s] -- Installing: /home/franciscoazeredo/OneDrive/Documents/tecnico/4_ano/Robotica/project/ros2_ws/install/ps4_controller/include/ps4_controller/ps4_controller/msg/ps4_controller.h
[2.692s] -- Installing: /home/franciscoazeredo/OneDrive/Documents/tecnico/4_ano/Robotica/project/ros2_ws/install/ps4_controller/include/ps4_controller/ps4_controller/msg/detail
[2.693s] -- Installing: /home/franciscoazeredo/OneDrive/Documents/tecnico/4_ano/Robotica/project/ros2_ws/install/ps4_controller/include/ps4_controller/ps4_controller/msg/detail/ps4_controller__functions.c
[2.693s] -- Installing: /home/franciscoazeredo/OneDrive/Documents/tecnico/4_ano/Robotica/project/ros2_ws/install/ps4_controller/include/ps4_controller/ps4_controller/msg/detail/ps4_controller__functions.h
[2.693s] -- Installing: /home/franciscoazeredo/OneDrive/Documents/tecnico/4_ano/Robotica/project/ros2_ws/install/ps4_controller/include/ps4_controller/ps4_controller/msg/detail/ps4_controller__type_support.h
[2.693s] -- Installing: /home/franciscoazeredo/OneDrive/Documents/tecnico/4_ano/Robotica/project/ros2_ws/install/ps4_controller/include/ps4_controller/ps4_controller/msg/detail/ps4_controller__struct.h
[2.693s] -- Installing: /home/franciscoazeredo/OneDrive/Documents/tecnico/4_ano/Robotica/project/ros2_ws/install/ps4_controller/include/ps4_controller/ps4_controller/msg/rosidl_generator_c__visibility_control.h
[2.694s] -- Installing: /home/franciscoazeredo/OneDrive/Documents/tecnico/4_ano/Robotica/project/ros2_ws/install/ps4_controller/share/ps4_controller/environment/library_path.sh
[2.694s] -- Installing: /home/franciscoazeredo/OneDrive/Documents/tecnico/4_ano/Robotica/project/ros2_ws/install/ps4_controller/share/ps4_controller/environment/library_path.dsv
[2.694s] -- Installing: /home/franciscoazeredo/OneDrive/Documents/tecnico/4_ano/Robotica/project/ros2_ws/install/ps4_controller/lib/libps4_controller__rosidl_generator_c.so
[2.694s] -- Set runtime path of "/home/franciscoazeredo/OneDrive/Documents/tecnico/4_ano/Robotica/project/ros2_ws/install/ps4_controller/lib/libps4_controller__rosidl_generator_c.so" to ""
[2.694s] -- Up-to-date: /home/franciscoazeredo/OneDrive/Documents/tecnico/4_ano/Robotica/project/ros2_ws/install/ps4_controller/include/ps4_controller/ps4_controller
[2.694s] -- Up-to-date: /home/franciscoazeredo/OneDrive/Documents/tecnico/4_ano/Robotica/project/ros2_ws/install/ps4_controller/include/ps4_controller/ps4_controller/msg
[2.694s] -- Up-to-date: /home/franciscoazeredo/OneDrive/Documents/tecnico/4_ano/Robotica/project/ros2_ws/install/ps4_controller/include/ps4_controller/ps4_controller/msg/detail
[2.694s] -- Installing: /home/franciscoazeredo/OneDrive/Documents/tecnico/4_ano/Robotica/project/ros2_ws/install/ps4_controller/include/ps4_controller/ps4_controller/msg/detail/ps4_controller__rosidl_typesupport_fastrtps_c.h
[2.694s] -- Installing: /home/franciscoazeredo/OneDrive/Documents/tecnico/4_ano/Robotica/project/ros2_ws/install/ps4_controller/include/ps4_controller/ps4_controller/msg/rosidl_typesupport_fastrtps_c__visibility_control.h
[2.694s] -- Installing: /home/franciscoazeredo/OneDrive/Documents/tecnico/4_ano/Robotica/project/ros2_ws/install/ps4_controller/lib/libps4_controller__rosidl_typesupport_fastrtps_c.so
[2.694s] -- Set runtime path of "/home/franciscoazeredo/OneDrive/Documents/tecnico/4_ano/Robotica/project/ros2_ws/install/ps4_controller/lib/libps4_controller__rosidl_typesupport_fastrtps_c.so" to ""
[2.694s] -- Up-to-date: /home/franciscoazeredo/OneDrive/Documents/tecnico/4_ano/Robotica/project/ros2_ws/install/ps4_controller/include/ps4_controller/ps4_controller
[2.694s] -- Up-to-date: /home/franciscoazeredo/OneDrive/Documents/tecnico/4_ano/Robotica/project/ros2_ws/install/ps4_controller/include/ps4_controller/ps4_controller/msg
[2.694s] -- Up-to-date: /home/franciscoazeredo/OneDrive/Documents/tecnico/4_ano/Robotica/project/ros2_ws/install/ps4_controller/include/ps4_controller/ps4_controller/msg/detail
[2.694s] -- Installing: /home/franciscoazeredo/OneDrive/Documents/tecnico/4_ano/Robotica/project/ros2_ws/install/ps4_controller/include/ps4_controller/ps4_controller/msg/detail/ps4_controller__rosidl_typesupport_introspection_c.h
[2.694s] -- Installing: /home/franciscoazeredo/OneDrive/Documents/tecnico/4_ano/Robotica/project/ros2_ws/install/ps4_controller/include/ps4_controller/ps4_controller/msg/detail/ps4_controller__type_support.c
[2.695s] -- Installing: /home/franciscoazeredo/OneDrive/Documents/tecnico/4_ano/Robotica/project/ros2_ws/install/ps4_controller/include/ps4_controller/ps4_controller/msg/rosidl_typesupport_introspection_c__visibility_control.h
[2.695s] -- Installing: /home/franciscoazeredo/OneDrive/Documents/tecnico/4_ano/Robotica/project/ros2_ws/install/ps4_controller/lib/libps4_controller__rosidl_typesupport_introspection_c.so
[2.695s] -- Set runtime path of "/home/franciscoazeredo/OneDrive/Documents/tecnico/4_ano/Robotica/project/ros2_ws/install/ps4_controller/lib/libps4_controller__rosidl_typesupport_introspection_c.so" to ""
[2.695s] -- Installing: /home/franciscoazeredo/OneDrive/Documents/tecnico/4_ano/Robotica/project/ros2_ws/install/ps4_controller/lib/libps4_controller__rosidl_typesupport_c.so
[2.695s] -- Set runtime path of "/home/franciscoazeredo/OneDrive/Documents/tecnico/4_ano/Robotica/project/ros2_ws/install/ps4_controller/lib/libps4_controller__rosidl_typesupport_c.so" to ""
[2.695s] -- Up-to-date: /home/franciscoazeredo/OneDrive/Documents/tecnico/4_ano/Robotica/project/ros2_ws/install/ps4_controller/include/ps4_controller/ps4_controller
[2.695s] -- Up-to-date: /home/franciscoazeredo/OneDrive/Documents/tecnico/4_ano/Robotica/project/ros2_ws/install/ps4_controller/include/ps4_controller/ps4_controller/msg
[2.695s] -- Up-to-date: /home/franciscoazeredo/OneDrive/Documents/tecnico/4_ano/Robotica/project/ros2_ws/install/ps4_controller/include/ps4_controller/ps4_controller/msg/detail
[2.695s] -- Installing: /home/franciscoazeredo/OneDrive/Documents/tecnico/4_ano/Robotica/project/ros2_ws/install/ps4_controller/include/ps4_controller/ps4_controller/msg/detail/ps4_controller__struct.hpp
[2.695s] -- Installing: /home/franciscoazeredo/OneDrive/Documents/tecnico/4_ano/Robotica/project/ros2_ws/install/ps4_controller/include/ps4_controller/ps4_controller/msg/detail/ps4_controller__traits.hpp
[2.695s] -- Installing: /home/franciscoazeredo/OneDrive/Documents/tecnico/4_ano/Robotica/project/ros2_ws/install/ps4_controller/include/ps4_controller/ps4_controller/msg/detail/ps4_controller__builder.hpp
[2.695s] -- Installing: /home/franciscoazeredo/OneDrive/Documents/tecnico/4_ano/Robotica/project/ros2_ws/install/ps4_controller/include/ps4_controller/ps4_controller/msg/ps4_controller.hpp
[2.695s] -- Up-to-date: /home/franciscoazeredo/OneDrive/Documents/tecnico/4_ano/Robotica/project/ros2_ws/install/ps4_controller/include/ps4_controller/ps4_controller
[2.695s] -- Up-to-date: /home/franciscoazeredo/OneDrive/Documents/tecnico/4_ano/Robotica/project/ros2_ws/install/ps4_controller/include/ps4_controller/ps4_controller/msg
[2.695s] -- Installing: /home/franciscoazeredo/OneDrive/Documents/tecnico/4_ano/Robotica/project/ros2_ws/install/ps4_controller/include/ps4_controller/ps4_controller/msg/rosidl_typesupport_fastrtps_cpp__visibility_control.h
[2.696s] -- Up-to-date: /home/franciscoazeredo/OneDrive/Documents/tecnico/4_ano/Robotica/project/ros2_ws/install/ps4_controller/include/ps4_controller/ps4_controller/msg/detail
[2.696s] -- Installing: /home/franciscoazeredo/OneDrive/Documents/tecnico/4_ano/Robotica/project/ros2_ws/install/ps4_controller/include/ps4_controller/ps4_controller/msg/detail/ps4_controller__rosidl_typesupport_fastrtps_cpp.hpp
[2.696s] -- Installing: /home/franciscoazeredo/OneDrive/Documents/tecnico/4_ano/Robotica/project/ros2_ws/install/ps4_controller/include/ps4_controller/ps4_controller/msg/detail/dds_fastrtps
[2.696s] -- Installing: /home/franciscoazeredo/OneDrive/Documents/tecnico/4_ano/Robotica/project/ros2_ws/install/ps4_controller/lib/libps4_controller__rosidl_typesupport_fastrtps_cpp.so
[2.696s] -- Set runtime path of "/home/franciscoazeredo/OneDrive/Documents/tecnico/4_ano/Robotica/project/ros2_ws/install/ps4_controller/lib/libps4_controller__rosidl_typesupport_fastrtps_cpp.so" to ""
[2.696s] -- Up-to-date: /home/franciscoazeredo/OneDrive/Documents/tecnico/4_ano/Robotica/project/ros2_ws/install/ps4_controller/include/ps4_controller/ps4_controller
[2.696s] -- Up-to-date: /home/franciscoazeredo/OneDrive/Documents/tecnico/4_ano/Robotica/project/ros2_ws/install/ps4_controller/include/ps4_controller/ps4_controller/msg
[2.696s] -- Up-to-date: /home/franciscoazeredo/OneDrive/Documents/tecnico/4_ano/Robotica/project/ros2_ws/install/ps4_controller/include/ps4_controller/ps4_controller/msg/detail
[2.696s] -- Installing: /home/franciscoazeredo/OneDrive/Documents/tecnico/4_ano/Robotica/project/ros2_ws/install/ps4_controller/include/ps4_controller/ps4_controller/msg/detail/ps4_controller__rosidl_typesupport_introspection_cpp.hpp
[2.696s] -- Installing: /home/franciscoazeredo/OneDrive/Documents/tecnico/4_ano/Robotica/project/ros2_ws/install/ps4_controller/include/ps4_controller/ps4_controller/msg/detail/ps4_controller__type_support.cpp
[2.696s] -- Installing: /home/franciscoazeredo/OneDrive/Documents/tecnico/4_ano/Robotica/project/ros2_ws/install/ps4_controller/lib/libps4_controller__rosidl_typesupport_introspection_cpp.so
[2.696s] -- Set runtime path of "/home/franciscoazeredo/OneDrive/Documents/tecnico/4_ano/Robotica/project/ros2_ws/install/ps4_controller/lib/libps4_controller__rosidl_typesupport_introspection_cpp.so" to ""
[2.696s] -- Installing: /home/franciscoazeredo/OneDrive/Documents/tecnico/4_ano/Robotica/project/ros2_ws/install/ps4_controller/lib/libps4_controller__rosidl_typesupport_cpp.so
[2.697s] -- Set runtime path of "/home/franciscoazeredo/OneDrive/Documents/tecnico/4_ano/Robotica/project/ros2_ws/install/ps4_controller/lib/libps4_controller__rosidl_typesupport_cpp.so" to ""
[2.697s] -- Installing: /home/franciscoazeredo/OneDrive/Documents/tecnico/4_ano/Robotica/project/ros2_ws/install/ps4_controller/share/ps4_controller/environment/pythonpath.sh
[2.697s] -- Installing: /home/franciscoazeredo/OneDrive/Documents/tecnico/4_ano/Robotica/project/ros2_ws/install/ps4_controller/share/ps4_controller/environment/pythonpath.dsv
[2.697s] -- Installing: /home/franciscoazeredo/OneDrive/Documents/tecnico/4_ano/Robotica/project/ros2_ws/install/ps4_controller/local/lib/python3.10/dist-packages/ps4_controller-0.0.0-py3.10.egg-info
[2.697s] -- Installing: /home/franciscoazeredo/OneDrive/Documents/tecnico/4_ano/Robotica/project/ros2_ws/install/ps4_controller/local/lib/python3.10/dist-packages/ps4_controller-0.0.0-py3.10.egg-info/PKG-INFO
[2.697s] -- Installing: /home/franciscoazeredo/OneDrive/Documents/tecnico/4_ano/Robotica/project/ros2_ws/install/ps4_controller/local/lib/python3.10/dist-packages/ps4_controller-0.0.0-py3.10.egg-info/top_level.txt
[2.697s] -- Installing: /home/franciscoazeredo/OneDrive/Documents/tecnico/4_ano/Robotica/project/ros2_ws/install/ps4_controller/local/lib/python3.10/dist-packages/ps4_controller-0.0.0-py3.10.egg-info/SOURCES.txt
[2.697s] -- Installing: /home/franciscoazeredo/OneDrive/Documents/tecnico/4_ano/Robotica/project/ros2_ws/install/ps4_controller/local/lib/python3.10/dist-packages/ps4_controller-0.0.0-py3.10.egg-info/dependency_links.txt
[2.697s] -- Installing: /home/franciscoazeredo/OneDrive/Documents/tecnico/4_ano/Robotica/project/ros2_ws/install/ps4_controller/local/lib/python3.10/dist-packages/ps4_controller
[2.697s] -- Installing: /home/franciscoazeredo/OneDrive/Documents/tecnico/4_ano/Robotica/project/ros2_ws/install/ps4_controller/local/lib/python3.10/dist-packages/ps4_controller/libps4_controller__rosidl_generator_py.so
[2.697s] -- Installing: /home/franciscoazeredo/OneDrive/Documents/tecnico/4_ano/Robotica/project/ros2_ws/install/ps4_controller/local/lib/python3.10/dist-packages/ps4_controller/ps4_controller_s__rosidl_typesupport_c.cpython-310-x86_64-linux-gnu.so
[2.698s] -- Installing: /home/franciscoazeredo/OneDrive/Documents/tecnico/4_ano/Robotica/project/ros2_ws/install/ps4_controller/local/lib/python3.10/dist-packages/ps4_controller/_ps4_controller_s.ep.rosidl_typesupport_fastrtps_c.c
[2.698s] -- Installing: /home/franciscoazeredo/OneDrive/Documents/tecnico/4_ano/Robotica/project/ros2_ws/install/ps4_controller/local/lib/python3.10/dist-packages/ps4_controller/ps4_controller_s__rosidl_typesupport_introspection_c.cpython-310-x86_64-linux-gnu.so
[2.698s] -- Installing: /home/franciscoazeredo/OneDrive/Documents/tecnico/4_ano/Robotica/project/ros2_ws/install/ps4_controller/local/lib/python3.10/dist-packages/ps4_controller/msg
[2.698s] -- Installing: /home/franciscoazeredo/OneDrive/Documents/tecnico/4_ano/Robotica/project/ros2_ws/install/ps4_controller/local/lib/python3.10/dist-packages/ps4_controller/msg/_ps4_controller_s.c
[2.698s] -- Installing: /home/franciscoazeredo/OneDrive/Documents/tecnico/4_ano/Robotica/project/ros2_ws/install/ps4_controller/local/lib/python3.10/dist-packages/ps4_controller/msg/__init__.py
[2.698s] -- Installing: /home/franciscoazeredo/OneDrive/Documents/tecnico/4_ano/Robotica/project/ros2_ws/install/ps4_controller/local/lib/python3.10/dist-packages/ps4_controller/msg/_ps4_controller.py
[2.698s] -- Installing: /home/franciscoazeredo/OneDrive/Documents/tecnico/4_ano/Robotica/project/ros2_ws/install/ps4_controller/local/lib/python3.10/dist-packages/ps4_controller/_ps4_controller_s.ep.rosidl_typesupport_c.c
[2.698s] -- Installing: /home/franciscoazeredo/OneDrive/Documents/tecnico/4_ano/Robotica/project/ros2_ws/install/ps4_controller/local/lib/python3.10/dist-packages/ps4_controller/__init__.py
[2.698s] -- Installing: /home/franciscoazeredo/OneDrive/Documents/tecnico/4_ano/Robotica/project/ros2_ws/install/ps4_controller/local/lib/python3.10/dist-packages/ps4_controller/_ps4_controller_s.ep.rosidl_typesupport_introspection_c.c
[2.698s] -- Installing: /home/franciscoazeredo/OneDrive/Documents/tecnico/4_ano/Robotica/project/ros2_ws/install/ps4_controller/local/lib/python3.10/dist-packages/ps4_controller/ps4_controller_s__rosidl_typesupport_fastrtps_c.cpython-310-x86_64-linux-gnu.so
[2.730s] Listing '/home/franciscoazeredo/OneDrive/Documents/tecnico/4_ano/Robotica/project/ros2_ws/install/ps4_controller/local/lib/python3.10/dist-packages/ps4_controller'...
[2.730s] Compiling '/home/franciscoazeredo/OneDrive/Documents/tecnico/4_ano/Robotica/project/ros2_ws/install/ps4_controller/local/lib/python3.10/dist-packages/ps4_controller/__init__.py'...
[2.730s] Listing '/home/franciscoazeredo/OneDrive/Documents/tecnico/4_ano/Robotica/project/ros2_ws/install/ps4_controller/local/lib/python3.10/dist-packages/ps4_controller/msg'...
[2.730s] Compiling '/home/franciscoazeredo/OneDrive/Documents/tecnico/4_ano/Robotica/project/ros2_ws/install/ps4_controller/local/lib/python3.10/dist-packages/ps4_controller/msg/__init__.py'...
[2.730s] Compiling '/home/franciscoazeredo/OneDrive/Documents/tecnico/4_ano/Robotica/project/ros2_ws/install/ps4_controller/local/lib/python3.10/dist-packages/ps4_controller/msg/_ps4_controller.py'...
[2.735s] -- Installing: /home/franciscoazeredo/OneDrive/Documents/tecnico/4_ano/Robotica/project/ros2_ws/install/ps4_controller/local/lib/python3.10/dist-packages/ps4_controller/ps4_controller_s__rosidl_typesupport_fastrtps_c.cpython-310-x86_64-linux-gnu.so
[2.735s] -- Set runtime path of "/home/franciscoazeredo/OneDrive/Documents/tecnico/4_ano/Robotica/project/ros2_ws/install/ps4_controller/local/lib/python3.10/dist-packages/ps4_controller/ps4_controller_s__rosidl_typesupport_fastrtps_c.cpython-310-x86_64-linux-gnu.so" to ""
[2.735s] -- Installing: /home/franciscoazeredo/OneDrive/Documents/tecnico/4_ano/Robotica/project/ros2_ws/install/ps4_controller/local/lib/python3.10/dist-packages/ps4_controller/ps4_controller_s__rosidl_typesupport_introspection_c.cpython-310-x86_64-linux-gnu.so
[2.735s] -- Set runtime path of "/home/franciscoazeredo/OneDrive/Documents/tecnico/4_ano/Robotica/project/ros2_ws/install/ps4_controller/local/lib/python3.10/dist-packages/ps4_controller/ps4_controller_s__rosidl_typesupport_introspection_c.cpython-310-x86_64-linux-gnu.so" to ""
[2.735s] -- Installing: /home/franciscoazeredo/OneDrive/Documents/tecnico/4_ano/Robotica/project/ros2_ws/install/ps4_controller/local/lib/python3.10/dist-packages/ps4_controller/ps4_controller_s__rosidl_typesupport_c.cpython-310-x86_64-linux-gnu.so
[2.735s] -- Set runtime path of "/home/franciscoazeredo/OneDrive/Documents/tecnico/4_ano/Robotica/project/ros2_ws/install/ps4_controller/local/lib/python3.10/dist-packages/ps4_controller/ps4_controller_s__rosidl_typesupport_c.cpython-310-x86_64-linux-gnu.so" to ""
[2.735s] -- Installing: /home/franciscoazeredo/OneDrive/Documents/tecnico/4_ano/Robotica/project/ros2_ws/install/ps4_controller/lib/libps4_controller__rosidl_generator_py.so
[2.735s] -- Set runtime path of "/home/franciscoazeredo/OneDrive/Documents/tecnico/4_ano/Robotica/project/ros2_ws/install/ps4_controller/lib/libps4_controller__rosidl_generator_py.so" to ""
[2.736s] -- Installing: /home/franciscoazeredo/OneDrive/Documents/tecnico/4_ano/Robotica/project/ros2_ws/install/ps4_controller/share/ps4_controller/msg/Ps4Controller.idl
[2.736s] -- Installing: /home/franciscoazeredo/OneDrive/Documents/tecnico/4_ano/Robotica/project/ros2_ws/install/ps4_controller/share/ps4_controller/msg/Ps4Controller.msg
[2.736s] -- Installing: /home/franciscoazeredo/OneDrive/Documents/tecnico/4_ano/Robotica/project/ros2_ws/install/ps4_controller/share/ament_index/resource_index/package_run_dependencies/ps4_controller
[2.736s] -- Installing: /home/franciscoazeredo/OneDrive/Documents/tecnico/4_ano/Robotica/project/ros2_ws/install/ps4_controller/share/ament_index/resource_index/parent_prefix_path/ps4_controller
[2.736s] -- Installing: /home/franciscoazeredo/OneDrive/Documents/tecnico/4_ano/Robotica/project/ros2_ws/install/ps4_controller/share/ps4_controller/environment/ament_prefix_path.sh
[2.736s] -- Installing: /home/franciscoazeredo/OneDrive/Documents/tecnico/4_ano/Robotica/project/ros2_ws/install/ps4_controller/share/ps4_controller/environment/ament_prefix_path.dsv
[2.736s] -- Installing: /home/franciscoazeredo/OneDrive/Documents/tecnico/4_ano/Robotica/project/ros2_ws/install/ps4_controller/share/ps4_controller/environment/path.sh
[2.736s] -- Installing: /home/franciscoazeredo/OneDrive/Documents/tecnico/4_ano/Robotica/project/ros2_ws/install/ps4_controller/share/ps4_controller/environment/path.dsv
[2.736s] -- Installing: /home/franciscoazeredo/OneDrive/Documents/tecnico/4_ano/Robotica/project/ros2_ws/install/ps4_controller/share/ps4_controller/local_setup.bash
[2.737s] -- Installing: /home/franciscoazeredo/OneDrive/Documents/tecnico/4_ano/Robotica/project/ros2_ws/install/ps4_controller/share/ps4_controller/local_setup.sh
[2.737s] -- Installing: /home/franciscoazeredo/OneDrive/Documents/tecnico/4_ano/Robotica/project/ros2_ws/install/ps4_controller/share/ps4_controller/local_setup.zsh
[2.737s] -- Installing: /home/franciscoazeredo/OneDrive/Documents/tecnico/4_ano/Robotica/project/ros2_ws/install/ps4_controller/share/ps4_controller/local_setup.dsv
[2.737s] -- Installing: /home/franciscoazeredo/OneDrive/Documents/tecnico/4_ano/Robotica/project/ros2_ws/install/ps4_controller/share/ps4_controller/package.dsv
[2.737s] -- Installing: /home/franciscoazeredo/OneDrive/Documents/tecnico/4_ano/Robotica/project/ros2_ws/install/ps4_controller/share/ament_index/resource_index/packages/ps4_controller
[2.737s] -- Installing: /home/franciscoazeredo/OneDrive/Documents/tecnico/4_ano/Robotica/project/ros2_ws/install/ps4_controller/share/ps4_controller/cmake/export_ps4_controller__rosidl_generator_cExport.cmake
[2.737s] -- Installing: /home/franciscoazeredo/OneDrive/Documents/tecnico/4_ano/Robotica/project/ros2_ws/install/ps4_controller/share/ps4_controller/cmake/export_ps4_controller__rosidl_generator_cExport-noconfig.cmake
[2.737s] -- Installing: /home/franciscoazeredo/OneDrive/Documents/tecnico/4_ano/Robotica/project/ros2_ws/install/ps4_controller/share/ps4_controller/cmake/export_ps4_controller__rosidl_typesupport_fastrtps_cExport.cmake
[2.737s] -- Installing: /home/franciscoazeredo/OneDrive/Documents/tecnico/4_ano/Robotica/project/ros2_ws/install/ps4_controller/share/ps4_controller/cmake/export_ps4_controller__rosidl_typesupport_fastrtps_cExport-noconfig.cmake
[2.737s] -- Installing: /home/franciscoazeredo/OneDrive/Documents/tecnico/4_ano/Robotica/project/ros2_ws/install/ps4_controller/share/ps4_controller/cmake/ps4_controller__rosidl_typesupport_introspection_cExport.cmake
[2.737s] -- Installing: /home/franciscoazeredo/OneDrive/Documents/tecnico/4_ano/Robotica/project/ros2_ws/install/ps4_controller/share/ps4_controller/cmake/ps4_controller__rosidl_typesupport_introspection_cExport-noconfig.cmake
[2.738s] -- Installing: /home/franciscoazeredo/OneDrive/Documents/tecnico/4_ano/Robotica/project/ros2_ws/install/ps4_controller/share/ps4_controller/cmake/ps4_controller__rosidl_typesupport_cExport.cmake
[2.738s] -- Installing: /home/franciscoazeredo/OneDrive/Documents/tecnico/4_ano/Robotica/project/ros2_ws/install/ps4_controller/share/ps4_controller/cmake/ps4_controller__rosidl_typesupport_cExport-noconfig.cmake
[2.738s] -- Installing: /home/franciscoazeredo/OneDrive/Documents/tecnico/4_ano/Robotica/project/ros2_ws/install/ps4_controller/share/ps4_controller/cmake/export_ps4_controller__rosidl_generator_cppExport.cmake
[2.738s] -- Installing: /home/franciscoazeredo/OneDrive/Documents/tecnico/4_ano/Robotica/project/ros2_ws/install/ps4_controller/share/ps4_controller/cmake/export_ps4_controller__rosidl_typesupport_fastrtps_cppExport.cmake
[2.738s] -- Installing: /home/franciscoazeredo/OneDrive/Documents/tecnico/4_ano/Robotica/project/ros2_ws/install/ps4_controller/share/ps4_controller/cmake/export_ps4_controller__rosidl_typesupport_fastrtps_cppExport-noconfig.cmake
[2.738s] -- Installing: /home/franciscoazeredo/OneDrive/Documents/tecnico/4_ano/Robotica/project/ros2_ws/install/ps4_controller/share/ps4_controller/cmake/ps4_controller__rosidl_typesupport_introspection_cppExport.cmake
[2.738s] -- Installing: /home/franciscoazeredo/OneDrive/Documents/tecnico/4_ano/Robotica/project/ros2_ws/install/ps4_controller/share/ps4_controller/cmake/ps4_controller__rosidl_typesupport_introspection_cppExport-noconfig.cmake
[2.738s] -- Installing: /home/franciscoazeredo/OneDrive/Documents/tecnico/4_ano/Robotica/project/ros2_ws/install/ps4_controller/share/ps4_controller/cmake/ps4_controller__rosidl_typesupport_cppExport.cmake
[2.738s] -- Installing: /home/franciscoazeredo/OneDrive/Documents/tecnico/4_ano/Robotica/project/ros2_ws/install/ps4_controller/share/ps4_controller/cmake/ps4_controller__rosidl_typesupport_cppExport-noconfig.cmake
[2.738s] -- Installing: /home/franciscoazeredo/OneDrive/Documents/tecnico/4_ano/Robotica/project/ros2_ws/install/ps4_controller/share/ps4_controller/cmake/export_ps4_controller__rosidl_generator_pyExport.cmake
[2.738s] -- Installing: /home/franciscoazeredo/OneDrive/Documents/tecnico/4_ano/Robotica/project/ros2_ws/install/ps4_controller/share/ps4_controller/cmake/export_ps4_controller__rosidl_generator_pyExport-noconfig.cmake
[2.739s] -- Installing: /home/franciscoazeredo/OneDrive/Documents/tecnico/4_ano/Robotica/project/ros2_ws/install/ps4_controller/share/ps4_controller/cmake/rosidl_cmake-extras.cmake
[2.739s] -- Installing: /home/franciscoazeredo/OneDrive/Documents/tecnico/4_ano/Robotica/project/ros2_ws/install/ps4_controller/share/ps4_controller/cmake/ament_cmake_export_include_directories-extras.cmake
[2.739s] -- Installing: /home/franciscoazeredo/OneDrive/Documents/tecnico/4_ano/Robotica/project/ros2_ws/install/ps4_controller/share/ps4_controller/cmake/ament_cmake_export_libraries-extras.cmake
[2.739s] -- Installing: /home/franciscoazeredo/OneDrive/Documents/tecnico/4_ano/Robotica/project/ros2_ws/install/ps4_controller/share/ps4_controller/cmake/ament_cmake_export_targets-extras.cmake
[2.739s] -- Installing: /home/franciscoazeredo/OneDrive/Documents/tecnico/4_ano/Robotica/project/ros2_ws/install/ps4_controller/share/ps4_controller/cmake/rosidl_cmake_export_typesupport_targets-extras.cmake
[2.739s] -- Installing: /home/franciscoazeredo/OneDrive/Documents/tecnico/4_ano/Robotica/project/ros2_ws/install/ps4_controller/share/ps4_controller/cmake/ament_cmake_export_dependencies-extras.cmake
[2.739s] -- Installing: /home/franciscoazeredo/OneDrive/Documents/tecnico/4_ano/Robotica/project/ros2_ws/install/ps4_controller/share/ps4_controller/cmake/rosidl_cmake_export_typesupport_libraries-extras.cmake
[2.739s] -- Installing: /home/franciscoazeredo/OneDrive/Documents/tecnico/4_ano/Robotica/project/ros2_ws/install/ps4_controller/share/ps4_controller/cmake/ps4_controllerConfig.cmake
[2.739s] -- Installing: /home/franciscoazeredo/OneDrive/Documents/tecnico/4_ano/Robotica/project/ros2_ws/install/ps4_controller/share/ps4_controller/cmake/ps4_controllerConfig-version.cmake
[2.739s] -- Installing: /home/franciscoazeredo/OneDrive/Documents/tecnico/4_ano/Robotica/project/ros2_ws/install/ps4_controller/share/ps4_controller/package.xml
[2.742s] Invoked command in '/home/franciscoazeredo/OneDrive/Documents/tecnico/4_ano/Robotica/project/ros2_ws/build/ps4_controller' returned '0': CMAKE_PREFIX_PATH=/opt/ros/humble /usr/bin/cmake --install /home/franciscoazeredo/OneDrive/Documents/tecnico/4_ano/Robotica/project/ros2_ws/build/ps4_controller
