running develop
/usr/lib/python3/dist-packages/setuptools/command/easy_install.py:158: EasyInstallDeprecationWarning: easy_install command is deprecated. Use build and pip and other standards-based tools.
  warnings.warn(
/usr/lib/python3/dist-packages/setuptools/command/install.py:34: SetuptoolsDeprecationWarning: setup.py install is deprecated. Use build and pip and other standards-based tools.
  warnings.warn(
Removing /home/afonsomeneses/Desktop/Robotics/Robotics1-main/ros2_ws/install/robotics_controller/lib/python3.10/site-packages/robotics-controller.egg-link (link to .)
running egg_info
writing ../../build/robotics_controller/robotics_controller.egg-info/PKG-INFO
writing dependency_links to ../../build/robotics_controller/robotics_controller.egg-info/dependency_links.txt
writing entry points to ../../build/robotics_controller/robotics_controller.egg-info/entry_points.txt
writing requirements to ../../build/robotics_controller/robotics_controller.egg-info/requires.txt
writing top-level names to ../../build/robotics_controller/robotics_controller.egg-info/top_level.txt
reading manifest file '../../build/robotics_controller/robotics_controller.egg-info/SOURCES.txt'
writing manifest file '../../build/robotics_controller/robotics_controller.egg-info/SOURCES.txt'
running build
running build_py
creating /home/afonsomeneses/Desktop/Robotics/Robotics1-main/ros2_ws/build/robotics_controller/build
creating /home/afonsomeneses/Desktop/Robotics/Robotics1-main/ros2_ws/build/robotics_controller/build/lib
creating /home/afonsomeneses/Desktop/Robotics/Robotics1-main/ros2_ws/build/robotics_controller/build/lib/robotics_controller
copying robotics_controller/movement_subscriber.py -> /home/afonsomeneses/Desktop/Robotics/Robotics1-main/ros2_ws/build/robotics_controller/build/lib/robotics_controller
copying robotics_controller/__init__.py -> /home/afonsomeneses/Desktop/Robotics/Robotics1-main/ros2_ws/build/robotics_controller/build/lib/robotics_controller
copying robotics_controller/joystick_publisher.py -> /home/afonsomeneses/Desktop/Robotics/Robotics1-main/ros2_ws/build/robotics_controller/build/lib/robotics_controller
running install
/usr/lib/python3/dist-packages/setuptools/command/install.py:34: SetuptoolsDeprecationWarning: setup.py install is deprecated. Use build and pip and other standards-based tools.
  warnings.warn(
running install_lib
creating /home/afonsomeneses/Desktop/Robotics/Robotics1-main/ros2_ws/install/robotics_controller/lib/python3.10/site-packages/robotics_controller
copying /home/afonsomeneses/Desktop/Robotics/Robotics1-main/ros2_ws/build/robotics_controller/build/lib/robotics_controller/movement_subscriber.py -> /home/afonsomeneses/Desktop/Robotics/Robotics1-main/ros2_ws/install/robotics_controller/lib/python3.10/site-packages/robotics_controller
copying /home/afonsomeneses/Desktop/Robotics/Robotics1-main/ros2_ws/build/robotics_controller/build/lib/robotics_controller/__init__.py -> /home/afonsomeneses/Desktop/Robotics/Robotics1-main/ros2_ws/install/robotics_controller/lib/python3.10/site-packages/robotics_controller
copying /home/afonsomeneses/Desktop/Robotics/Robotics1-main/ros2_ws/build/robotics_controller/build/lib/robotics_controller/joystick_publisher.py -> /home/afonsomeneses/Desktop/Robotics/Robotics1-main/ros2_ws/install/robotics_controller/lib/python3.10/site-packages/robotics_controller
byte-compiling /home/afonsomeneses/Desktop/Robotics/Robotics1-main/ros2_ws/install/robotics_controller/lib/python3.10/site-packages/robotics_controller/movement_subscriber.py to movement_subscriber.cpython-310.pyc
byte-compiling /home/afonsomeneses/Desktop/Robotics/Robotics1-main/ros2_ws/install/robotics_controller/lib/python3.10/site-packages/robotics_controller/__init__.py to __init__.cpython-310.pyc
byte-compiling /home/afonsomeneses/Desktop/Robotics/Robotics1-main/ros2_ws/install/robotics_controller/lib/python3.10/site-packages/robotics_controller/joystick_publisher.py to joystick_publisher.cpython-310.pyc
running install_data
running install_egg_info
Copying ../../build/robotics_controller/robotics_controller.egg-info to /home/afonsomeneses/Desktop/Robotics/Robotics1-main/ros2_ws/install/robotics_controller/lib/python3.10/site-packages/robotics_controller-0.0.0-py3.10.egg-info
running install_scripts
writing list of installed files to '/home/afonsomeneses/Desktop/Robotics/Robotics1-main/ros2_ws/build/robotics_controller/install.log'
