[0.040s] Invoking command in '/home/franciscoazeredo/OneDrive/Documents/tecnico/4_ano/Robotica/project/ros2_ws/build/ps4_controller': CMAKE_PREFIX_PATH=/opt/ros/humble /usr/bin/cmake --build /home/franciscoazeredo/OneDrive/Documents/tecnico/4_ano/Robotica/project/ros2_ws/build/ps4_controller -- -j20 -l20
[0.069s] [35m[1mConsolidate compiler generated dependencies of target ps4_controller__rosidl_generator_c[0m
[0.079s] [  3%] Built target ps4_controller__cpp
[0.079s] [ 12%] Built target ps4_controller__rosidl_generator_c
[0.087s] [ 12%] Built target ament_cmake_python_copy_ps4_controller
[0.088s] [35m[1mConsolidate compiler generated dependencies of target ps4_controller__rosidl_typesupport_cpp[0m
[0.088s] [35m[1mConsolidate compiler generated dependencies of target ps4_controller__rosidl_typesupport_fastrtps_cpp[0m
[0.089s] [35m[1mConsolidate compiler generated dependencies of target ps4_controller__rosidl_typesupport_introspection_cpp[0m
[0.100s] [35m[1mConsolidate compiler generated dependencies of target ps4_controller__rosidl_typesupport_introspection_c[0m
[0.101s] [35m[1mConsolidate compiler generated dependencies of target ps4_controller__rosidl_typesupport_c[0m
[0.103s] [ 22%] Built target ps4_controller__rosidl_typesupport_cpp
[0.104s] [35m[1mConsolidate compiler generated dependencies of target ps4_controller__rosidl_typesupport_fastrtps_c[0m
[0.104s] [ 32%] Built target ps4_controller__rosidl_typesupport_introspection_cpp
[0.105s] [ 41%] Built target ps4_controller__rosidl_typesupport_fastrtps_cpp
[0.113s] [ 51%] Built target ps4_controller__rosidl_typesupport_introspection_c
[0.113s] [ 61%] Built target ps4_controller__rosidl_typesupport_c
[0.118s] [ 70%] Built target ps4_controller__rosidl_typesupport_fastrtps_c
[0.136s] [ 70%] Built target ps4_controller
[0.154s] [ 74%] Built target ps4_controller__py
[0.163s] [35m[1mConsolidate compiler generated dependencies of target ps4_controller__rosidl_generator_py[0m
[0.174s] [ 80%] Built target ps4_controller__rosidl_generator_py
[0.185s] [35m[1mConsolidate compiler generated dependencies of target ps4_controller__rosidl_typesupport_fastrtps_c__pyext[0m
[0.186s] [35m[1mConsolidate compiler generated dependencies of target ps4_controller__rosidl_typesupport_introspection_c__pyext[0m
[0.186s] [35m[1mConsolidate compiler generated dependencies of target ps4_controller__rosidl_typesupport_c__pyext[0m
[0.199s] [ 87%] Built target ps4_controller__rosidl_typesupport_fastrtps_c__pyext
[0.200s] [ 93%] Built target ps4_controller__rosidl_typesupport_c__pyext
[0.200s] [100%] Built target ps4_controller__rosidl_typesupport_introspection_c__pyext
[0.269s] running egg_info
[0.280s] writing ps4_controller.egg-info/PKG-INFO
[0.280s] writing dependency_links to ps4_controller.egg-info/dependency_links.txt
[0.280s] writing top-level names to ps4_controller.egg-info/top_level.txt
[0.311s] reading manifest file 'ps4_controller.egg-info/SOURCES.txt'
[0.311s] writing manifest file 'ps4_controller.egg-info/SOURCES.txt'
[0.331s] [100%] Built target ament_cmake_python_build_ps4_controller_egg
[0.341s] Invoked command in '/home/franciscoazeredo/OneDrive/Documents/tecnico/4_ano/Robotica/project/ros2_ws/build/ps4_controller' returned '0': CMAKE_PREFIX_PATH=/opt/ros/humble /usr/bin/cmake --build /home/franciscoazeredo/OneDrive/Documents/tecnico/4_ano/Robotica/project/ros2_ws/build/ps4_controller -- -j20 -l20
[0.408s] Invoking command in '/home/franciscoazeredo/OneDrive/Documents/tecnico/4_ano/Robotica/project/ros2_ws/build/ps4_controller': CMAKE_PREFIX_PATH=/opt/ros/humble /usr/bin/cmake --install /home/franciscoazeredo/OneDrive/Documents/tecnico/4_ano/Robotica/project/ros2_ws/build/ps4_controller
[0.414s] -- Install configuration: ""
[0.414s] -- Up-to-date: /home/franciscoazeredo/OneDrive/Documents/tecnico/4_ano/Robotica/project/ros2_ws/install/ps4_controller/share/ament_index/resource_index/rosidl_interfaces/ps4_controller
[0.414s] -- Up-to-date: /home/franciscoazeredo/OneDrive/Documents/tecnico/4_ano/Robotica/project/ros2_ws/install/ps4_controller/include/ps4_controller/ps4_controller
[0.414s] -- Up-to-date: /home/franciscoazeredo/OneDrive/Documents/tecnico/4_ano/Robotica/project/ros2_ws/install/ps4_controller/include/ps4_controller/ps4_controller/msg
[0.414s] -- Up-to-date: /home/franciscoazeredo/OneDrive/Documents/tecnico/4_ano/Robotica/project/ros2_ws/install/ps4_controller/include/ps4_controller/ps4_controller/msg/ps4_controller.h
[0.414s] -- Up-to-date: /home/franciscoazeredo/OneDrive/Documents/tecnico/4_ano/Robotica/project/ros2_ws/install/ps4_controller/include/ps4_controller/ps4_controller/msg/detail
[0.414s] -- Up-to-date: /home/franciscoazeredo/OneDrive/Documents/tecnico/4_ano/Robotica/project/ros2_ws/install/ps4_controller/include/ps4_controller/ps4_controller/msg/detail/ps4_controller__functions.c
[0.414s] -- Up-to-date: /home/franciscoazeredo/OneDrive/Documents/tecnico/4_ano/Robotica/project/ros2_ws/install/ps4_controller/include/ps4_controller/ps4_controller/msg/detail/ps4_controller__functions.h
[0.414s] -- Up-to-date: /home/franciscoazeredo/OneDrive/Documents/tecnico/4_ano/Robotica/project/ros2_ws/install/ps4_controller/include/ps4_controller/ps4_controller/msg/detail/ps4_controller__type_support.h
[0.414s] -- Up-to-date: /home/franciscoazeredo/OneDrive/Documents/tecnico/4_ano/Robotica/project/ros2_ws/install/ps4_controller/include/ps4_controller/ps4_controller/msg/detail/ps4_controller__struct.h
[0.414s] -- Up-to-date: /home/franciscoazeredo/OneDrive/Documents/tecnico/4_ano/Robotica/project/ros2_ws/install/ps4_controller/include/ps4_controller/ps4_controller/msg/rosidl_generator_c__visibility_control.h
[0.415s] -- Up-to-date: /home/franciscoazeredo/OneDrive/Documents/tecnico/4_ano/Robotica/project/ros2_ws/install/ps4_controller/share/ps4_controller/environment/library_path.sh
[0.415s] -- Up-to-date: /home/franciscoazeredo/OneDrive/Documents/tecnico/4_ano/Robotica/project/ros2_ws/install/ps4_controller/share/ps4_controller/environment/library_path.dsv
[0.415s] -- Up-to-date: /home/franciscoazeredo/OneDrive/Documents/tecnico/4_ano/Robotica/project/ros2_ws/install/ps4_controller/lib/libps4_controller__rosidl_generator_c.so
[0.415s] -- Up-to-date: /home/franciscoazeredo/OneDrive/Documents/tecnico/4_ano/Robotica/project/ros2_ws/install/ps4_controller/include/ps4_controller/ps4_controller
[0.415s] -- Up-to-date: /home/franciscoazeredo/OneDrive/Documents/tecnico/4_ano/Robotica/project/ros2_ws/install/ps4_controller/include/ps4_controller/ps4_controller/msg
[0.415s] -- Up-to-date: /home/franciscoazeredo/OneDrive/Documents/tecnico/4_ano/Robotica/project/ros2_ws/install/ps4_controller/include/ps4_controller/ps4_controller/msg/detail
[0.415s] -- Up-to-date: /home/franciscoazeredo/OneDrive/Documents/tecnico/4_ano/Robotica/project/ros2_ws/install/ps4_controller/include/ps4_controller/ps4_controller/msg/detail/ps4_controller__rosidl_typesupport_fastrtps_c.h
[0.415s] -- Up-to-date: /home/franciscoazeredo/OneDrive/Documents/tecnico/4_ano/Robotica/project/ros2_ws/install/ps4_controller/include/ps4_controller/ps4_controller/msg/rosidl_typesupport_fastrtps_c__visibility_control.h
[0.415s] -- Up-to-date: /home/franciscoazeredo/OneDrive/Documents/tecnico/4_ano/Robotica/project/ros2_ws/install/ps4_controller/lib/libps4_controller__rosidl_typesupport_fastrtps_c.so
[0.415s] -- Up-to-date: /home/franciscoazeredo/OneDrive/Documents/tecnico/4_ano/Robotica/project/ros2_ws/install/ps4_controller/include/ps4_controller/ps4_controller
[0.415s] -- Up-to-date: /home/franciscoazeredo/OneDrive/Documents/tecnico/4_ano/Robotica/project/ros2_ws/install/ps4_controller/include/ps4_controller/ps4_controller/msg
[0.415s] -- Up-to-date: /home/franciscoazeredo/OneDrive/Documents/tecnico/4_ano/Robotica/project/ros2_ws/install/ps4_controller/include/ps4_controller/ps4_controller/msg/detail
[0.415s] -- Up-to-date: /home/franciscoazeredo/OneDrive/Documents/tecnico/4_ano/Robotica/project/ros2_ws/install/ps4_controller/include/ps4_controller/ps4_controller/msg/detail/ps4_controller__rosidl_typesupport_introspection_c.h
[0.415s] -- Up-to-date: /home/franciscoazeredo/OneDrive/Documents/tecnico/4_ano/Robotica/project/ros2_ws/install/ps4_controller/include/ps4_controller/ps4_controller/msg/detail/ps4_controller__type_support.c
[0.415s] -- Up-to-date: /home/franciscoazeredo/OneDrive/Documents/tecnico/4_ano/Robotica/project/ros2_ws/install/ps4_controller/include/ps4_controller/ps4_controller/msg/rosidl_typesupport_introspection_c__visibility_control.h
[0.415s] -- Up-to-date: /home/franciscoazeredo/OneDrive/Documents/tecnico/4_ano/Robotica/project/ros2_ws/install/ps4_controller/lib/libps4_controller__rosidl_typesupport_introspection_c.so
[0.415s] -- Up-to-date: /home/franciscoazeredo/OneDrive/Documents/tecnico/4_ano/Robotica/project/ros2_ws/install/ps4_controller/lib/libps4_controller__rosidl_typesupport_c.so
[0.416s] -- Up-to-date: /home/franciscoazeredo/OneDrive/Documents/tecnico/4_ano/Robotica/project/ros2_ws/install/ps4_controller/include/ps4_controller/ps4_controller
[0.416s] -- Up-to-date: /home/franciscoazeredo/OneDrive/Documents/tecnico/4_ano/Robotica/project/ros2_ws/install/ps4_controller/include/ps4_controller/ps4_controller/msg
[0.416s] -- Up-to-date: /home/franciscoazeredo/OneDrive/Documents/tecnico/4_ano/Robotica/project/ros2_ws/install/ps4_controller/include/ps4_controller/ps4_controller/msg/detail
[0.416s] -- Up-to-date: /home/franciscoazeredo/OneDrive/Documents/tecnico/4_ano/Robotica/project/ros2_ws/install/ps4_controller/include/ps4_controller/ps4_controller/msg/detail/ps4_controller__struct.hpp
[0.416s] -- Up-to-date: /home/franciscoazeredo/OneDrive/Documents/tecnico/4_ano/Robotica/project/ros2_ws/install/ps4_controller/include/ps4_controller/ps4_controller/msg/detail/ps4_controller__traits.hpp
[0.416s] -- Up-to-date: /home/franciscoazeredo/OneDrive/Documents/tecnico/4_ano/Robotica/project/ros2_ws/install/ps4_controller/include/ps4_controller/ps4_controller/msg/detail/ps4_controller__builder.hpp
[0.416s] -- Up-to-date: /home/franciscoazeredo/OneDrive/Documents/tecnico/4_ano/Robotica/project/ros2_ws/install/ps4_controller/include/ps4_controller/ps4_controller/msg/ps4_controller.hpp
[0.416s] -- Up-to-date: /home/franciscoazeredo/OneDrive/Documents/tecnico/4_ano/Robotica/project/ros2_ws/install/ps4_controller/include/ps4_controller/ps4_controller
[0.416s] -- Up-to-date: /home/franciscoazeredo/OneDrive/Documents/tecnico/4_ano/Robotica/project/ros2_ws/install/ps4_controller/include/ps4_controller/ps4_controller/msg
[0.416s] -- Up-to-date: /home/franciscoazeredo/OneDrive/Documents/tecnico/4_ano/Robotica/project/ros2_ws/install/ps4_controller/include/ps4_controller/ps4_controller/msg/rosidl_typesupport_fastrtps_cpp__visibility_control.h
[0.416s] -- Up-to-date: /home/franciscoazeredo/OneDrive/Documents/tecnico/4_ano/Robotica/project/ros2_ws/install/ps4_controller/include/ps4_controller/ps4_controller/msg/detail
[0.416s] -- Up-to-date: /home/franciscoazeredo/OneDrive/Documents/tecnico/4_ano/Robotica/project/ros2_ws/install/ps4_controller/include/ps4_controller/ps4_controller/msg/detail/ps4_controller__rosidl_typesupport_fastrtps_cpp.hpp
[0.416s] -- Up-to-date: /home/franciscoazeredo/OneDrive/Documents/tecnico/4_ano/Robotica/project/ros2_ws/install/ps4_controller/include/ps4_controller/ps4_controller/msg/detail/dds_fastrtps
[0.416s] -- Up-to-date: /home/franciscoazeredo/OneDrive/Documents/tecnico/4_ano/Robotica/project/ros2_ws/install/ps4_controller/lib/libps4_controller__rosidl_typesupport_fastrtps_cpp.so
[0.416s] -- Up-to-date: /home/franciscoazeredo/OneDrive/Documents/tecnico/4_ano/Robotica/project/ros2_ws/install/ps4_controller/include/ps4_controller/ps4_controller
[0.417s] -- Up-to-date: /home/franciscoazeredo/OneDrive/Documents/tecnico/4_ano/Robotica/project/ros2_ws/install/ps4_controller/include/ps4_controller/ps4_controller/msg
[0.417s] -- Up-to-date: /home/franciscoazeredo/OneDrive/Documents/tecnico/4_ano/Robotica/project/ros2_ws/install/ps4_controller/include/ps4_controller/ps4_controller/msg/detail
[0.417s] -- Up-to-date: /home/franciscoazeredo/OneDrive/Documents/tecnico/4_ano/Robotica/project/ros2_ws/install/ps4_controller/include/ps4_controller/ps4_controller/msg/detail/ps4_controller__rosidl_typesupport_introspection_cpp.hpp
[0.417s] -- Up-to-date: /home/franciscoazeredo/OneDrive/Documents/tecnico/4_ano/Robotica/project/ros2_ws/install/ps4_controller/include/ps4_controller/ps4_controller/msg/detail/ps4_controller__type_support.cpp
[0.417s] -- Up-to-date: /home/franciscoazeredo/OneDrive/Documents/tecnico/4_ano/Robotica/project/ros2_ws/install/ps4_controller/lib/libps4_controller__rosidl_typesupport_introspection_cpp.so
[0.417s] -- Up-to-date: /home/franciscoazeredo/OneDrive/Documents/tecnico/4_ano/Robotica/project/ros2_ws/install/ps4_controller/lib/libps4_controller__rosidl_typesupport_cpp.so
[0.417s] -- Up-to-date: /home/franciscoazeredo/OneDrive/Documents/tecnico/4_ano/Robotica/project/ros2_ws/install/ps4_controller/share/ps4_controller/environment/pythonpath.sh
[0.417s] -- Up-to-date: /home/franciscoazeredo/OneDrive/Documents/tecnico/4_ano/Robotica/project/ros2_ws/install/ps4_controller/share/ps4_controller/environment/pythonpath.dsv
[0.417s] -- Up-to-date: /home/franciscoazeredo/OneDrive/Documents/tecnico/4_ano/Robotica/project/ros2_ws/install/ps4_controller/local/lib/python3.10/dist-packages/ps4_controller-0.0.0-py3.10.egg-info
[0.417s] -- Installing: /home/franciscoazeredo/OneDrive/Documents/tecnico/4_ano/Robotica/project/ros2_ws/install/ps4_controller/local/lib/python3.10/dist-packages/ps4_controller-0.0.0-py3.10.egg-info/PKG-INFO
[0.417s] -- Installing: /home/franciscoazeredo/OneDrive/Documents/tecnico/4_ano/Robotica/project/ros2_ws/install/ps4_controller/local/lib/python3.10/dist-packages/ps4_controller-0.0.0-py3.10.egg-info/top_level.txt
[0.417s] -- Installing: /home/franciscoazeredo/OneDrive/Documents/tecnico/4_ano/Robotica/project/ros2_ws/install/ps4_controller/local/lib/python3.10/dist-packages/ps4_controller-0.0.0-py3.10.egg-info/SOURCES.txt
[0.417s] -- Installing: /home/franciscoazeredo/OneDrive/Documents/tecnico/4_ano/Robotica/project/ros2_ws/install/ps4_controller/local/lib/python3.10/dist-packages/ps4_controller-0.0.0-py3.10.egg-info/dependency_links.txt
[0.417s] -- Up-to-date: /home/franciscoazeredo/OneDrive/Documents/tecnico/4_ano/Robotica/project/ros2_ws/install/ps4_controller/local/lib/python3.10/dist-packages/ps4_controller
[0.417s] -- Up-to-date: /home/franciscoazeredo/OneDrive/Documents/tecnico/4_ano/Robotica/project/ros2_ws/install/ps4_controller/local/lib/python3.10/dist-packages/ps4_controller/libps4_controller__rosidl_generator_py.so
[0.417s] -- Up-to-date: /home/franciscoazeredo/OneDrive/Documents/tecnico/4_ano/Robotica/project/ros2_ws/install/ps4_controller/local/lib/python3.10/dist-packages/ps4_controller/ps4_controller_s__rosidl_typesupport_c.cpython-310-x86_64-linux-gnu.so
[0.417s] -- Up-to-date: /home/franciscoazeredo/OneDrive/Documents/tecnico/4_ano/Robotica/project/ros2_ws/install/ps4_controller/local/lib/python3.10/dist-packages/ps4_controller/_ps4_controller_s.ep.rosidl_typesupport_fastrtps_c.c
[0.417s] -- Up-to-date: /home/franciscoazeredo/OneDrive/Documents/tecnico/4_ano/Robotica/project/ros2_ws/install/ps4_controller/local/lib/python3.10/dist-packages/ps4_controller/ps4_controller_s__rosidl_typesupport_introspection_c.cpython-310-x86_64-linux-gnu.so
[0.417s] -- Up-to-date: /home/franciscoazeredo/OneDrive/Documents/tecnico/4_ano/Robotica/project/ros2_ws/install/ps4_controller/local/lib/python3.10/dist-packages/ps4_controller/msg
[0.418s] -- Up-to-date: /home/franciscoazeredo/OneDrive/Documents/tecnico/4_ano/Robotica/project/ros2_ws/install/ps4_controller/local/lib/python3.10/dist-packages/ps4_controller/msg/_ps4_controller_s.c
[0.418s] -- Up-to-date: /home/franciscoazeredo/OneDrive/Documents/tecnico/4_ano/Robotica/project/ros2_ws/install/ps4_controller/local/lib/python3.10/dist-packages/ps4_controller/msg/__init__.py
[0.418s] -- Up-to-date: /home/franciscoazeredo/OneDrive/Documents/tecnico/4_ano/Robotica/project/ros2_ws/install/ps4_controller/local/lib/python3.10/dist-packages/ps4_controller/msg/_ps4_controller.py
[0.418s] -- Up-to-date: /home/franciscoazeredo/OneDrive/Documents/tecnico/4_ano/Robotica/project/ros2_ws/install/ps4_controller/local/lib/python3.10/dist-packages/ps4_controller/_ps4_controller_s.ep.rosidl_typesupport_c.c
[0.418s] -- Up-to-date: /home/franciscoazeredo/OneDrive/Documents/tecnico/4_ano/Robotica/project/ros2_ws/install/ps4_controller/local/lib/python3.10/dist-packages/ps4_controller/__init__.py
[0.418s] -- Up-to-date: /home/franciscoazeredo/OneDrive/Documents/tecnico/4_ano/Robotica/project/ros2_ws/install/ps4_controller/local/lib/python3.10/dist-packages/ps4_controller/_ps4_controller_s.ep.rosidl_typesupport_introspection_c.c
[0.418s] -- Up-to-date: /home/franciscoazeredo/OneDrive/Documents/tecnico/4_ano/Robotica/project/ros2_ws/install/ps4_controller/local/lib/python3.10/dist-packages/ps4_controller/ps4_controller_s__rosidl_typesupport_fastrtps_c.cpython-310-x86_64-linux-gnu.so
[0.443s] Listing '/home/franciscoazeredo/OneDrive/Documents/tecnico/4_ano/Robotica/project/ros2_ws/install/ps4_controller/local/lib/python3.10/dist-packages/ps4_controller'...
[0.443s] Listing '/home/franciscoazeredo/OneDrive/Documents/tecnico/4_ano/Robotica/project/ros2_ws/install/ps4_controller/local/lib/python3.10/dist-packages/ps4_controller/msg'...
[0.447s] -- Up-to-date: /home/franciscoazeredo/OneDrive/Documents/tecnico/4_ano/Robotica/project/ros2_ws/install/ps4_controller/local/lib/python3.10/dist-packages/ps4_controller/ps4_controller_s__rosidl_typesupport_fastrtps_c.cpython-310-x86_64-linux-gnu.so
[0.447s] -- Up-to-date: /home/franciscoazeredo/OneDrive/Documents/tecnico/4_ano/Robotica/project/ros2_ws/install/ps4_controller/local/lib/python3.10/dist-packages/ps4_controller/ps4_controller_s__rosidl_typesupport_introspection_c.cpython-310-x86_64-linux-gnu.so
[0.447s] -- Up-to-date: /home/franciscoazeredo/OneDrive/Documents/tecnico/4_ano/Robotica/project/ros2_ws/install/ps4_controller/local/lib/python3.10/dist-packages/ps4_controller/ps4_controller_s__rosidl_typesupport_c.cpython-310-x86_64-linux-gnu.so
[0.447s] -- Up-to-date: /home/franciscoazeredo/OneDrive/Documents/tecnico/4_ano/Robotica/project/ros2_ws/install/ps4_controller/lib/libps4_controller__rosidl_generator_py.so
[0.447s] -- Up-to-date: /home/franciscoazeredo/OneDrive/Documents/tecnico/4_ano/Robotica/project/ros2_ws/install/ps4_controller/share/ps4_controller/msg/Ps4Controller.idl
[0.447s] -- Up-to-date: /home/franciscoazeredo/OneDrive/Documents/tecnico/4_ano/Robotica/project/ros2_ws/install/ps4_controller/share/ps4_controller/msg/Ps4Controller.msg
[0.447s] -- Up-to-date: /home/franciscoazeredo/OneDrive/Documents/tecnico/4_ano/Robotica/project/ros2_ws/install/ps4_controller/share/ament_index/resource_index/package_run_dependencies/ps4_controller
[0.447s] -- Up-to-date: /home/franciscoazeredo/OneDrive/Documents/tecnico/4_ano/Robotica/project/ros2_ws/install/ps4_controller/share/ament_index/resource_index/parent_prefix_path/ps4_controller
[0.447s] -- Up-to-date: /home/franciscoazeredo/OneDrive/Documents/tecnico/4_ano/Robotica/project/ros2_ws/install/ps4_controller/share/ps4_controller/environment/ament_prefix_path.sh
[0.447s] -- Up-to-date: /home/franciscoazeredo/OneDrive/Documents/tecnico/4_ano/Robotica/project/ros2_ws/install/ps4_controller/share/ps4_controller/environment/ament_prefix_path.dsv
[0.447s] -- Up-to-date: /home/franciscoazeredo/OneDrive/Documents/tecnico/4_ano/Robotica/project/ros2_ws/install/ps4_controller/share/ps4_controller/environment/path.sh
[0.447s] -- Up-to-date: /home/franciscoazeredo/OneDrive/Documents/tecnico/4_ano/Robotica/project/ros2_ws/install/ps4_controller/share/ps4_controller/environment/path.dsv
[0.447s] -- Up-to-date: /home/franciscoazeredo/OneDrive/Documents/tecnico/4_ano/Robotica/project/ros2_ws/install/ps4_controller/share/ps4_controller/local_setup.bash
[0.447s] -- Up-to-date: /home/franciscoazeredo/OneDrive/Documents/tecnico/4_ano/Robotica/project/ros2_ws/install/ps4_controller/share/ps4_controller/local_setup.sh
[0.447s] -- Up-to-date: /home/franciscoazeredo/OneDrive/Documents/tecnico/4_ano/Robotica/project/ros2_ws/install/ps4_controller/share/ps4_controller/local_setup.zsh
[0.448s] -- Up-to-date: /home/franciscoazeredo/OneDrive/Documents/tecnico/4_ano/Robotica/project/ros2_ws/install/ps4_controller/share/ps4_controller/local_setup.dsv
[0.448s] -- Installing: /home/franciscoazeredo/OneDrive/Documents/tecnico/4_ano/Robotica/project/ros2_ws/install/ps4_controller/share/ps4_controller/package.dsv
[0.448s] -- Up-to-date: /home/franciscoazeredo/OneDrive/Documents/tecnico/4_ano/Robotica/project/ros2_ws/install/ps4_controller/share/ament_index/resource_index/packages/ps4_controller
[0.448s] -- Up-to-date: /home/franciscoazeredo/OneDrive/Documents/tecnico/4_ano/Robotica/project/ros2_ws/install/ps4_controller/share/ps4_controller/cmake/export_ps4_controller__rosidl_generator_cExport.cmake
[0.448s] -- Up-to-date: /home/franciscoazeredo/OneDrive/Documents/tecnico/4_ano/Robotica/project/ros2_ws/install/ps4_controller/share/ps4_controller/cmake/export_ps4_controller__rosidl_generator_cExport-noconfig.cmake
[0.448s] -- Up-to-date: /home/franciscoazeredo/OneDrive/Documents/tecnico/4_ano/Robotica/project/ros2_ws/install/ps4_controller/share/ps4_controller/cmake/export_ps4_controller__rosidl_typesupport_fastrtps_cExport.cmake
[0.448s] -- Up-to-date: /home/franciscoazeredo/OneDrive/Documents/tecnico/4_ano/Robotica/project/ros2_ws/install/ps4_controller/share/ps4_controller/cmake/export_ps4_controller__rosidl_typesupport_fastrtps_cExport-noconfig.cmake
[0.448s] -- Up-to-date: /home/franciscoazeredo/OneDrive/Documents/tecnico/4_ano/Robotica/project/ros2_ws/install/ps4_controller/share/ps4_controller/cmake/ps4_controller__rosidl_typesupport_introspection_cExport.cmake
[0.448s] -- Up-to-date: /home/franciscoazeredo/OneDrive/Documents/tecnico/4_ano/Robotica/project/ros2_ws/install/ps4_controller/share/ps4_controller/cmake/ps4_controller__rosidl_typesupport_introspection_cExport-noconfig.cmake
[0.448s] -- Up-to-date: /home/franciscoazeredo/OneDrive/Documents/tecnico/4_ano/Robotica/project/ros2_ws/install/ps4_controller/share/ps4_controller/cmake/ps4_controller__rosidl_typesupport_cExport.cmake
[0.448s] -- Up-to-date: /home/franciscoazeredo/OneDrive/Documents/tecnico/4_ano/Robotica/project/ros2_ws/install/ps4_controller/share/ps4_controller/cmake/ps4_controller__rosidl_typesupport_cExport-noconfig.cmake
[0.448s] -- Up-to-date: /home/franciscoazeredo/OneDrive/Documents/tecnico/4_ano/Robotica/project/ros2_ws/install/ps4_controller/share/ps4_controller/cmake/export_ps4_controller__rosidl_generator_cppExport.cmake
[0.448s] -- Up-to-date: /home/franciscoazeredo/OneDrive/Documents/tecnico/4_ano/Robotica/project/ros2_ws/install/ps4_controller/share/ps4_controller/cmake/export_ps4_controller__rosidl_typesupport_fastrtps_cppExport.cmake
[0.448s] -- Up-to-date: /home/franciscoazeredo/OneDrive/Documents/tecnico/4_ano/Robotica/project/ros2_ws/install/ps4_controller/share/ps4_controller/cmake/export_ps4_controller__rosidl_typesupport_fastrtps_cppExport-noconfig.cmake
[0.448s] -- Up-to-date: /home/franciscoazeredo/OneDrive/Documents/tecnico/4_ano/Robotica/project/ros2_ws/install/ps4_controller/share/ps4_controller/cmake/ps4_controller__rosidl_typesupport_introspection_cppExport.cmake
[0.448s] -- Up-to-date: /home/franciscoazeredo/OneDrive/Documents/tecnico/4_ano/Robotica/project/ros2_ws/install/ps4_controller/share/ps4_controller/cmake/ps4_controller__rosidl_typesupport_introspection_cppExport-noconfig.cmake
[0.448s] -- Up-to-date: /home/franciscoazeredo/OneDrive/Documents/tecnico/4_ano/Robotica/project/ros2_ws/install/ps4_controller/share/ps4_controller/cmake/ps4_controller__rosidl_typesupport_cppExport.cmake
[0.449s] -- Up-to-date: /home/franciscoazeredo/OneDrive/Documents/tecnico/4_ano/Robotica/project/ros2_ws/install/ps4_controller/share/ps4_controller/cmake/ps4_controller__rosidl_typesupport_cppExport-noconfig.cmake
[0.449s] -- Up-to-date: /home/franciscoazeredo/OneDrive/Documents/tecnico/4_ano/Robotica/project/ros2_ws/install/ps4_controller/share/ps4_controller/cmake/export_ps4_controller__rosidl_generator_pyExport.cmake
[0.449s] -- Up-to-date: /home/franciscoazeredo/OneDrive/Documents/tecnico/4_ano/Robotica/project/ros2_ws/install/ps4_controller/share/ps4_controller/cmake/export_ps4_controller__rosidl_generator_pyExport-noconfig.cmake
[0.449s] -- Up-to-date: /home/franciscoazeredo/OneDrive/Documents/tecnico/4_ano/Robotica/project/ros2_ws/install/ps4_controller/share/ps4_controller/cmake/rosidl_cmake-extras.cmake
[0.449s] -- Up-to-date: /home/franciscoazeredo/OneDrive/Documents/tecnico/4_ano/Robotica/project/ros2_ws/install/ps4_controller/share/ps4_controller/cmake/ament_cmake_export_include_directories-extras.cmake
[0.449s] -- Up-to-date: /home/franciscoazeredo/OneDrive/Documents/tecnico/4_ano/Robotica/project/ros2_ws/install/ps4_controller/share/ps4_controller/cmake/ament_cmake_export_libraries-extras.cmake
[0.449s] -- Up-to-date: /home/franciscoazeredo/OneDrive/Documents/tecnico/4_ano/Robotica/project/ros2_ws/install/ps4_controller/share/ps4_controller/cmake/ament_cmake_export_targets-extras.cmake
[0.449s] -- Up-to-date: /home/franciscoazeredo/OneDrive/Documents/tecnico/4_ano/Robotica/project/ros2_ws/install/ps4_controller/share/ps4_controller/cmake/rosidl_cmake_export_typesupport_targets-extras.cmake
[0.449s] -- Up-to-date: /home/franciscoazeredo/OneDrive/Documents/tecnico/4_ano/Robotica/project/ros2_ws/install/ps4_controller/share/ps4_controller/cmake/ament_cmake_export_dependencies-extras.cmake
[0.449s] -- Up-to-date: /home/franciscoazeredo/OneDrive/Documents/tecnico/4_ano/Robotica/project/ros2_ws/install/ps4_controller/share/ps4_controller/cmake/rosidl_cmake_export_typesupport_libraries-extras.cmake
[0.449s] -- Up-to-date: /home/franciscoazeredo/OneDrive/Documents/tecnico/4_ano/Robotica/project/ros2_ws/install/ps4_controller/share/ps4_controller/cmake/ps4_controllerConfig.cmake
[0.449s] -- Up-to-date: /home/franciscoazeredo/OneDrive/Documents/tecnico/4_ano/Robotica/project/ros2_ws/install/ps4_controller/share/ps4_controller/cmake/ps4_controllerConfig-version.cmake
[0.449s] -- Up-to-date: /home/franciscoazeredo/OneDrive/Documents/tecnico/4_ano/Robotica/project/ros2_ws/install/ps4_controller/share/ps4_controller/package.xml
[0.451s] Invoked command in '/home/franciscoazeredo/OneDrive/Documents/tecnico/4_ano/Robotica/project/ros2_ws/build/ps4_controller' returned '0': CMAKE_PREFIX_PATH=/opt/ros/humble /usr/bin/cmake --install /home/franciscoazeredo/OneDrive/Documents/tecnico/4_ano/Robotica/project/ros2_ws/build/ps4_controller
