[0.905s] DEBUG:colcon:Command line arguments: ['/usr/bin/colcon', 'build', '--symlink-install']
[0.905s] DEBUG:colcon:Parsed command line arguments: Namespace(log_base=None, log_level=None, verb_name='build', build_base='build', install_base='install', merge_install=False, symlink_install=True, test_result_base=None, continue_on_error=False, executor='parallel', parallel_workers=8, event_handlers=None, ignore_user_meta=False, metas=['./colcon.meta'], base_paths=['.'], packages_ignore=None, packages_ignore_regex=None, paths=None, packages_up_to=None, packages_up_to_regex=None, packages_above=None, packages_above_and_dependencies=None, packages_above_depth=None, packages_select_by_dep=None, packages_skip_by_dep=None, packages_skip_up_to=None, packages_select_build_failed=False, packages_skip_build_finished=False, packages_select_test_failures=False, packages_skip_test_passed=False, packages_select=None, packages_skip=None, packages_select_regex=None, packages_skip_regex=None, packages_start=None, packages_end=None, allow_overriding=[], cmake_args=None, cmake_target=None, cmake_target_skip_unavailable=False, cmake_clean_cache=False, cmake_clean_first=False, cmake_force_configure=False, ament_cmake_args=None, catkin_cmake_args=None, catkin_skip_building_tests=False, verb_parser=<colcon_defaults.argument_parser.defaults.DefaultArgumentsDecorator object at 0x7fde0d39a2c0>, verb_extension=<colcon_core.verb.build.BuildVerb object at 0x7fde0d3996f0>, main=<bound method BuildVerb.main of <colcon_core.verb.build.BuildVerb object at 0x7fde0d3996f0>>)
[0.963s] Level 1:colcon.colcon_core.package_discovery:discover_packages(colcon_meta) check parameters
[0.963s] Level 1:colcon.colcon_core.package_discovery:discover_packages(recursive) check parameters
[0.963s] Level 1:colcon.colcon_core.package_discovery:discover_packages(ignore) check parameters
[0.964s] Level 1:colcon.colcon_core.package_discovery:discover_packages(path) check parameters
[0.964s] Level 1:colcon.colcon_core.package_discovery:discover_packages(colcon_meta) discover
[0.964s] Level 1:colcon.colcon_core.package_discovery:discover_packages(recursive) discover
[0.964s] INFO:colcon.colcon_core.package_discovery:Crawling recursively for packages in '/home/afonsomeneses/Desktop/Robotics/Robotics1-main/ros2_ws'
[0.964s] Level 1:colcon.colcon_core.package_identification:_identify(.) by extensions ['ignore', 'ignore_ament_install']
[0.964s] Level 1:colcon.colcon_core.package_identification:_identify(.) by extension 'ignore'
[0.965s] Level 1:colcon.colcon_core.package_identification:_identify(.) by extension 'ignore_ament_install'
[0.965s] Level 1:colcon.colcon_core.package_identification:_identify(.) by extensions ['colcon_pkg']
[0.965s] Level 1:colcon.colcon_core.package_identification:_identify(.) by extension 'colcon_pkg'
[0.965s] Level 1:colcon.colcon_core.package_identification:_identify(.) by extensions ['colcon_meta']
[0.965s] Level 1:colcon.colcon_core.package_identification:_identify(.) by extension 'colcon_meta'
[0.965s] Level 1:colcon.colcon_core.package_identification:_identify(.) by extensions ['ros']
[0.965s] Level 1:colcon.colcon_core.package_identification:_identify(.) by extension 'ros'
[0.989s] Level 1:colcon.colcon_core.package_identification:_identify(.) by extensions ['cmake', 'python']
[0.989s] Level 1:colcon.colcon_core.package_identification:_identify(.) by extension 'cmake'
[0.989s] Level 1:colcon.colcon_core.package_identification:_identify(.) by extension 'python'
[0.989s] Level 1:colcon.colcon_core.package_identification:_identify(.) by extensions ['python_setup_py']
[0.989s] Level 1:colcon.colcon_core.package_identification:_identify(.) by extension 'python_setup_py'
[0.989s] Level 1:colcon.colcon_core.package_identification:_identify(build) by extensions ['ignore', 'ignore_ament_install']
[0.989s] Level 1:colcon.colcon_core.package_identification:_identify(build) by extension 'ignore'
[0.990s] Level 1:colcon.colcon_core.package_identification:_identify(build) ignored
[0.990s] Level 1:colcon.colcon_core.package_identification:_identify(install) by extensions ['ignore', 'ignore_ament_install']
[0.990s] Level 1:colcon.colcon_core.package_identification:_identify(install) by extension 'ignore'
[0.990s] Level 1:colcon.colcon_core.package_identification:_identify(install) ignored
[0.990s] Level 1:colcon.colcon_core.package_identification:_identify(log) by extensions ['ignore', 'ignore_ament_install']
[0.990s] Level 1:colcon.colcon_core.package_identification:_identify(log) by extension 'ignore'
[0.990s] Level 1:colcon.colcon_core.package_identification:_identify(log) ignored
[0.990s] Level 1:colcon.colcon_core.package_identification:_identify(src) by extensions ['ignore', 'ignore_ament_install']
[0.990s] Level 1:colcon.colcon_core.package_identification:_identify(src) by extension 'ignore'
[0.990s] Level 1:colcon.colcon_core.package_identification:_identify(src) by extension 'ignore_ament_install'
[0.991s] Level 1:colcon.colcon_core.package_identification:_identify(src) by extensions ['colcon_pkg']
[0.991s] Level 1:colcon.colcon_core.package_identification:_identify(src) by extension 'colcon_pkg'
[0.991s] Level 1:colcon.colcon_core.package_identification:_identify(src) by extensions ['colcon_meta']
[0.991s] Level 1:colcon.colcon_core.package_identification:_identify(src) by extension 'colcon_meta'
[0.991s] Level 1:colcon.colcon_core.package_identification:_identify(src) by extensions ['ros']
[0.991s] Level 1:colcon.colcon_core.package_identification:_identify(src) by extension 'ros'
[0.991s] Level 1:colcon.colcon_core.package_identification:_identify(src) by extensions ['cmake', 'python']
[0.991s] Level 1:colcon.colcon_core.package_identification:_identify(src) by extension 'cmake'
[0.991s] Level 1:colcon.colcon_core.package_identification:_identify(src) by extension 'python'
[0.991s] Level 1:colcon.colcon_core.package_identification:_identify(src) by extensions ['python_setup_py']
[0.991s] Level 1:colcon.colcon_core.package_identification:_identify(src) by extension 'python_setup_py'
[0.991s] Level 1:colcon.colcon_core.package_identification:_identify(src/robotics_controller) by extensions ['ignore', 'ignore_ament_install']
[0.991s] Level 1:colcon.colcon_core.package_identification:_identify(src/robotics_controller) by extension 'ignore'
[0.991s] Level 1:colcon.colcon_core.package_identification:_identify(src/robotics_controller) by extension 'ignore_ament_install'
[0.992s] Level 1:colcon.colcon_core.package_identification:_identify(src/robotics_controller) by extensions ['colcon_pkg']
[0.992s] Level 1:colcon.colcon_core.package_identification:_identify(src/robotics_controller) by extension 'colcon_pkg'
[0.992s] Level 1:colcon.colcon_core.package_identification:_identify(src/robotics_controller) by extensions ['colcon_meta']
[0.992s] Level 1:colcon.colcon_core.package_identification:_identify(src/robotics_controller) by extension 'colcon_meta'
[0.992s] Level 1:colcon.colcon_core.package_identification:_identify(src/robotics_controller) by extensions ['ros']
[0.992s] Level 1:colcon.colcon_core.package_identification:_identify(src/robotics_controller) by extension 'ros'
[0.996s] DEBUG:colcon.colcon_core.package_identification:Package 'src/robotics_controller' with type 'ros.ament_python' and name 'robotics_controller'
[0.996s] Level 1:colcon.colcon_core.package_discovery:discover_packages(recursive) using defaults
[0.996s] Level 1:colcon.colcon_core.package_discovery:discover_packages(ignore) discover
[0.996s] Level 1:colcon.colcon_core.package_discovery:discover_packages(ignore) using defaults
[0.996s] Level 1:colcon.colcon_core.package_discovery:discover_packages(path) discover
[0.996s] Level 1:colcon.colcon_core.package_discovery:discover_packages(path) using defaults
[1.086s] Level 1:colcon.colcon_core.package_discovery:discover_packages(prefix_path) check parameters
[1.086s] Level 1:colcon.colcon_core.package_discovery:discover_packages(prefix_path) discover
[1.101s] Level 1:colcon.colcon_core.package_discovery:discover_packages(prefix_path) using defaults
[1.132s] Level 5:colcon.colcon_core.verb:set package 'robotics_controller' build argument 'cmake_args' from command line to 'None'
[1.132s] Level 5:colcon.colcon_core.verb:set package 'robotics_controller' build argument 'cmake_target' from command line to 'None'
[1.132s] Level 5:colcon.colcon_core.verb:set package 'robotics_controller' build argument 'cmake_target_skip_unavailable' from command line to 'False'
[1.132s] Level 5:colcon.colcon_core.verb:set package 'robotics_controller' build argument 'cmake_clean_cache' from command line to 'False'
[1.132s] Level 5:colcon.colcon_core.verb:set package 'robotics_controller' build argument 'cmake_clean_first' from command line to 'False'
[1.132s] Level 5:colcon.colcon_core.verb:set package 'robotics_controller' build argument 'cmake_force_configure' from command line to 'False'
[1.133s] Level 5:colcon.colcon_core.verb:set package 'robotics_controller' build argument 'ament_cmake_args' from command line to 'None'
[1.133s] Level 5:colcon.colcon_core.verb:set package 'robotics_controller' build argument 'catkin_cmake_args' from command line to 'None'
[1.133s] Level 5:colcon.colcon_core.verb:set package 'robotics_controller' build argument 'catkin_skip_building_tests' from command line to 'False'
[1.133s] DEBUG:colcon.colcon_core.verb:Building package 'robotics_controller' with the following arguments: {'ament_cmake_args': None, 'build_base': '/home/afonsomeneses/Desktop/Robotics/Robotics1-main/ros2_ws/build/robotics_controller', 'catkin_cmake_args': None, 'catkin_skip_building_tests': False, 'cmake_args': None, 'cmake_clean_cache': False, 'cmake_clean_first': False, 'cmake_force_configure': False, 'cmake_target': None, 'cmake_target_skip_unavailable': False, 'install_base': '/home/afonsomeneses/Desktop/Robotics/Robotics1-main/ros2_ws/install/robotics_controller', 'merge_install': False, 'path': '/home/afonsomeneses/Desktop/Robotics/Robotics1-main/ros2_ws/src/robotics_controller', 'symlink_install': True, 'test_result_base': None}
[1.146s] INFO:colcon.colcon_core.executor:Executing jobs using 'parallel' executor
[1.161s] DEBUG:colcon.colcon_parallel_executor.executor.parallel:run_until_complete
[1.161s] INFO:colcon.colcon_ros.task.ament_python.build:Building ROS package in '/home/afonsomeneses/Desktop/Robotics/Robotics1-main/ros2_ws/src/robotics_controller' with build type 'ament_python'
[1.162s] Level 1:colcon.colcon_core.shell:create_environment_hook('robotics_controller', 'ament_prefix_path')
[1.179s] INFO:colcon.colcon_core.plugin_system:Skipping extension 'colcon_core.shell.bat': Not used on non-Windows systems
[1.180s] INFO:colcon.colcon_core.shell:Creating environment hook '/home/afonsomeneses/Desktop/Robotics/Robotics1-main/ros2_ws/install/robotics_controller/share/robotics_controller/hook/ament_prefix_path.ps1'
[1.181s] INFO:colcon.colcon_core.shell:Creating environment descriptor '/home/afonsomeneses/Desktop/Robotics/Robotics1-main/ros2_ws/install/robotics_controller/share/robotics_controller/hook/ament_prefix_path.dsv'
[1.182s] INFO:colcon.colcon_core.shell:Creating environment hook '/home/afonsomeneses/Desktop/Robotics/Robotics1-main/ros2_ws/install/robotics_controller/share/robotics_controller/hook/ament_prefix_path.sh'
[1.197s] INFO:colcon.colcon_core.shell:Skip shell extension 'powershell' for command environment: Not usable outside of PowerShell
[1.197s] DEBUG:colcon.colcon_core.shell:Skip shell extension 'dsv' for command environment
[1.489s] INFO:colcon.colcon_core.task.python.build:Building Python package in '/home/afonsomeneses/Desktop/Robotics/Robotics1-main/ros2_ws/src/robotics_controller'
[1.507s] INFO:colcon.colcon_core.shell:Skip shell extension 'powershell' for command environment: Not usable outside of PowerShell
[1.507s] DEBUG:colcon.colcon_core.shell:Skip shell extension 'dsv' for command environment
[2.050s] DEBUG:colcon.colcon_core.event_handler.log_command:Invoking command in '/home/afonsomeneses/Desktop/Robotics/Robotics1-main/ros2_ws/build/robotics_controller': PYTHONPATH=/home/afonsomeneses/Desktop/Robotics/Robotics1-main/ros2_ws/build/robotics_controller/prefix_override:/home/afonsomeneses/Desktop/Robotics/Robotics1-main/ros2_ws/install/robotics_controller/lib/python3.10/site-packages: /usr/bin/python3 setup.py develop --editable --build-directory /home/afonsomeneses/Desktop/Robotics/Robotics1-main/ros2_ws/build/robotics_controller/build --no-deps install_data
[2.547s] Level 1:colcon.colcon_core.shell:create_environment_hook('robotics_controller', 'pythonpath_develop')
[2.549s] DEBUG:colcon.colcon_core.event_handler.log_command:Invoked command in '/home/afonsomeneses/Desktop/Robotics/Robotics1-main/ros2_ws/build/robotics_controller' returned '0': PYTHONPATH=/home/afonsomeneses/Desktop/Robotics/Robotics1-main/ros2_ws/build/robotics_controller/prefix_override:/home/afonsomeneses/Desktop/Robotics/Robotics1-main/ros2_ws/install/robotics_controller/lib/python3.10/site-packages: /usr/bin/python3 setup.py develop --editable --build-directory /home/afonsomeneses/Desktop/Robotics/Robotics1-main/ros2_ws/build/robotics_controller/build --no-deps install_data
[2.580s] INFO:colcon.colcon_core.shell:Creating environment hook '/home/afonsomeneses/Desktop/Robotics/Robotics1-main/ros2_ws/build/robotics_controller/share/robotics_controller/hook/pythonpath_develop.ps1'
[2.581s] INFO:colcon.colcon_core.shell:Creating environment descriptor '/home/afonsomeneses/Desktop/Robotics/Robotics1-main/ros2_ws/build/robotics_controller/share/robotics_controller/hook/pythonpath_develop.dsv'
[2.583s] INFO:colcon.colcon_core.shell:Creating environment hook '/home/afonsomeneses/Desktop/Robotics/Robotics1-main/ros2_ws/build/robotics_controller/share/robotics_controller/hook/pythonpath_develop.sh'
[2.608s] Level 1:colcon.colcon_core.environment:checking '/home/afonsomeneses/Desktop/Robotics/Robotics1-main/ros2_ws/install/robotics_controller' for CMake module files
[2.609s] Level 1:colcon.colcon_core.environment:checking '/home/afonsomeneses/Desktop/Robotics/Robotics1-main/ros2_ws/install/robotics_controller' for CMake config files
[2.609s] Level 1:colcon.colcon_core.environment:checking '/home/afonsomeneses/Desktop/Robotics/Robotics1-main/ros2_ws/install/robotics_controller/lib'
[2.610s] Level 1:colcon.colcon_core.environment:checking '/home/afonsomeneses/Desktop/Robotics/Robotics1-main/ros2_ws/install/robotics_controller/bin'
[2.610s] Level 1:colcon.colcon_core.environment:checking '/home/afonsomeneses/Desktop/Robotics/Robotics1-main/ros2_ws/install/robotics_controller/lib/pkgconfig/robotics_controller.pc'
[2.610s] Level 1:colcon.colcon_core.environment:checking '/home/afonsomeneses/Desktop/Robotics/Robotics1-main/ros2_ws/install/robotics_controller/lib/python3.10/site-packages'
[2.610s] Level 1:colcon.colcon_core.shell:create_environment_hook('robotics_controller', 'pythonpath')
[2.626s] INFO:colcon.colcon_core.shell:Creating environment hook '/home/afonsomeneses/Desktop/Robotics/Robotics1-main/ros2_ws/install/robotics_controller/share/robotics_controller/hook/pythonpath.ps1'
[2.626s] INFO:colcon.colcon_core.shell:Creating environment descriptor '/home/afonsomeneses/Desktop/Robotics/Robotics1-main/ros2_ws/install/robotics_controller/share/robotics_controller/hook/pythonpath.dsv'
[2.627s] INFO:colcon.colcon_core.shell:Creating environment hook '/home/afonsomeneses/Desktop/Robotics/Robotics1-main/ros2_ws/install/robotics_controller/share/robotics_controller/hook/pythonpath.sh'
[2.628s] Level 1:colcon.colcon_core.environment:checking '/home/afonsomeneses/Desktop/Robotics/Robotics1-main/ros2_ws/install/robotics_controller/bin'
[2.628s] Level 1:colcon.colcon_core.environment:create_environment_scripts_only(robotics_controller)
[2.643s] INFO:colcon.colcon_core.shell:Creating package script '/home/afonsomeneses/Desktop/Robotics/Robotics1-main/ros2_ws/install/robotics_controller/share/robotics_controller/package.ps1'
[2.645s] INFO:colcon.colcon_core.shell:Creating package descriptor '/home/afonsomeneses/Desktop/Robotics/Robotics1-main/ros2_ws/install/robotics_controller/share/robotics_controller/package.dsv'
[2.646s] INFO:colcon.colcon_core.shell:Creating package script '/home/afonsomeneses/Desktop/Robotics/Robotics1-main/ros2_ws/install/robotics_controller/share/robotics_controller/package.sh'
[2.647s] INFO:colcon.colcon_core.shell:Creating package script '/home/afonsomeneses/Desktop/Robotics/Robotics1-main/ros2_ws/install/robotics_controller/share/robotics_controller/package.bash'
[2.647s] INFO:colcon.colcon_core.shell:Creating package script '/home/afonsomeneses/Desktop/Robotics/Robotics1-main/ros2_ws/install/robotics_controller/share/robotics_controller/package.zsh'
[2.648s] Level 1:colcon.colcon_core.environment:create_file_with_runtime_dependencies(/home/afonsomeneses/Desktop/Robotics/Robotics1-main/ros2_ws/install/robotics_controller/share/colcon-core/packages/robotics_controller)
[2.649s] DEBUG:colcon.colcon_parallel_executor.executor.parallel:closing loop
[2.649s] DEBUG:colcon.colcon_parallel_executor.executor.parallel:loop closed
[2.650s] DEBUG:colcon.colcon_parallel_executor.executor.parallel:run_until_complete finished with '0'
[2.650s] DEBUG:colcon.colcon_core.event_reactor:joining thread
[2.682s] INFO:colcon.colcon_core.plugin_system:Skipping extension 'colcon_notification.desktop_notification.terminal_notifier': Not used on non-Darwin systems
[2.682s] INFO:colcon.colcon_core.plugin_system:Skipping extension 'colcon_notification.desktop_notification.win32': Not used on non-Windows systems
[2.682s] INFO:colcon.colcon_notification.desktop_notification:Sending desktop notification using 'notify2'
[2.709s] DEBUG:colcon.colcon_core.event_reactor:joined thread
[2.730s] INFO:colcon.colcon_core.shell:Creating prefix script '/home/afonsomeneses/Desktop/Robotics/Robotics1-main/ros2_ws/install/local_setup.ps1'
[2.731s] INFO:colcon.colcon_core.shell:Creating prefix util module '/home/afonsomeneses/Desktop/Robotics/Robotics1-main/ros2_ws/install/_local_setup_util_ps1.py'
[2.734s] INFO:colcon.colcon_core.shell:Creating prefix chain script '/home/afonsomeneses/Desktop/Robotics/Robotics1-main/ros2_ws/install/setup.ps1'
[2.751s] INFO:colcon.colcon_core.shell:Creating prefix script '/home/afonsomeneses/Desktop/Robotics/Robotics1-main/ros2_ws/install/local_setup.sh'
[2.753s] INFO:colcon.colcon_core.shell:Creating prefix util module '/home/afonsomeneses/Desktop/Robotics/Robotics1-main/ros2_ws/install/_local_setup_util_sh.py'
[2.754s] INFO:colcon.colcon_core.shell:Creating prefix chain script '/home/afonsomeneses/Desktop/Robotics/Robotics1-main/ros2_ws/install/setup.sh'
[2.773s] INFO:colcon.colcon_core.shell:Creating prefix script '/home/afonsomeneses/Desktop/Robotics/Robotics1-main/ros2_ws/install/local_setup.bash'
[2.773s] INFO:colcon.colcon_core.shell:Creating prefix chain script '/home/afonsomeneses/Desktop/Robotics/Robotics1-main/ros2_ws/install/setup.bash'
[2.790s] INFO:colcon.colcon_core.shell:Creating prefix script '/home/afonsomeneses/Desktop/Robotics/Robotics1-main/ros2_ws/install/local_setup.zsh'
[2.791s] INFO:colcon.colcon_core.shell:Creating prefix chain script '/home/afonsomeneses/Desktop/Robotics/Robotics1-main/ros2_ws/install/setup.zsh'
