[0.603s] Invoking command in '/home/franciscoazeredo/OneDrive/Documents/tecnico/4_ano/Robotica/project/ros2_ws/src/robotics_controller': PYTHONPATH=/home/franciscoazeredo/OneDrive/Documents/tecnico/4_ano/Robotica/project/ros2_ws/build/robotics_controller/prefix_override:/home/franciscoazeredo/OneDrive/Documents/tecnico/4_ano/Robotica/project/ros2_ws/install/robotics_controller/lib/python3.10/site-packages:${PYTHONPATH} /usr/bin/python3 setup.py egg_info --egg-base ../../build/robotics_controller build --build-base /home/franciscoazeredo/OneDrive/Documents/tecnico/4_ano/Robotica/project/ros2_ws/build/robotics_controller/build install --record /home/franciscoazeredo/OneDrive/Documents/tecnico/4_ano/Robotica/project/ros2_ws/build/robotics_controller/install.log --single-version-externally-managed
[0.771s] running egg_info
[0.771s] writing ../../build/robotics_controller/robotics_controller.egg-info/PKG-INFO
[0.771s] writing dependency_links to ../../build/robotics_controller/robotics_controller.egg-info/dependency_links.txt
[0.771s] writing entry points to ../../build/robotics_controller/robotics_controller.egg-info/entry_points.txt
[0.772s] writing requirements to ../../build/robotics_controller/robotics_controller.egg-info/requires.txt
[0.772s] writing top-level names to ../../build/robotics_controller/robotics_controller.egg-info/top_level.txt
[0.772s] writing manifest file '../../build/robotics_controller/robotics_controller.egg-info/SOURCES.txt'
[0.774s] reading manifest file '../../build/robotics_controller/robotics_controller.egg-info/SOURCES.txt'
[0.775s] writing manifest file '../../build/robotics_controller/robotics_controller.egg-info/SOURCES.txt'
[0.775s] running build
[0.775s] running build_py
[0.775s] copying robotics_controller/ps4_controller_subscriber.py -> /home/franciscoazeredo/OneDrive/Documents/tecnico/4_ano/Robotica/project/ros2_ws/build/robotics_controller/build/lib/robotics_controller
[0.775s] copying robotics_controller/ps4_controller_publisher.py -> /home/franciscoazeredo/OneDrive/Documents/tecnico/4_ano/Robotica/project/ros2_ws/build/robotics_controller/build/lib/robotics_controller
[0.775s] copying robotics_controller/__init__.py -> /home/franciscoazeredo/OneDrive/Documents/tecnico/4_ano/Robotica/project/ros2_ws/build/robotics_controller/build/lib/robotics_controller
[0.776s] running install
[0.780s] /usr/lib/python3/dist-packages/setuptools/command/install.py:34: SetuptoolsDeprecationWarning: setup.py install is deprecated. Use build and pip and other standards-based tools.
[0.780s]   warnings.warn(
[0.781s] running install_lib
[0.782s] copying /home/franciscoazeredo/OneDrive/Documents/tecnico/4_ano/Robotica/project/ros2_ws/build/robotics_controller/build/lib/robotics_controller/ps4_controller_subscriber.py -> /home/franciscoazeredo/OneDrive/Documents/tecnico/4_ano/Robotica/project/ros2_ws/install/robotics_controller/lib/python3.10/site-packages/robotics_controller
[0.782s] copying /home/franciscoazeredo/OneDrive/Documents/tecnico/4_ano/Robotica/project/ros2_ws/build/robotics_controller/build/lib/robotics_controller/ps4_controller_publisher.py -> /home/franciscoazeredo/OneDrive/Documents/tecnico/4_ano/Robotica/project/ros2_ws/install/robotics_controller/lib/python3.10/site-packages/robotics_controller
[0.782s] copying /home/franciscoazeredo/OneDrive/Documents/tecnico/4_ano/Robotica/project/ros2_ws/build/robotics_controller/build/lib/robotics_controller/__init__.py -> /home/franciscoazeredo/OneDrive/Documents/tecnico/4_ano/Robotica/project/ros2_ws/install/robotics_controller/lib/python3.10/site-packages/robotics_controller
[0.782s] byte-compiling /home/franciscoazeredo/OneDrive/Documents/tecnico/4_ano/Robotica/project/ros2_ws/install/robotics_controller/lib/python3.10/site-packages/robotics_controller/ps4_controller_subscriber.py to ps4_controller_subscriber.cpython-310.pyc
[0.782s] byte-compiling /home/franciscoazeredo/OneDrive/Documents/tecnico/4_ano/Robotica/project/ros2_ws/install/robotics_controller/lib/python3.10/site-packages/robotics_controller/ps4_controller_publisher.py to ps4_controller_publisher.cpython-310.pyc
[0.783s] byte-compiling /home/franciscoazeredo/OneDrive/Documents/tecnico/4_ano/Robotica/project/ros2_ws/install/robotics_controller/lib/python3.10/site-packages/robotics_controller/__init__.py to __init__.cpython-310.pyc
[0.783s] running install_data
[0.784s] creating /home/franciscoazeredo/OneDrive/Documents/tecnico/4_ano/Robotica/project/ros2_ws/install/robotics_controller/share/ament_index
[0.784s] creating /home/franciscoazeredo/OneDrive/Documents/tecnico/4_ano/Robotica/project/ros2_ws/install/robotics_controller/share/ament_index/resource_index
[0.784s] creating /home/franciscoazeredo/OneDrive/Documents/tecnico/4_ano/Robotica/project/ros2_ws/install/robotics_controller/share/ament_index/resource_index/packages
[0.784s] copying resource/robotics_controller -> /home/franciscoazeredo/OneDrive/Documents/tecnico/4_ano/Robotica/project/ros2_ws/install/robotics_controller/share/ament_index/resource_index/packages
[0.784s] copying package.xml -> /home/franciscoazeredo/OneDrive/Documents/tecnico/4_ano/Robotica/project/ros2_ws/install/robotics_controller/share/robotics_controller
[0.784s] running install_egg_info
[0.786s] removing '/home/franciscoazeredo/OneDrive/Documents/tecnico/4_ano/Robotica/project/ros2_ws/install/robotics_controller/lib/python3.10/site-packages/robotics_controller-0.0.0-py3.10.egg-info' (and everything under it)
[0.786s] Copying ../../build/robotics_controller/robotics_controller.egg-info to /home/franciscoazeredo/OneDrive/Documents/tecnico/4_ano/Robotica/project/ros2_ws/install/robotics_controller/lib/python3.10/site-packages/robotics_controller-0.0.0-py3.10.egg-info
[0.786s] running install_scripts
[0.801s] writing list of installed files to '/home/franciscoazeredo/OneDrive/Documents/tecnico/4_ano/Robotica/project/ros2_ws/build/robotics_controller/install.log'
[0.818s] Invoked command in '/home/franciscoazeredo/OneDrive/Documents/tecnico/4_ano/Robotica/project/ros2_ws/src/robotics_controller' returned '0': PYTHONPATH=/home/franciscoazeredo/OneDrive/Documents/tecnico/4_ano/Robotica/project/ros2_ws/build/robotics_controller/prefix_override:/home/franciscoazeredo/OneDrive/Documents/tecnico/4_ano/Robotica/project/ros2_ws/install/robotics_controller/lib/python3.10/site-packages:${PYTHONPATH} /usr/bin/python3 setup.py egg_info --egg-base ../../build/robotics_controller build --build-base /home/franciscoazeredo/OneDrive/Documents/tecnico/4_ano/Robotica/project/ros2_ws/build/robotics_controller/build install --record /home/franciscoazeredo/OneDrive/Documents/tecnico/4_ano/Robotica/project/ros2_ws/build/robotics_controller/install.log --single-version-externally-managed
