[0.042s] Invoking command in '/home/franciscoazeredo/OneDrive/Documents/tecnico/4_ano/Robotica/project/ros2_ws/build/ps4_controller': CMAKE_PREFIX_PATH=${CMAKE_PREFIX_PATH}:/home/franciscoazeredo/OneDrive/Documents/tecnico/4_ano/Robotica/project/ros2_ws/install/robotics_controller:/opt/ros/iron:/opt/ros/humble /usr/bin/cmake --build /home/franciscoazeredo/OneDrive/Documents/tecnico/4_ano/Robotica/project/ros2_ws/build/ps4_controller -- -j20 -l20
[0.058s] -- Found ament_cmake: 1.3.6 (/opt/ros/humble/share/ament_cmake/cmake)
[0.144s] -- Found rosidl_default_generators: 1.2.0 (/opt/ros/humble/share/rosidl_default_generators/cmake)
[0.145s] -- Using all available rosidl_typesupport_c: rosidl_typesupport_fastrtps_c;rosidl_typesupport_introspection_c
[0.146s] -- Found rosidl_adapter: 3.1.5 (/opt/ros/humble/share/rosidl_adapter/cmake)
[0.163s] -- Using all available rosidl_typesupport_cpp: rosidl_typesupport_fastrtps_cpp;rosidl_typesupport_introspection_cpp
[0.321s] -- Found ament_cmake_ros: 0.10.0 (/opt/ros/humble/share/ament_cmake_ros/cmake)
[0.427s] -- Using all available rosidl_typesupport_c: rosidl_typesupport_fastrtps_c;rosidl_typesupport_introspection_c
[0.569s] -- Using all available rosidl_typesupport_cpp: rosidl_typesupport_fastrtps_cpp;rosidl_typesupport_introspection_cpp
[0.583s] -- Found python_cmake_module: 0.10.0 (/opt/ros/humble/share/python_cmake_module/cmake)
[0.597s] -- Using PYTHON_EXECUTABLE: /usr/bin/python3
[0.597s] -- Using PYTHON_INCLUDE_DIRS: /usr/include/python3.10
[0.597s] -- Using PYTHON_LIBRARIES: /usr/lib/x86_64-linux-gnu/libpython3.10.so
[0.687s] -- Using numpy include directory: /usr/local/lib/python3.10/dist-packages/numpy/core/include
[0.691s] -- Found ament_lint_auto: 0.12.9 (/opt/ros/humble/share/ament_lint_auto/cmake)
[0.700s] -- Added test 'lint_cmake' to check CMake code style
[0.700s] -- Added test 'xmllint' to check XML markup files
[0.701s] -- Configuring done
[0.716s] -- Generating done
[0.717s] -- Build files have been written to: /home/franciscoazeredo/OneDrive/Documents/tecnico/4_ano/Robotica/project/ros2_ws/build/ps4_controller
[0.733s] [  3%] [34m[1mGenerating C code for ROS interfaces[0m
[0.738s] [  6%] [34m[1mGenerating C++ code for ROS interfaces[0m
[0.744s] [  6%] Built target ament_cmake_python_copy_ps4_controller
[0.856s] running egg_info
[0.866s] writing ps4_controller.egg-info/PKG-INFO
[0.866s] writing dependency_links to ps4_controller.egg-info/dependency_links.txt
[0.866s] writing top-level names to ps4_controller.egg-info/top_level.txt
[0.873s] [35m[1mConsolidate compiler generated dependencies of target ps4_controller__rosidl_generator_c[0m
[0.879s] [  6%] Built target ps4_controller__cpp
[0.881s] [  9%] [32mBuilding C object CMakeFiles/ps4_controller__rosidl_generator_c.dir/rosidl_generator_c/ps4_controller/msg/detail/ps4__functions.c.o[0m
[0.885s] [ 12%] [34m[1mGenerating C++ type support for eProsima Fast-RTPS[0m
[0.885s] [ 16%] [34m[1mGenerating C++ introspection for ROS interfaces[0m
[0.886s] [ 19%] [34m[1mGenerating C++ type support dispatch for ROS interfaces[0m
[0.895s] reading manifest file 'ps4_controller.egg-info/SOURCES.txt'
[0.896s] writing manifest file 'ps4_controller.egg-info/SOURCES.txt'
[0.913s] [ 19%] Built target ament_cmake_python_build_ps4_controller_egg
[0.919s] [ 22%] [32m[1mLinking C shared library libps4_controller__rosidl_generator_c.so[0m
[0.942s] [ 22%] Built target ps4_controller__rosidl_generator_c
[0.949s] [ 29%] [34m[1mGenerating C introspection for ROS interfaces[0m
[0.949s] [ 29%] [34m[1mGenerating C type support dispatch for ROS interfaces[0m
[0.951s] [ 32%] [34m[1mGenerating C type support for eProsima Fast-RTPS[0m
[1.028s] [35m[1mConsolidate compiler generated dependencies of target ps4_controller__rosidl_typesupport_fastrtps_cpp[0m
[1.031s] [35m[1mConsolidate compiler generated dependencies of target ps4_controller__rosidl_typesupport_cpp[0m
[1.037s] [35m[1mConsolidate compiler generated dependencies of target ps4_controller__rosidl_typesupport_introspection_cpp[0m
[1.037s] [ 35%] [32mBuilding CXX object CMakeFiles/ps4_controller__rosidl_typesupport_fastrtps_cpp.dir/rosidl_typesupport_fastrtps_cpp/ps4_controller/msg/detail/dds_fastrtps/ps4__type_support.cpp.o[0m
[1.041s] [ 38%] [32mBuilding CXX object CMakeFiles/ps4_controller__rosidl_typesupport_cpp.dir/rosidl_typesupport_cpp/ps4_controller/msg/ps4__type_support.cpp.o[0m
[1.045s] [ 41%] [32mBuilding CXX object CMakeFiles/ps4_controller__rosidl_typesupport_introspection_cpp.dir/rosidl_typesupport_introspection_cpp/ps4_controller/msg/detail/ps4__type_support.cpp.o[0m
[1.080s] [35m[1mConsolidate compiler generated dependencies of target ps4_controller__rosidl_typesupport_c[0m
[1.087s] [ 45%] [32mBuilding CXX object CMakeFiles/ps4_controller__rosidl_typesupport_c.dir/rosidl_typesupport_c/ps4_controller/msg/ps4__type_support.cpp.o[0m
[1.097s] [35m[1mConsolidate compiler generated dependencies of target ps4_controller__rosidl_typesupport_introspection_c[0m
[1.104s] [ 48%] [32mBuilding C object CMakeFiles/ps4_controller__rosidl_typesupport_introspection_c.dir/rosidl_typesupport_introspection_c/ps4_controller/msg/detail/ps4__type_support.c.o[0m
[1.105s] [ 51%] [32m[1mLinking CXX shared library libps4_controller__rosidl_typesupport_c.so[0m
[1.115s] [35m[1mConsolidate compiler generated dependencies of target ps4_controller__rosidl_typesupport_fastrtps_c[0m
[1.125s] [ 54%] [32mBuilding CXX object CMakeFiles/ps4_controller__rosidl_typesupport_fastrtps_c.dir/rosidl_typesupport_fastrtps_c/ps4_controller/msg/detail/ps4__type_support_c.cpp.o[0m
[1.130s] [ 54%] Built target ps4_controller__rosidl_typesupport_c
[1.132s] [ 58%] [32m[1mLinking C shared library libps4_controller__rosidl_typesupport_introspection_c.so[0m
[1.150s] [ 58%] Built target ps4_controller__rosidl_typesupport_introspection_c
[1.191s] [ 61%] [32m[1mLinking CXX shared library libps4_controller__rosidl_typesupport_cpp.so[0m
[1.218s] [ 61%] Built target ps4_controller__rosidl_typesupport_cpp
[1.280s] [ 64%] [32m[1mLinking CXX shared library libps4_controller__rosidl_typesupport_introspection_cpp.so[0m
[1.302s] [ 67%] [32m[1mLinking CXX shared library libps4_controller__rosidl_typesupport_fastrtps_c.so[0m
[1.302s] [ 70%] [32m[1mLinking CXX shared library libps4_controller__rosidl_typesupport_fastrtps_cpp.so[0m
[1.328s] [ 70%] Built target ps4_controller__rosidl_typesupport_introspection_cpp
[1.348s] [ 70%] Built target ps4_controller__rosidl_typesupport_fastrtps_cpp
[1.348s] [ 70%] Built target ps4_controller__rosidl_typesupport_fastrtps_c
[1.360s] [ 70%] Built target ps4_controller
[1.371s] [ 74%] [34m[1mGenerating Python code for ROS interfaces[0m
[1.542s] [ 74%] Built target ps4_controller__py
[1.548s] [35m[1mConsolidate compiler generated dependencies of target ps4_controller__rosidl_generator_py[0m
[1.555s] [ 77%] [32mBuilding C object CMakeFiles/ps4_controller__rosidl_generator_py.dir/rosidl_generator_py/ps4_controller/msg/_ps4_s.c.o[0m
[1.618s] [ 80%] [32m[1mLinking C shared library rosidl_generator_py/ps4_controller/libps4_controller__rosidl_generator_py.so[0m
[1.642s] [ 80%] Built target ps4_controller__rosidl_generator_py
[1.649s] [35m[1mConsolidate compiler generated dependencies of target ps4_controller__rosidl_typesupport_c__pyext[0m
[1.649s] [35m[1mConsolidate compiler generated dependencies of target ps4_controller__rosidl_typesupport_introspection_c__pyext[0m
[1.649s] [35m[1mConsolidate compiler generated dependencies of target ps4_controller__rosidl_typesupport_fastrtps_c__pyext[0m
[1.656s] [ 90%] [32mBuilding C object CMakeFiles/ps4_controller__rosidl_typesupport_introspection_c__pyext.dir/rosidl_generator_py/ps4_controller/_ps4_controller_s.ep.rosidl_typesupport_introspection_c.c.o[0m
[1.656s] [ 90%] [32mBuilding C object CMakeFiles/ps4_controller__rosidl_typesupport_fastrtps_c__pyext.dir/rosidl_generator_py/ps4_controller/_ps4_controller_s.ep.rosidl_typesupport_fastrtps_c.c.o[0m
[1.656s] [ 90%] [32mBuilding C object CMakeFiles/ps4_controller__rosidl_typesupport_c__pyext.dir/rosidl_generator_py/ps4_controller/_ps4_controller_s.ep.rosidl_typesupport_c.c.o[0m
[1.709s] [ 96%] [32m[1mLinking C shared library rosidl_generator_py/ps4_controller/ps4_controller_s__rosidl_typesupport_introspection_c.cpython-310-x86_64-linux-gnu.so[0m
[1.709s] [ 96%] [32m[1mLinking C shared library rosidl_generator_py/ps4_controller/ps4_controller_s__rosidl_typesupport_fastrtps_c.cpython-310-x86_64-linux-gnu.so[0m
[1.709s] [100%] [32m[1mLinking C shared library rosidl_generator_py/ps4_controller/ps4_controller_s__rosidl_typesupport_c.cpython-310-x86_64-linux-gnu.so[0m
[1.729s] [100%] Built target ps4_controller__rosidl_typesupport_introspection_c__pyext
[1.729s] [100%] Built target ps4_controller__rosidl_typesupport_c__pyext
[1.732s] [100%] Built target ps4_controller__rosidl_typesupport_fastrtps_c__pyext
[1.739s] Invoked command in '/home/franciscoazeredo/OneDrive/Documents/tecnico/4_ano/Robotica/project/ros2_ws/build/ps4_controller' returned '0': CMAKE_PREFIX_PATH=${CMAKE_PREFIX_PATH}:/home/franciscoazeredo/OneDrive/Documents/tecnico/4_ano/Robotica/project/ros2_ws/install/robotics_controller:/opt/ros/iron:/opt/ros/humble /usr/bin/cmake --build /home/franciscoazeredo/OneDrive/Documents/tecnico/4_ano/Robotica/project/ros2_ws/build/ps4_controller -- -j20 -l20
[1.780s] Invoking command in '/home/franciscoazeredo/OneDrive/Documents/tecnico/4_ano/Robotica/project/ros2_ws/build/ps4_controller': CMAKE_PREFIX_PATH=${CMAKE_PREFIX_PATH}:/home/franciscoazeredo/OneDrive/Documents/tecnico/4_ano/Robotica/project/ros2_ws/install/robotics_controller:/opt/ros/iron:/opt/ros/humble /usr/bin/cmake --install /home/franciscoazeredo/OneDrive/Documents/tecnico/4_ano/Robotica/project/ros2_ws/build/ps4_controller
[1.784s] -- Install configuration: ""
[1.785s] -- Up-to-date: /home/franciscoazeredo/OneDrive/Documents/tecnico/4_ano/Robotica/project/ros2_ws/install/ps4_controller/share/ament_index/resource_index/rosidl_interfaces/ps4_controller
[1.785s] -- Up-to-date: /home/franciscoazeredo/OneDrive/Documents/tecnico/4_ano/Robotica/project/ros2_ws/install/ps4_controller/include/ps4_controller/ps4_controller
[1.785s] -- Up-to-date: /home/franciscoazeredo/OneDrive/Documents/tecnico/4_ano/Robotica/project/ros2_ws/install/ps4_controller/include/ps4_controller/ps4_controller/msg
[1.785s] -- Up-to-date: /home/franciscoazeredo/OneDrive/Documents/tecnico/4_ano/Robotica/project/ros2_ws/install/ps4_controller/include/ps4_controller/ps4_controller/msg/ps4_controller.h
[1.785s] -- Up-to-date: /home/franciscoazeredo/OneDrive/Documents/tecnico/4_ano/Robotica/project/ros2_ws/install/ps4_controller/include/ps4_controller/ps4_controller/msg/detail
[1.785s] -- Up-to-date: /home/franciscoazeredo/OneDrive/Documents/tecnico/4_ano/Robotica/project/ros2_ws/install/ps4_controller/include/ps4_controller/ps4_controller/msg/detail/ps4_controller__functions.c
[1.785s] -- Up-to-date: /home/franciscoazeredo/OneDrive/Documents/tecnico/4_ano/Robotica/project/ros2_ws/install/ps4_controller/include/ps4_controller/ps4_controller/msg/detail/ps4_controller__functions.h
[1.785s] -- Installing: /home/franciscoazeredo/OneDrive/Documents/tecnico/4_ano/Robotica/project/ros2_ws/install/ps4_controller/include/ps4_controller/ps4_controller/msg/detail/ps4__type_support.h
[1.786s] -- Up-to-date: /home/franciscoazeredo/OneDrive/Documents/tecnico/4_ano/Robotica/project/ros2_ws/install/ps4_controller/include/ps4_controller/ps4_controller/msg/detail/ps4_controller__type_support.h
[1.786s] -- Installing: /home/franciscoazeredo/OneDrive/Documents/tecnico/4_ano/Robotica/project/ros2_ws/install/ps4_controller/include/ps4_controller/ps4_controller/msg/detail/ps4__struct.h
[1.786s] -- Installing: /home/franciscoazeredo/OneDrive/Documents/tecnico/4_ano/Robotica/project/ros2_ws/install/ps4_controller/include/ps4_controller/ps4_controller/msg/detail/ps4__functions.h
[1.786s] -- Up-to-date: /home/franciscoazeredo/OneDrive/Documents/tecnico/4_ano/Robotica/project/ros2_ws/install/ps4_controller/include/ps4_controller/ps4_controller/msg/detail/ps4_controller__struct.h
[1.786s] -- Installing: /home/franciscoazeredo/OneDrive/Documents/tecnico/4_ano/Robotica/project/ros2_ws/install/ps4_controller/include/ps4_controller/ps4_controller/msg/detail/ps4__functions.c
[1.786s] -- Up-to-date: /home/franciscoazeredo/OneDrive/Documents/tecnico/4_ano/Robotica/project/ros2_ws/install/ps4_controller/include/ps4_controller/ps4_controller/msg/rosidl_generator_c__visibility_control.h
[1.786s] -- Installing: /home/franciscoazeredo/OneDrive/Documents/tecnico/4_ano/Robotica/project/ros2_ws/install/ps4_controller/include/ps4_controller/ps4_controller/msg/ps4.h
[1.786s] -- Up-to-date: /home/franciscoazeredo/OneDrive/Documents/tecnico/4_ano/Robotica/project/ros2_ws/install/ps4_controller/share/ps4_controller/environment/library_path.sh
[1.787s] -- Installing: /home/franciscoazeredo/OneDrive/Documents/tecnico/4_ano/Robotica/project/ros2_ws/install/ps4_controller/share/ps4_controller/environment/library_path.dsv
[1.787s] -- Installing: /home/franciscoazeredo/OneDrive/Documents/tecnico/4_ano/Robotica/project/ros2_ws/install/ps4_controller/lib/libps4_controller__rosidl_generator_c.so
[1.787s] -- Set runtime path of "/home/franciscoazeredo/OneDrive/Documents/tecnico/4_ano/Robotica/project/ros2_ws/install/ps4_controller/lib/libps4_controller__rosidl_generator_c.so" to ""
[1.787s] -- Up-to-date: /home/franciscoazeredo/OneDrive/Documents/tecnico/4_ano/Robotica/project/ros2_ws/install/ps4_controller/include/ps4_controller/ps4_controller
[1.787s] -- Up-to-date: /home/franciscoazeredo/OneDrive/Documents/tecnico/4_ano/Robotica/project/ros2_ws/install/ps4_controller/include/ps4_controller/ps4_controller/msg
[1.787s] -- Up-to-date: /home/franciscoazeredo/OneDrive/Documents/tecnico/4_ano/Robotica/project/ros2_ws/install/ps4_controller/include/ps4_controller/ps4_controller/msg/detail
[1.787s] -- Installing: /home/franciscoazeredo/OneDrive/Documents/tecnico/4_ano/Robotica/project/ros2_ws/install/ps4_controller/include/ps4_controller/ps4_controller/msg/detail/ps4__rosidl_typesupport_fastrtps_c.h
[1.787s] -- Up-to-date: /home/franciscoazeredo/OneDrive/Documents/tecnico/4_ano/Robotica/project/ros2_ws/install/ps4_controller/include/ps4_controller/ps4_controller/msg/detail/ps4_controller__rosidl_typesupport_fastrtps_c.h
[1.787s] -- Up-to-date: /home/franciscoazeredo/OneDrive/Documents/tecnico/4_ano/Robotica/project/ros2_ws/install/ps4_controller/include/ps4_controller/ps4_controller/msg/rosidl_typesupport_fastrtps_c__visibility_control.h
[1.787s] -- Installing: /home/franciscoazeredo/OneDrive/Documents/tecnico/4_ano/Robotica/project/ros2_ws/install/ps4_controller/lib/libps4_controller__rosidl_typesupport_fastrtps_c.so
[1.787s] -- Set runtime path of "/home/franciscoazeredo/OneDrive/Documents/tecnico/4_ano/Robotica/project/ros2_ws/install/ps4_controller/lib/libps4_controller__rosidl_typesupport_fastrtps_c.so" to ""
[1.787s] -- Up-to-date: /home/franciscoazeredo/OneDrive/Documents/tecnico/4_ano/Robotica/project/ros2_ws/install/ps4_controller/include/ps4_controller/ps4_controller
[1.787s] -- Up-to-date: /home/franciscoazeredo/OneDrive/Documents/tecnico/4_ano/Robotica/project/ros2_ws/install/ps4_controller/include/ps4_controller/ps4_controller/msg
[1.787s] -- Up-to-date: /home/franciscoazeredo/OneDrive/Documents/tecnico/4_ano/Robotica/project/ros2_ws/install/ps4_controller/include/ps4_controller/ps4_controller/msg/detail
[1.787s] -- Installing: /home/franciscoazeredo/OneDrive/Documents/tecnico/4_ano/Robotica/project/ros2_ws/install/ps4_controller/include/ps4_controller/ps4_controller/msg/detail/ps4__rosidl_typesupport_introspection_c.h
[1.787s] -- Installing: /home/franciscoazeredo/OneDrive/Documents/tecnico/4_ano/Robotica/project/ros2_ws/install/ps4_controller/include/ps4_controller/ps4_controller/msg/detail/ps4__type_support.c
[1.787s] -- Up-to-date: /home/franciscoazeredo/OneDrive/Documents/tecnico/4_ano/Robotica/project/ros2_ws/install/ps4_controller/include/ps4_controller/ps4_controller/msg/detail/ps4_controller__rosidl_typesupport_introspection_c.h
[1.787s] -- Up-to-date: /home/franciscoazeredo/OneDrive/Documents/tecnico/4_ano/Robotica/project/ros2_ws/install/ps4_controller/include/ps4_controller/ps4_controller/msg/detail/ps4_controller__type_support.c
[1.788s] -- Up-to-date: /home/franciscoazeredo/OneDrive/Documents/tecnico/4_ano/Robotica/project/ros2_ws/install/ps4_controller/include/ps4_controller/ps4_controller/msg/rosidl_typesupport_introspection_c__visibility_control.h
[1.788s] -- Installing: /home/franciscoazeredo/OneDrive/Documents/tecnico/4_ano/Robotica/project/ros2_ws/install/ps4_controller/lib/libps4_controller__rosidl_typesupport_introspection_c.so
[1.788s] -- Set runtime path of "/home/franciscoazeredo/OneDrive/Documents/tecnico/4_ano/Robotica/project/ros2_ws/install/ps4_controller/lib/libps4_controller__rosidl_typesupport_introspection_c.so" to ""
[1.788s] -- Installing: /home/franciscoazeredo/OneDrive/Documents/tecnico/4_ano/Robotica/project/ros2_ws/install/ps4_controller/lib/libps4_controller__rosidl_typesupport_c.so
[1.788s] -- Set runtime path of "/home/franciscoazeredo/OneDrive/Documents/tecnico/4_ano/Robotica/project/ros2_ws/install/ps4_controller/lib/libps4_controller__rosidl_typesupport_c.so" to ""
[1.788s] -- Up-to-date: /home/franciscoazeredo/OneDrive/Documents/tecnico/4_ano/Robotica/project/ros2_ws/install/ps4_controller/include/ps4_controller/ps4_controller
[1.788s] -- Up-to-date: /home/franciscoazeredo/OneDrive/Documents/tecnico/4_ano/Robotica/project/ros2_ws/install/ps4_controller/include/ps4_controller/ps4_controller/msg
[1.788s] -- Installing: /home/franciscoazeredo/OneDrive/Documents/tecnico/4_ano/Robotica/project/ros2_ws/install/ps4_controller/include/ps4_controller/ps4_controller/msg/ps4.hpp
[1.788s] -- Up-to-date: /home/franciscoazeredo/OneDrive/Documents/tecnico/4_ano/Robotica/project/ros2_ws/install/ps4_controller/include/ps4_controller/ps4_controller/msg/detail
[1.788s] -- Up-to-date: /home/franciscoazeredo/OneDrive/Documents/tecnico/4_ano/Robotica/project/ros2_ws/install/ps4_controller/include/ps4_controller/ps4_controller/msg/detail/ps4_controller__struct.hpp
[1.788s] -- Installing: /home/franciscoazeredo/OneDrive/Documents/tecnico/4_ano/Robotica/project/ros2_ws/install/ps4_controller/include/ps4_controller/ps4_controller/msg/detail/ps4__struct.hpp
[1.788s] -- Up-to-date: /home/franciscoazeredo/OneDrive/Documents/tecnico/4_ano/Robotica/project/ros2_ws/install/ps4_controller/include/ps4_controller/ps4_controller/msg/detail/ps4_controller__traits.hpp
[1.788s] -- Up-to-date: /home/franciscoazeredo/OneDrive/Documents/tecnico/4_ano/Robotica/project/ros2_ws/install/ps4_controller/include/ps4_controller/ps4_controller/msg/detail/ps4_controller__builder.hpp
[1.788s] -- Installing: /home/franciscoazeredo/OneDrive/Documents/tecnico/4_ano/Robotica/project/ros2_ws/install/ps4_controller/include/ps4_controller/ps4_controller/msg/detail/ps4__builder.hpp
[1.788s] -- Installing: /home/franciscoazeredo/OneDrive/Documents/tecnico/4_ano/Robotica/project/ros2_ws/install/ps4_controller/include/ps4_controller/ps4_controller/msg/detail/ps4__traits.hpp
[1.788s] -- Up-to-date: /home/franciscoazeredo/OneDrive/Documents/tecnico/4_ano/Robotica/project/ros2_ws/install/ps4_controller/include/ps4_controller/ps4_controller/msg/ps4_controller.hpp
[1.788s] -- Up-to-date: /home/franciscoazeredo/OneDrive/Documents/tecnico/4_ano/Robotica/project/ros2_ws/install/ps4_controller/include/ps4_controller/ps4_controller
[1.788s] -- Up-to-date: /home/franciscoazeredo/OneDrive/Documents/tecnico/4_ano/Robotica/project/ros2_ws/install/ps4_controller/include/ps4_controller/ps4_controller/msg
[1.788s] -- Up-to-date: /home/franciscoazeredo/OneDrive/Documents/tecnico/4_ano/Robotica/project/ros2_ws/install/ps4_controller/include/ps4_controller/ps4_controller/msg/rosidl_typesupport_fastrtps_cpp__visibility_control.h
[1.788s] -- Up-to-date: /home/franciscoazeredo/OneDrive/Documents/tecnico/4_ano/Robotica/project/ros2_ws/install/ps4_controller/include/ps4_controller/ps4_controller/msg/detail
[1.788s] -- Up-to-date: /home/franciscoazeredo/OneDrive/Documents/tecnico/4_ano/Robotica/project/ros2_ws/install/ps4_controller/include/ps4_controller/ps4_controller/msg/detail/ps4_controller__rosidl_typesupport_fastrtps_cpp.hpp
[1.788s] -- Up-to-date: /home/franciscoazeredo/OneDrive/Documents/tecnico/4_ano/Robotica/project/ros2_ws/install/ps4_controller/include/ps4_controller/ps4_controller/msg/detail/dds_fastrtps
[1.788s] -- Installing: /home/franciscoazeredo/OneDrive/Documents/tecnico/4_ano/Robotica/project/ros2_ws/install/ps4_controller/include/ps4_controller/ps4_controller/msg/detail/ps4__rosidl_typesupport_fastrtps_cpp.hpp
[1.788s] -- Installing: /home/franciscoazeredo/OneDrive/Documents/tecnico/4_ano/Robotica/project/ros2_ws/install/ps4_controller/lib/libps4_controller__rosidl_typesupport_fastrtps_cpp.so
[1.788s] -- Set runtime path of "/home/franciscoazeredo/OneDrive/Documents/tecnico/4_ano/Robotica/project/ros2_ws/install/ps4_controller/lib/libps4_controller__rosidl_typesupport_fastrtps_cpp.so" to ""
[1.788s] -- Up-to-date: /home/franciscoazeredo/OneDrive/Documents/tecnico/4_ano/Robotica/project/ros2_ws/install/ps4_controller/include/ps4_controller/ps4_controller
[1.788s] -- Up-to-date: /home/franciscoazeredo/OneDrive/Documents/tecnico/4_ano/Robotica/project/ros2_ws/install/ps4_controller/include/ps4_controller/ps4_controller/msg
[1.788s] -- Up-to-date: /home/franciscoazeredo/OneDrive/Documents/tecnico/4_ano/Robotica/project/ros2_ws/install/ps4_controller/include/ps4_controller/ps4_controller/msg/detail
[1.788s] -- Installing: /home/franciscoazeredo/OneDrive/Documents/tecnico/4_ano/Robotica/project/ros2_ws/install/ps4_controller/include/ps4_controller/ps4_controller/msg/detail/ps4__type_support.cpp
[1.788s] -- Installing: /home/franciscoazeredo/OneDrive/Documents/tecnico/4_ano/Robotica/project/ros2_ws/install/ps4_controller/include/ps4_controller/ps4_controller/msg/detail/ps4__rosidl_typesupport_introspection_cpp.hpp
[1.788s] -- Up-to-date: /home/franciscoazeredo/OneDrive/Documents/tecnico/4_ano/Robotica/project/ros2_ws/install/ps4_controller/include/ps4_controller/ps4_controller/msg/detail/ps4_controller__rosidl_typesupport_introspection_cpp.hpp
[1.788s] -- Up-to-date: /home/franciscoazeredo/OneDrive/Documents/tecnico/4_ano/Robotica/project/ros2_ws/install/ps4_controller/include/ps4_controller/ps4_controller/msg/detail/ps4_controller__type_support.cpp
[1.788s] -- Installing: /home/franciscoazeredo/OneDrive/Documents/tecnico/4_ano/Robotica/project/ros2_ws/install/ps4_controller/lib/libps4_controller__rosidl_typesupport_introspection_cpp.so
[1.788s] -- Set runtime path of "/home/franciscoazeredo/OneDrive/Documents/tecnico/4_ano/Robotica/project/ros2_ws/install/ps4_controller/lib/libps4_controller__rosidl_typesupport_introspection_cpp.so" to ""
[1.788s] -- Installing: /home/franciscoazeredo/OneDrive/Documents/tecnico/4_ano/Robotica/project/ros2_ws/install/ps4_controller/lib/libps4_controller__rosidl_typesupport_cpp.so
[1.789s] -- Set runtime path of "/home/franciscoazeredo/OneDrive/Documents/tecnico/4_ano/Robotica/project/ros2_ws/install/ps4_controller/lib/libps4_controller__rosidl_typesupport_cpp.so" to ""
[1.789s] -- Up-to-date: /home/franciscoazeredo/OneDrive/Documents/tecnico/4_ano/Robotica/project/ros2_ws/install/ps4_controller/share/ps4_controller/environment/pythonpath.sh
[1.789s] -- Installing: /home/franciscoazeredo/OneDrive/Documents/tecnico/4_ano/Robotica/project/ros2_ws/install/ps4_controller/share/ps4_controller/environment/pythonpath.dsv
[1.789s] -- Up-to-date: /home/franciscoazeredo/OneDrive/Documents/tecnico/4_ano/Robotica/project/ros2_ws/install/ps4_controller/local/lib/python3.10/dist-packages/ps4_controller-0.0.0-py3.10.egg-info
[1.789s] -- Installing: /home/franciscoazeredo/OneDrive/Documents/tecnico/4_ano/Robotica/project/ros2_ws/install/ps4_controller/local/lib/python3.10/dist-packages/ps4_controller-0.0.0-py3.10.egg-info/PKG-INFO
[1.789s] -- Installing: /home/franciscoazeredo/OneDrive/Documents/tecnico/4_ano/Robotica/project/ros2_ws/install/ps4_controller/local/lib/python3.10/dist-packages/ps4_controller-0.0.0-py3.10.egg-info/top_level.txt
[1.789s] -- Installing: /home/franciscoazeredo/OneDrive/Documents/tecnico/4_ano/Robotica/project/ros2_ws/install/ps4_controller/local/lib/python3.10/dist-packages/ps4_controller-0.0.0-py3.10.egg-info/SOURCES.txt
[1.789s] -- Installing: /home/franciscoazeredo/OneDrive/Documents/tecnico/4_ano/Robotica/project/ros2_ws/install/ps4_controller/local/lib/python3.10/dist-packages/ps4_controller-0.0.0-py3.10.egg-info/dependency_links.txt
[1.789s] -- Up-to-date: /home/franciscoazeredo/OneDrive/Documents/tecnico/4_ano/Robotica/project/ros2_ws/install/ps4_controller/local/lib/python3.10/dist-packages/ps4_controller
[1.789s] -- Installing: /home/franciscoazeredo/OneDrive/Documents/tecnico/4_ano/Robotica/project/ros2_ws/install/ps4_controller/local/lib/python3.10/dist-packages/ps4_controller/libps4_controller__rosidl_generator_py.so
[1.789s] -- Installing: /home/franciscoazeredo/OneDrive/Documents/tecnico/4_ano/Robotica/project/ros2_ws/install/ps4_controller/local/lib/python3.10/dist-packages/ps4_controller/ps4_controller_s__rosidl_typesupport_c.cpython-310-x86_64-linux-gnu.so
[1.790s] -- Installing: /home/franciscoazeredo/OneDrive/Documents/tecnico/4_ano/Robotica/project/ros2_ws/install/ps4_controller/local/lib/python3.10/dist-packages/ps4_controller/_ps4_controller_s.ep.rosidl_typesupport_fastrtps_c.c
[1.790s] -- Installing: /home/franciscoazeredo/OneDrive/Documents/tecnico/4_ano/Robotica/project/ros2_ws/install/ps4_controller/local/lib/python3.10/dist-packages/ps4_controller/ps4_controller_s__rosidl_typesupport_introspection_c.cpython-310-x86_64-linux-gnu.so
[1.790s] -- Up-to-date: /home/franciscoazeredo/OneDrive/Documents/tecnico/4_ano/Robotica/project/ros2_ws/install/ps4_controller/local/lib/python3.10/dist-packages/ps4_controller/msg
[1.790s] -- Up-to-date: /home/franciscoazeredo/OneDrive/Documents/tecnico/4_ano/Robotica/project/ros2_ws/install/ps4_controller/local/lib/python3.10/dist-packages/ps4_controller/msg/_ps4_controller_s.c
[1.790s] -- Installing: /home/franciscoazeredo/OneDrive/Documents/tecnico/4_ano/Robotica/project/ros2_ws/install/ps4_controller/local/lib/python3.10/dist-packages/ps4_controller/msg/__init__.py
[1.790s] -- Installing: /home/franciscoazeredo/OneDrive/Documents/tecnico/4_ano/Robotica/project/ros2_ws/install/ps4_controller/local/lib/python3.10/dist-packages/ps4_controller/msg/_ps4_s.c
[1.790s] -- Installing: /home/franciscoazeredo/OneDrive/Documents/tecnico/4_ano/Robotica/project/ros2_ws/install/ps4_controller/local/lib/python3.10/dist-packages/ps4_controller/msg/_ps4.py
[1.790s] -- Up-to-date: /home/franciscoazeredo/OneDrive/Documents/tecnico/4_ano/Robotica/project/ros2_ws/install/ps4_controller/local/lib/python3.10/dist-packages/ps4_controller/msg/_ps4_controller.py
[1.790s] -- Installing: /home/franciscoazeredo/OneDrive/Documents/tecnico/4_ano/Robotica/project/ros2_ws/install/ps4_controller/local/lib/python3.10/dist-packages/ps4_controller/_ps4_controller_s.ep.rosidl_typesupport_c.c
[1.790s] -- Installing: /home/franciscoazeredo/OneDrive/Documents/tecnico/4_ano/Robotica/project/ros2_ws/install/ps4_controller/local/lib/python3.10/dist-packages/ps4_controller/__init__.py
[1.791s] -- Installing: /home/franciscoazeredo/OneDrive/Documents/tecnico/4_ano/Robotica/project/ros2_ws/install/ps4_controller/local/lib/python3.10/dist-packages/ps4_controller/_ps4_controller_s.ep.rosidl_typesupport_introspection_c.c
[1.791s] -- Installing: /home/franciscoazeredo/OneDrive/Documents/tecnico/4_ano/Robotica/project/ros2_ws/install/ps4_controller/local/lib/python3.10/dist-packages/ps4_controller/ps4_controller_s__rosidl_typesupport_fastrtps_c.cpython-310-x86_64-linux-gnu.so
[1.813s] Listing '/home/franciscoazeredo/OneDrive/Documents/tecnico/4_ano/Robotica/project/ros2_ws/install/ps4_controller/local/lib/python3.10/dist-packages/ps4_controller'...
[1.813s] Compiling '/home/franciscoazeredo/OneDrive/Documents/tecnico/4_ano/Robotica/project/ros2_ws/install/ps4_controller/local/lib/python3.10/dist-packages/ps4_controller/__init__.py'...
[1.813s] Listing '/home/franciscoazeredo/OneDrive/Documents/tecnico/4_ano/Robotica/project/ros2_ws/install/ps4_controller/local/lib/python3.10/dist-packages/ps4_controller/msg'...
[1.813s] Compiling '/home/franciscoazeredo/OneDrive/Documents/tecnico/4_ano/Robotica/project/ros2_ws/install/ps4_controller/local/lib/python3.10/dist-packages/ps4_controller/msg/__init__.py'...
[1.813s] Compiling '/home/franciscoazeredo/OneDrive/Documents/tecnico/4_ano/Robotica/project/ros2_ws/install/ps4_controller/local/lib/python3.10/dist-packages/ps4_controller/msg/_ps4.py'...
[1.816s] -- Installing: /home/franciscoazeredo/OneDrive/Documents/tecnico/4_ano/Robotica/project/ros2_ws/install/ps4_controller/local/lib/python3.10/dist-packages/ps4_controller/ps4_controller_s__rosidl_typesupport_fastrtps_c.cpython-310-x86_64-linux-gnu.so
[1.816s] -- Set runtime path of "/home/franciscoazeredo/OneDrive/Documents/tecnico/4_ano/Robotica/project/ros2_ws/install/ps4_controller/local/lib/python3.10/dist-packages/ps4_controller/ps4_controller_s__rosidl_typesupport_fastrtps_c.cpython-310-x86_64-linux-gnu.so" to ""
[1.816s] -- Installing: /home/franciscoazeredo/OneDrive/Documents/tecnico/4_ano/Robotica/project/ros2_ws/install/ps4_controller/local/lib/python3.10/dist-packages/ps4_controller/ps4_controller_s__rosidl_typesupport_introspection_c.cpython-310-x86_64-linux-gnu.so
[1.816s] -- Set runtime path of "/home/franciscoazeredo/OneDrive/Documents/tecnico/4_ano/Robotica/project/ros2_ws/install/ps4_controller/local/lib/python3.10/dist-packages/ps4_controller/ps4_controller_s__rosidl_typesupport_introspection_c.cpython-310-x86_64-linux-gnu.so" to ""
[1.817s] -- Installing: /home/franciscoazeredo/OneDrive/Documents/tecnico/4_ano/Robotica/project/ros2_ws/install/ps4_controller/local/lib/python3.10/dist-packages/ps4_controller/ps4_controller_s__rosidl_typesupport_c.cpython-310-x86_64-linux-gnu.so
[1.817s] -- Set runtime path of "/home/franciscoazeredo/OneDrive/Documents/tecnico/4_ano/Robotica/project/ros2_ws/install/ps4_controller/local/lib/python3.10/dist-packages/ps4_controller/ps4_controller_s__rosidl_typesupport_c.cpython-310-x86_64-linux-gnu.so" to ""
[1.817s] -- Installing: /home/franciscoazeredo/OneDrive/Documents/tecnico/4_ano/Robotica/project/ros2_ws/install/ps4_controller/lib/libps4_controller__rosidl_generator_py.so
[1.817s] -- Set runtime path of "/home/franciscoazeredo/OneDrive/Documents/tecnico/4_ano/Robotica/project/ros2_ws/install/ps4_controller/lib/libps4_controller__rosidl_generator_py.so" to ""
[1.817s] -- Installing: /home/franciscoazeredo/OneDrive/Documents/tecnico/4_ano/Robotica/project/ros2_ws/install/ps4_controller/share/ps4_controller/msg/PS4.idl
[1.817s] -- Installing: /home/franciscoazeredo/OneDrive/Documents/tecnico/4_ano/Robotica/project/ros2_ws/install/ps4_controller/share/ps4_controller/msg/PS4.msg
[1.817s] -- Up-to-date: /home/franciscoazeredo/OneDrive/Documents/tecnico/4_ano/Robotica/project/ros2_ws/install/ps4_controller/share/ament_index/resource_index/package_run_dependencies/ps4_controller
[1.817s] -- Installing: /home/franciscoazeredo/OneDrive/Documents/tecnico/4_ano/Robotica/project/ros2_ws/install/ps4_controller/share/ament_index/resource_index/parent_prefix_path/ps4_controller
[1.817s] -- Up-to-date: /home/franciscoazeredo/OneDrive/Documents/tecnico/4_ano/Robotica/project/ros2_ws/install/ps4_controller/share/ps4_controller/environment/ament_prefix_path.sh
[1.817s] -- Installing: /home/franciscoazeredo/OneDrive/Documents/tecnico/4_ano/Robotica/project/ros2_ws/install/ps4_controller/share/ps4_controller/environment/ament_prefix_path.dsv
[1.817s] -- Up-to-date: /home/franciscoazeredo/OneDrive/Documents/tecnico/4_ano/Robotica/project/ros2_ws/install/ps4_controller/share/ps4_controller/environment/path.sh
[1.817s] -- Installing: /home/franciscoazeredo/OneDrive/Documents/tecnico/4_ano/Robotica/project/ros2_ws/install/ps4_controller/share/ps4_controller/environment/path.dsv
[1.817s] -- Up-to-date: /home/franciscoazeredo/OneDrive/Documents/tecnico/4_ano/Robotica/project/ros2_ws/install/ps4_controller/share/ps4_controller/local_setup.bash
[1.818s] -- Up-to-date: /home/franciscoazeredo/OneDrive/Documents/tecnico/4_ano/Robotica/project/ros2_ws/install/ps4_controller/share/ps4_controller/local_setup.sh
[1.818s] -- Up-to-date: /home/franciscoazeredo/OneDrive/Documents/tecnico/4_ano/Robotica/project/ros2_ws/install/ps4_controller/share/ps4_controller/local_setup.zsh
[1.818s] -- Installing: /home/franciscoazeredo/OneDrive/Documents/tecnico/4_ano/Robotica/project/ros2_ws/install/ps4_controller/share/ps4_controller/local_setup.dsv
[1.818s] -- Installing: /home/franciscoazeredo/OneDrive/Documents/tecnico/4_ano/Robotica/project/ros2_ws/install/ps4_controller/share/ps4_controller/package.dsv
[1.818s] -- Up-to-date: /home/franciscoazeredo/OneDrive/Documents/tecnico/4_ano/Robotica/project/ros2_ws/install/ps4_controller/share/ament_index/resource_index/packages/ps4_controller
[1.818s] -- Up-to-date: /home/franciscoazeredo/OneDrive/Documents/tecnico/4_ano/Robotica/project/ros2_ws/install/ps4_controller/share/ps4_controller/cmake/export_ps4_controller__rosidl_generator_cExport.cmake
[1.818s] -- Up-to-date: /home/franciscoazeredo/OneDrive/Documents/tecnico/4_ano/Robotica/project/ros2_ws/install/ps4_controller/share/ps4_controller/cmake/export_ps4_controller__rosidl_generator_cExport-noconfig.cmake
[1.818s] -- Up-to-date: /home/franciscoazeredo/OneDrive/Documents/tecnico/4_ano/Robotica/project/ros2_ws/install/ps4_controller/share/ps4_controller/cmake/export_ps4_controller__rosidl_typesupport_fastrtps_cExport.cmake
[1.818s] -- Up-to-date: /home/franciscoazeredo/OneDrive/Documents/tecnico/4_ano/Robotica/project/ros2_ws/install/ps4_controller/share/ps4_controller/cmake/export_ps4_controller__rosidl_typesupport_fastrtps_cExport-noconfig.cmake
[1.818s] -- Up-to-date: /home/franciscoazeredo/OneDrive/Documents/tecnico/4_ano/Robotica/project/ros2_ws/install/ps4_controller/share/ps4_controller/cmake/ps4_controller__rosidl_typesupport_introspection_cExport.cmake
[1.818s] -- Up-to-date: /home/franciscoazeredo/OneDrive/Documents/tecnico/4_ano/Robotica/project/ros2_ws/install/ps4_controller/share/ps4_controller/cmake/ps4_controller__rosidl_typesupport_introspection_cExport-noconfig.cmake
[1.818s] -- Up-to-date: /home/franciscoazeredo/OneDrive/Documents/tecnico/4_ano/Robotica/project/ros2_ws/install/ps4_controller/share/ps4_controller/cmake/ps4_controller__rosidl_typesupport_cExport.cmake
[1.818s] -- Up-to-date: /home/franciscoazeredo/OneDrive/Documents/tecnico/4_ano/Robotica/project/ros2_ws/install/ps4_controller/share/ps4_controller/cmake/ps4_controller__rosidl_typesupport_cExport-noconfig.cmake
[1.818s] -- Up-to-date: /home/franciscoazeredo/OneDrive/Documents/tecnico/4_ano/Robotica/project/ros2_ws/install/ps4_controller/share/ps4_controller/cmake/export_ps4_controller__rosidl_generator_cppExport.cmake
[1.818s] -- Up-to-date: /home/franciscoazeredo/OneDrive/Documents/tecnico/4_ano/Robotica/project/ros2_ws/install/ps4_controller/share/ps4_controller/cmake/export_ps4_controller__rosidl_typesupport_fastrtps_cppExport.cmake
[1.818s] -- Up-to-date: /home/franciscoazeredo/OneDrive/Documents/tecnico/4_ano/Robotica/project/ros2_ws/install/ps4_controller/share/ps4_controller/cmake/export_ps4_controller__rosidl_typesupport_fastrtps_cppExport-noconfig.cmake
[1.818s] -- Up-to-date: /home/franciscoazeredo/OneDrive/Documents/tecnico/4_ano/Robotica/project/ros2_ws/install/ps4_controller/share/ps4_controller/cmake/ps4_controller__rosidl_typesupport_introspection_cppExport.cmake
[1.819s] -- Up-to-date: /home/franciscoazeredo/OneDrive/Documents/tecnico/4_ano/Robotica/project/ros2_ws/install/ps4_controller/share/ps4_controller/cmake/ps4_controller__rosidl_typesupport_introspection_cppExport-noconfig.cmake
[1.819s] -- Up-to-date: /home/franciscoazeredo/OneDrive/Documents/tecnico/4_ano/Robotica/project/ros2_ws/install/ps4_controller/share/ps4_controller/cmake/ps4_controller__rosidl_typesupport_cppExport.cmake
[1.819s] -- Up-to-date: /home/franciscoazeredo/OneDrive/Documents/tecnico/4_ano/Robotica/project/ros2_ws/install/ps4_controller/share/ps4_controller/cmake/ps4_controller__rosidl_typesupport_cppExport-noconfig.cmake
[1.819s] -- Up-to-date: /home/franciscoazeredo/OneDrive/Documents/tecnico/4_ano/Robotica/project/ros2_ws/install/ps4_controller/share/ps4_controller/cmake/export_ps4_controller__rosidl_generator_pyExport.cmake
[1.819s] -- Up-to-date: /home/franciscoazeredo/OneDrive/Documents/tecnico/4_ano/Robotica/project/ros2_ws/install/ps4_controller/share/ps4_controller/cmake/export_ps4_controller__rosidl_generator_pyExport-noconfig.cmake
[1.819s] -- Up-to-date: /home/franciscoazeredo/OneDrive/Documents/tecnico/4_ano/Robotica/project/ros2_ws/install/ps4_controller/share/ps4_controller/cmake/rosidl_cmake-extras.cmake
[1.819s] -- Up-to-date: /home/franciscoazeredo/OneDrive/Documents/tecnico/4_ano/Robotica/project/ros2_ws/install/ps4_controller/share/ps4_controller/cmake/ament_cmake_export_include_directories-extras.cmake
[1.819s] -- Up-to-date: /home/franciscoazeredo/OneDrive/Documents/tecnico/4_ano/Robotica/project/ros2_ws/install/ps4_controller/share/ps4_controller/cmake/ament_cmake_export_libraries-extras.cmake
[1.819s] -- Up-to-date: /home/franciscoazeredo/OneDrive/Documents/tecnico/4_ano/Robotica/project/ros2_ws/install/ps4_controller/share/ps4_controller/cmake/ament_cmake_export_targets-extras.cmake
[1.819s] -- Up-to-date: /home/franciscoazeredo/OneDrive/Documents/tecnico/4_ano/Robotica/project/ros2_ws/install/ps4_controller/share/ps4_controller/cmake/rosidl_cmake_export_typesupport_targets-extras.cmake
[1.819s] -- Up-to-date: /home/franciscoazeredo/OneDrive/Documents/tecnico/4_ano/Robotica/project/ros2_ws/install/ps4_controller/share/ps4_controller/cmake/ament_cmake_export_dependencies-extras.cmake
[1.819s] -- Up-to-date: /home/franciscoazeredo/OneDrive/Documents/tecnico/4_ano/Robotica/project/ros2_ws/install/ps4_controller/share/ps4_controller/cmake/rosidl_cmake_export_typesupport_libraries-extras.cmake
[1.819s] -- Up-to-date: /home/franciscoazeredo/OneDrive/Documents/tecnico/4_ano/Robotica/project/ros2_ws/install/ps4_controller/share/ps4_controller/cmake/ps4_controllerConfig.cmake
[1.819s] -- Up-to-date: /home/franciscoazeredo/OneDrive/Documents/tecnico/4_ano/Robotica/project/ros2_ws/install/ps4_controller/share/ps4_controller/cmake/ps4_controllerConfig-version.cmake
[1.819s] -- Up-to-date: /home/franciscoazeredo/OneDrive/Documents/tecnico/4_ano/Robotica/project/ros2_ws/install/ps4_controller/share/ps4_controller/package.xml
[1.820s] Invoked command in '/home/franciscoazeredo/OneDrive/Documents/tecnico/4_ano/Robotica/project/ros2_ws/build/ps4_controller' returned '0': CMAKE_PREFIX_PATH=${CMAKE_PREFIX_PATH}:/home/franciscoazeredo/OneDrive/Documents/tecnico/4_ano/Robotica/project/ros2_ws/install/robotics_controller:/opt/ros/iron:/opt/ros/humble /usr/bin/cmake --install /home/franciscoazeredo/OneDrive/Documents/tecnico/4_ano/Robotica/project/ros2_ws/build/ps4_controller
